<?xml version="1.0" encoding="UTF-8"?>
<testsuites name="healthcare-tests - TS_RegressionTest" time="365.679" tests="23" failures="2" errors="1">
   <testsuite name="healthcare-tests - TS_RegressionTest" tests="23" failures="2" errors="1" time="365.679" skipped="0" timestamp="2022-02-18 14:41:55" hostname="LENOVO - DESKTOP-TMI6UL6" id="Test Suites/healthcare-tests - TS_RegressionTest">
      <properties>
         <property name="deviceName" value=""/>
         <property name="devicePlatform" value=""/>
         <property name="logFolder" value="C:\\Users\\LENOVO\\git\\CrossCountryKatalon\\Reports\\20220218_144152\\healthcare-tests - TS_RegressionTest\\20220218_144152"/>
         <property name="logFiles" value="C:\\Users\\LENOVO\\git\\CrossCountryKatalon\\Reports\\20220218_144152\\healthcare-tests - TS_RegressionTest\\20220218_144152\\execution0.log"/>
         <property name="attachments" value="keyes\keyes-login page.png, keyes\keyes-appointment page.png, keyes\keyes-booked appointment.png, C:\\Users\\LENOVO\\git\\CrossCountryKatalon\\Reports\\20220218_144152\\healthcare-tests - TS_RegressionTest\\20220218_144152\\1645175550441.png, C:\\Users\\LENOVO\\git\\CrossCountryKatalon\\Reports\\20220218_144152\\healthcare-tests - TS_RegressionTest\\20220218_144152\\1645175567439.png, C:\\Users\\LENOVO\\git\\CrossCountryKatalon\\Reports\\20220218_144152\\healthcare-tests - TS_RegressionTest\\20220218_144152\\1645175807283.png, C:\\Users\\LENOVO\\git\\CrossCountryKatalon\\Reports\\20220218_144152\\healthcare-tests - TS_RegressionTest\\20220218_144152\\1645175807416.png, C:\\Users\\LENOVO\\git\\CrossCountryKatalon\\Reports\\20220218_144152\\healthcare-tests - TS_RegressionTest\\20220218_144152\\1645175836879.png"/>
         <property name="hostName" value="LENOVO - DESKTOP-TMI6UL6"/>
         <property name="os" value="Windows 10 64bit"/>
         <property name="katalonVersion" value="8.2.5.208"/>
         <property name="browser" value="Chrome 98.0.4758.102"/>
         <property name="hostAddress" value="192.168.29.241"/>
         <property name="sessionId" value="10dbbfaf9c0f4de7c64af157e04c6b4e"/>
         <property name="seleniumVersion" value="3.141.59"/>
         <property name="proxyInformation" value="ProxyInformation { proxyOption=NO_PROXY, proxyServerType=HTTP, username=, password=********, proxyServerAddress=, proxyServerPort=0, executionList=&quot;&quot;, isApplyToDesiredCapabilities=true }"/>
         <property name="platform" value="Windows 10"/>
      </properties>
      <testcase name="Test Cases/Main Test Cases/TC1_Verify Successful Login" time="13.021" classname="Test Cases/Main Test Cases/TC1_Verify Successful Login" status="PASSED">
         <system-out><![CDATA[2022-02-18 14:41:56 - [TEST_CASE][PASSED] - Test Cases/Main Test Cases/TC1_Verify Successful Login: Test Cases/Main Test Cases/TC1_Verify Successful Login

2022-02-18 14:41:57 - [TEST_STEP][PASSED] - comment("Story: Login to CURA system"): Story: Login to CURA system

2022-02-18 14:41:57 - [MESSAGE][INFO] - Story: Login to CURA system

2022-02-18 14:41:57 - [TEST_STEP][PASSED] - comment("Given that the user has the valid login information"): Given that the user has the valid login information

2022-02-18 14:41:57 - [MESSAGE][INFO] - Given that the user has the valid login information

2022-02-18 14:41:57 - [TEST_STEP][PASSED] - openBrowser(G_SiteURL): Browser is opened with url: 'http://demoaut.katalon.com'

2022-02-18 14:41:58 - [MESSAGE][INFO] - Starting 'Chrome' driver

2022-02-18 14:41:58 - [MESSAGE][INFO] - Action delay is set to 0 milliseconds

2022-02-18 14:42:03 - [MESSAGE][PASSED] - Browser is opened with url: 'http://demoaut.katalon.com'

2022-02-18 14:42:03 - [TEST_STEP][PASSED] - click(findTestObject("Page_CuraHomepage/btn_MakeAppointment")): Object: 'Object Repository/Page_CuraHomepage/btn_MakeAppointment' is clicked on

2022-02-18 14:42:05 - [MESSAGE][PASSED] - Object: 'Object Repository/Page_CuraHomepage/btn_MakeAppointment' is clicked on

2022-02-18 14:42:05 - [TEST_STEP][PASSED] - setText(findTestObject("Page_Login/txt_UserName"), Username): Text 'John Doe' is set on object 'Object Repository/Page_Login/txt_UserName'

2022-02-18 14:42:06 - [MESSAGE][PASSED] - Text 'John Doe' is set on object 'Object Repository/Page_Login/txt_UserName'

2022-02-18 14:42:06 - [TEST_STEP][PASSED] - setText(findTestObject("Page_Login/txt_Password"), Password): Text 'ThisIsNotAPassword' is set on object 'Object Repository/Page_Login/txt_Password'

2022-02-18 14:42:06 - [MESSAGE][PASSED] - Text 'ThisIsNotAPassword' is set on object 'Object Repository/Page_Login/txt_Password'

2022-02-18 14:42:06 - [TEST_STEP][PASSED] - comment("When he logins to CURA system"): When he logins to CURA system

2022-02-18 14:42:06 - [MESSAGE][INFO] - When he logins to CURA system

2022-02-18 14:42:06 - [TEST_STEP][PASSED] - click(findTestObject("Page_Login/btn_Login")): Object: 'Object Repository/Page_Login/btn_Login' is clicked on

2022-02-18 14:42:08 - [MESSAGE][PASSED] - Object: 'Object Repository/Page_Login/btn_Login' is clicked on

2022-02-18 14:42:08 - [TEST_STEP][PASSED] - comment("Then he should be able to login successfully"): Then he should be able to login successfully

2022-02-18 14:42:08 - [MESSAGE][INFO] - Then he should be able to login successfully

2022-02-18 14:42:08 - [TEST_STEP][PASSED] - landingPage = verifyElementPresent(findTestObject("Page_CuraAppointment/div_Appointment"), G_Timeout): Object 'Object Repository/Page_CuraAppointment/div_Appointment' is present

2022-02-18 14:42:08 - [MESSAGE][PASSED] - Object 'Object Repository/Page_CuraAppointment/div_Appointment' is present

2022-02-18 14:42:08 - [TEST_STEP][PASSED] - closeBrowser(): Browser is closed

2022-02-18 14:42:09 - [MESSAGE][PASSED] - Browser is closed]]></system-out>
         <system-err><![CDATA[]]></system-err>
      </testcase>
      <testcase name="Test Cases/Main Test Cases/TC3_Visual Testing Example" time="22.296" classname="Test Cases/Main Test Cases/TC3_Visual Testing Example" status="PASSED">
         <system-out><![CDATA[2022-02-18 14:42:09 - [TEST_CASE][PASSED] - Test Cases/Main Test Cases/TC3_Visual Testing Example: Test Cases/Main Test Cases/TC3_Visual Testing Example

2022-02-18 14:42:10 - [TEST_STEP][PASSED] - comment("Story: Book an appointment"): Story: Book an appointment

2022-02-18 14:42:10 - [MESSAGE][INFO] - Story: Book an appointment

2022-02-18 14:42:10 - [TEST_STEP][PASSED] - comment("Given that the user has logged into their account"): Given that the user has logged into their account

2022-02-18 14:42:10 - [MESSAGE][INFO] - Given that the user has logged into their account

2022-02-18 14:42:10 - [TEST_STEP][PASSED] - openBrowser(G_SiteURL): Browser is opened with url: 'http://demoaut.katalon.com'

2022-02-18 14:42:10 - [MESSAGE][INFO] - Starting 'Chrome' driver

2022-02-18 14:42:10 - [MESSAGE][INFO] - Action delay is set to 0 milliseconds

2022-02-18 14:42:14 - [MESSAGE][PASSED] - Browser is opened with url: 'http://demoaut.katalon.com'

2022-02-18 14:42:14 - [TEST_STEP][PASSED] - takeScreenshotAsCheckpoint("login page"): Taking screenshot successfully

2022-02-18 14:42:15 - [MESSAGE][INFO] - 0 hidden object(s)

2022-02-18 14:42:15 - [MESSAGE][PASSED] - Taking screenshot successfully
[[ATTACHMENT|keyes\keyes-login page.png]]

2022-02-18 14:42:15 - [TEST_STEP][PASSED] - callTestCase(findTestCase("Common Test Cases/Login"), ["Username":"John Doe", "Password":"ThisIsNotAPassword"], STOP_ON_FAILURE): Call Test Case 'Test Cases/Common Test Cases/Login' successfully

2022-02-18 14:42:15 - [TEST_CASE][PASSED] - Test Cases/Common Test Cases/Login: Test Cases/Common Test Cases/Login

2022-02-18 14:42:16 - [TEST_STEP][PASSED] - click(findTestObject("Page_CuraHomepage/btn_MakeAppointment")): Object: 'Object Repository/Page_CuraHomepage/btn_MakeAppointment' is clicked on

2022-02-18 14:42:17 - [MESSAGE][PASSED] - Object: 'Object Repository/Page_CuraHomepage/btn_MakeAppointment' is clicked on

2022-02-18 14:42:17 - [TEST_STEP][PASSED] - setText(findTestObject("Page_Login/txt_UserName"), Username): Text 'John Doe' is set on object 'Object Repository/Page_Login/txt_UserName'

2022-02-18 14:42:18 - [MESSAGE][PASSED] - Text 'John Doe' is set on object 'Object Repository/Page_Login/txt_UserName'

2022-02-18 14:42:18 - [TEST_STEP][PASSED] - setText(findTestObject("Page_Login/txt_Password"), Password): Text 'ThisIsNotAPassword' is set on object 'Object Repository/Page_Login/txt_Password'

2022-02-18 14:42:19 - [MESSAGE][PASSED] - Text 'ThisIsNotAPassword' is set on object 'Object Repository/Page_Login/txt_Password'

2022-02-18 14:42:19 - [TEST_STEP][PASSED] - click(findTestObject("Page_Login/btn_Login")): Object: 'Object Repository/Page_Login/btn_Login' is clicked on

2022-02-18 14:42:20 - [MESSAGE][PASSED] - Object: 'Object Repository/Page_Login/btn_Login' is clicked on

2022-02-18 14:42:20 - [TEST_STEP][PASSED] - landingPage = verifyElementPresent(findTestObject("Page_CuraAppointment/div_Appointment"), G_Timeout): Object 'Object Repository/Page_CuraAppointment/div_Appointment' is present

2022-02-18 14:42:20 - [MESSAGE][PASSED] - Object 'Object Repository/Page_CuraAppointment/div_Appointment' is present

2022-02-18 14:42:20 - [MESSAGE][PASSED] - Call Test Case 'Test Cases/Common Test Cases/Login' successfully

2022-02-18 14:42:20 - [TEST_STEP][PASSED] - comment("And Appointment page is displayed"): And Appointment page is displayed

2022-02-18 14:42:20 - [MESSAGE][INFO] - And Appointment page is displayed

2022-02-18 14:42:20 - [TEST_STEP][PASSED] - if (true): Text 'Please make appointment as soon as possible.' is set on object 'Object Repository/Page_CuraAppointment/txt_Comment'

2022-02-18 14:42:20 - [TEST_STEP][PASSED] - takeScreenshotAsCheckpoint("appointment page"): Taking screenshot successfully

2022-02-18 14:42:21 - [MESSAGE][INFO] - 0 hidden object(s)

2022-02-18 14:42:21 - [MESSAGE][PASSED] - Taking screenshot successfully
[[ATTACHMENT|keyes\keyes-appointment page.png]]

2022-02-18 14:42:21 - [TEST_STEP][PASSED] - selectOptionByLabel(findTestObject("Page_CuraAppointment/lst_Facility"), "Hongkong CURA Healthcare Center", false): All options with label 'Hongkong CURA Healthcare Center' are selected in object 'Object Repository/Page_CuraAppointment/lst_Facility' 

2022-02-18 14:42:21 - [MESSAGE][PASSED] - All options with label 'Hongkong CURA Healthcare Center' are selected in object 'Object Repository/Page_CuraAppointment/lst_Facility' 

2022-02-18 14:42:21 - [TEST_STEP][PASSED] - check(findTestObject("Page_CuraAppointment/chk_Medicaid")): Object 'Object Repository/Page_CuraAppointment/chk_Medicaid' is checked

2022-02-18 14:42:22 - [MESSAGE][PASSED] - Object 'Object Repository/Page_CuraAppointment/chk_Medicaid' is checked

2022-02-18 14:42:22 - [TEST_STEP][PASSED] - check(findTestObject("Page_CuraAppointment/chk_Readmission")): Object 'Object Repository/Page_CuraAppointment/chk_Readmission' is checked

2022-02-18 14:42:22 - [MESSAGE][PASSED] - Object 'Object Repository/Page_CuraAppointment/chk_Readmission' is checked

2022-02-18 14:42:22 - [TEST_STEP][PASSED] - setText(findTestObject("Page_CuraAppointment/txt_VisitDate"), "27/12/2016"): Text '27/12/2016' is set on object 'Object Repository/Page_CuraAppointment/txt_VisitDate'

2022-02-18 14:42:23 - [MESSAGE][PASSED] - Text '27/12/2016' is set on object 'Object Repository/Page_CuraAppointment/txt_VisitDate'

2022-02-18 14:42:23 - [TEST_STEP][PASSED] - setText(findTestObject("Page_CuraAppointment/txt_Comment"), "Please make appointment as soon as possible."): Text 'Please make appointment as soon as possible.' is set on object 'Object Repository/Page_CuraAppointment/txt_Comment'

2022-02-18 14:42:24 - [MESSAGE][PASSED] - Text 'Please make appointment as soon as possible.' is set on object 'Object Repository/Page_CuraAppointment/txt_Comment'

2022-02-18 14:42:24 - [TEST_STEP][PASSED] - comment("When he fills in valid information in Appointment page"): When he fills in valid information in Appointment page

2022-02-18 14:42:24 - [MESSAGE][INFO] - When he fills in valid information in Appointment page

2022-02-18 14:42:24 - [TEST_STEP][PASSED] - click(findTestObject("Page_CuraAppointment/btn_BookAppointment")): Object: 'Object Repository/Page_CuraAppointment/btn_BookAppointment' is clicked on

2022-02-18 14:42:25 - [MESSAGE][PASSED] - Object: 'Object Repository/Page_CuraAppointment/btn_BookAppointment' is clicked on

2022-02-18 14:42:25 - [TEST_STEP][PASSED] - verifyTextPresent("Appointment Confirmation", false): Text 'Appointment Confirmation' is present on page 

2022-02-18 14:42:26 - [MESSAGE][PASSED] - Text 'Appointment Confirmation' is present on page 

2022-02-18 14:42:26 - [TEST_STEP][PASSED] - comment("Then he should be able to book a new appointment"): Then he should be able to book a new appointment

2022-02-18 14:42:26 - [MESSAGE][INFO] - Then he should be able to book a new appointment

2022-02-18 14:42:26 - [TEST_STEP][PASSED] - if (true): Actual text 'Please make appointment as soon as possible.' and expected text 'Please make appointment as soon as possible.' are matched 

2022-02-18 14:42:26 - [TEST_STEP][PASSED] - takeFullPageScreenshotAsCheckpoint("booked appointment", [findTestObject("Page_AppointmentConfirmation/lbl_VisitDate")]): Taking screenshot successfully

2022-02-18 14:42:26 - [MESSAGE][WARNING] - Timeout '0' is invalid. Using default page load timeout: '30'

2022-02-18 14:42:26 - [MESSAGE][INFO] - 1 hidden object(s)

2022-02-18 14:42:27 - [MESSAGE][INFO] - 0 hidden object(s)

2022-02-18 14:42:28 - [MESSAGE][PASSED] - Taking screenshot successfully
[[ATTACHMENT|keyes\keyes-booked appointment.png]]

2022-02-18 14:42:28 - [TEST_STEP][PASSED] - verifyMatch("Hongkong CURA Healthcare Center", getText(findTestObject("Page_AppointmentConfirmation/lbl_Facility")), false): Actual text 'Hongkong CURA Healthcare Center' and expected text 'Hongkong CURA Healthcare Center' are matched 

2022-02-18 14:42:28 - [MESSAGE][PASSED] - Text of object 'Object Repository/Page_AppointmentConfirmation/lbl_Facility' is: 'Hongkong CURA Healthcare Center'

2022-02-18 14:42:28 - [MESSAGE][PASSED] - Actual text 'Hongkong CURA Healthcare Center' and expected text 'Hongkong CURA Healthcare Center' are matched 

2022-02-18 14:42:28 - [TEST_STEP][PASSED] - verifyMatch("Yes", getText(findTestObject("Page_AppointmentConfirmation/lbl_HospitalReadmission")), false): Actual text 'Yes' and expected text 'Yes' are matched 

2022-02-18 14:42:28 - [MESSAGE][PASSED] - Text of object 'Object Repository/Page_AppointmentConfirmation/lbl_HospitalReadmission' is: 'Yes'

2022-02-18 14:42:28 - [MESSAGE][PASSED] - Actual text 'Yes' and expected text 'Yes' are matched 

2022-02-18 14:42:28 - [TEST_STEP][PASSED] - verifyMatch("Medicaid", getText(findTestObject("Page_AppointmentConfirmation/lbl_Program")), false): Actual text 'Medicaid' and expected text 'Medicaid' are matched 

2022-02-18 14:42:29 - [MESSAGE][PASSED] - Text of object 'Object Repository/Page_AppointmentConfirmation/lbl_Program' is: 'Medicaid'

2022-02-18 14:42:29 - [MESSAGE][PASSED] - Actual text 'Medicaid' and expected text 'Medicaid' are matched 

2022-02-18 14:42:29 - [TEST_STEP][PASSED] - verifyMatch("27/12/2016", getText(findTestObject("Page_AppointmentConfirmation/lbl_VisitDate")), false): Actual text '27/12/2016' and expected text '27/12/2016' are matched 

2022-02-18 14:42:29 - [MESSAGE][PASSED] - Text of object 'Object Repository/Page_AppointmentConfirmation/lbl_VisitDate' is: '27/12/2016'

2022-02-18 14:42:29 - [MESSAGE][PASSED] - Actual text '27/12/2016' and expected text '27/12/2016' are matched 

2022-02-18 14:42:29 - [TEST_STEP][PASSED] - verifyMatch("Please make appointment as soon as possible.", getText(findTestObject("Page_AppointmentConfirmation/lbl_Comment")), false): Actual text 'Please make appointment as soon as possible.' and expected text 'Please make appointment as soon as possible.' are matched 

2022-02-18 14:42:30 - [MESSAGE][PASSED] - Text of object 'Object Repository/Page_AppointmentConfirmation/lbl_Comment' is: 'Please make appointment as soon as possible.'

2022-02-18 14:42:30 - [MESSAGE][PASSED] - Actual text 'Please make appointment as soon as possible.' and expected text 'Please make appointment as soon as possible.' are matched 

2022-02-18 14:42:30 - [TEST_STEP][PASSED] - takeScreenshot(): Taking screenshot successfully

2022-02-18 14:42:30 - [MESSAGE][PASSED] - Taking screenshot successfully
[[ATTACHMENT|C:\\Users\\LENOVO\\git\\CrossCountryKatalon\\Reports\\20220218_144152\\healthcare-tests - TS_RegressionTest\\20220218_144152\\1645175550441.png]]

2022-02-18 14:42:30 - [TEST_STEP][PASSED] - closeBrowser(): Browser is closed

2022-02-18 14:42:31 - [MESSAGE][PASSED] - Browser is closed]]></system-out>
         <system-err><![CDATA[]]></system-err>
      </testcase>
      <testcase name="Test Cases/Main Test Cases/TC2_Verify Successful Appointment" time="16.547" classname="Test Cases/Main Test Cases/TC2_Verify Successful Appointment" status="PASSED">
         <system-out><![CDATA[2022-02-18 14:42:31 - [TEST_CASE][PASSED] - Test Cases/Main Test Cases/TC2_Verify Successful Appointment: Test Cases/Main Test Cases/TC2_Verify Successful Appointment

2022-02-18 14:42:32 - [TEST_STEP][PASSED] - comment("Story: Book an appointment"): Story: Book an appointment

2022-02-18 14:42:32 - [MESSAGE][INFO] - Story: Book an appointment

2022-02-18 14:42:32 - [TEST_STEP][PASSED] - comment("Given that the user has logged into their account"): Given that the user has logged into their account

2022-02-18 14:42:32 - [MESSAGE][INFO] - Given that the user has logged into their account

2022-02-18 14:42:32 - [TEST_STEP][PASSED] - openBrowser(G_SiteURL): Browser is opened with url: 'http://demoaut.katalon.com'

2022-02-18 14:42:32 - [MESSAGE][INFO] - Starting 'Chrome' driver

2022-02-18 14:42:32 - [MESSAGE][INFO] - Action delay is set to 0 milliseconds

2022-02-18 14:42:36 - [MESSAGE][PASSED] - Browser is opened with url: 'http://demoaut.katalon.com'

2022-02-18 14:42:36 - [TEST_STEP][PASSED] - callTestCase(findTestCase("Common Test Cases/Login"), ["Username":"John Doe", "Password":"ThisIsNotAPassword"], STOP_ON_FAILURE): Call Test Case 'Test Cases/Common Test Cases/Login' successfully

2022-02-18 14:42:36 - [TEST_CASE][PASSED] - Test Cases/Common Test Cases/Login: Test Cases/Common Test Cases/Login

2022-02-18 14:42:36 - [TEST_STEP][PASSED] - click(findTestObject("Page_CuraHomepage/btn_MakeAppointment")): Object: 'Object Repository/Page_CuraHomepage/btn_MakeAppointment' is clicked on

2022-02-18 14:42:37 - [MESSAGE][PASSED] - Object: 'Object Repository/Page_CuraHomepage/btn_MakeAppointment' is clicked on

2022-02-18 14:42:37 - [TEST_STEP][PASSED] - setText(findTestObject("Page_Login/txt_UserName"), Username): Text 'John Doe' is set on object 'Object Repository/Page_Login/txt_UserName'

2022-02-18 14:42:38 - [MESSAGE][PASSED] - Text 'John Doe' is set on object 'Object Repository/Page_Login/txt_UserName'

2022-02-18 14:42:38 - [TEST_STEP][PASSED] - setText(findTestObject("Page_Login/txt_Password"), Password): Text 'ThisIsNotAPassword' is set on object 'Object Repository/Page_Login/txt_Password'

2022-02-18 14:42:39 - [MESSAGE][PASSED] - Text 'ThisIsNotAPassword' is set on object 'Object Repository/Page_Login/txt_Password'

2022-02-18 14:42:39 - [TEST_STEP][PASSED] - click(findTestObject("Page_Login/btn_Login")): Object: 'Object Repository/Page_Login/btn_Login' is clicked on

2022-02-18 14:42:40 - [MESSAGE][PASSED] - Object: 'Object Repository/Page_Login/btn_Login' is clicked on

2022-02-18 14:42:40 - [TEST_STEP][PASSED] - landingPage = verifyElementPresent(findTestObject("Page_CuraAppointment/div_Appointment"), G_Timeout): Object 'Object Repository/Page_CuraAppointment/div_Appointment' is present

2022-02-18 14:42:40 - [MESSAGE][PASSED] - Object 'Object Repository/Page_CuraAppointment/div_Appointment' is present

2022-02-18 14:42:40 - [MESSAGE][PASSED] - Call Test Case 'Test Cases/Common Test Cases/Login' successfully

2022-02-18 14:42:40 - [TEST_STEP][PASSED] - comment("And Appointment page is displayed"): And Appointment page is displayed

2022-02-18 14:42:40 - [MESSAGE][INFO] - And Appointment page is displayed

2022-02-18 14:42:40 - [TEST_STEP][PASSED] - if (true): Text 'Please make appointment as soon as possible.' is set on object 'Object Repository/Page_CuraAppointment/txt_Comment'

2022-02-18 14:42:40 - [TEST_STEP][PASSED] - selectOptionByLabel(findTestObject("Page_CuraAppointment/lst_Facility"), "Hongkong CURA Healthcare Center", false): All options with label 'Hongkong CURA Healthcare Center' are selected in object 'Object Repository/Page_CuraAppointment/lst_Facility' 

2022-02-18 14:42:41 - [MESSAGE][PASSED] - All options with label 'Hongkong CURA Healthcare Center' are selected in object 'Object Repository/Page_CuraAppointment/lst_Facility' 

2022-02-18 14:42:41 - [TEST_STEP][PASSED] - check(findTestObject("Page_CuraAppointment/chk_Medicaid")): Object 'Object Repository/Page_CuraAppointment/chk_Medicaid' is checked

2022-02-18 14:42:41 - [MESSAGE][PASSED] - Object 'Object Repository/Page_CuraAppointment/chk_Medicaid' is checked

2022-02-18 14:42:41 - [TEST_STEP][PASSED] - check(findTestObject("Page_CuraAppointment/chk_Readmission")): Object 'Object Repository/Page_CuraAppointment/chk_Readmission' is checked

2022-02-18 14:42:42 - [MESSAGE][PASSED] - Object 'Object Repository/Page_CuraAppointment/chk_Readmission' is checked

2022-02-18 14:42:42 - [TEST_STEP][PASSED] - setText(findTestObject("Page_CuraAppointment/txt_VisitDate"), "27/12/2016"): Text '27/12/2016' is set on object 'Object Repository/Page_CuraAppointment/txt_VisitDate'

2022-02-18 14:42:43 - [MESSAGE][PASSED] - Text '27/12/2016' is set on object 'Object Repository/Page_CuraAppointment/txt_VisitDate'

2022-02-18 14:42:43 - [TEST_STEP][PASSED] - setText(findTestObject("Page_CuraAppointment/txt_Comment"), "Please make appointment as soon as possible."): Text 'Please make appointment as soon as possible.' is set on object 'Object Repository/Page_CuraAppointment/txt_Comment'

2022-02-18 14:42:44 - [MESSAGE][PASSED] - Text 'Please make appointment as soon as possible.' is set on object 'Object Repository/Page_CuraAppointment/txt_Comment'

2022-02-18 14:42:44 - [TEST_STEP][PASSED] - comment("When he fills in valid information in Appointment page"): When he fills in valid information in Appointment page

2022-02-18 14:42:44 - [MESSAGE][INFO] - When he fills in valid information in Appointment page

2022-02-18 14:42:44 - [TEST_STEP][PASSED] - click(findTestObject("Page_CuraAppointment/btn_BookAppointment")): Object: 'Object Repository/Page_CuraAppointment/btn_BookAppointment' is clicked on

2022-02-18 14:42:44 - [MESSAGE][PASSED] - Object: 'Object Repository/Page_CuraAppointment/btn_BookAppointment' is clicked on

2022-02-18 14:42:44 - [TEST_STEP][PASSED] - verifyTextPresent("Appointment Confirmation", false): Text 'Appointment Confirmation' is present on page 

2022-02-18 14:42:45 - [MESSAGE][PASSED] - Text 'Appointment Confirmation' is present on page 

2022-02-18 14:42:45 - [TEST_STEP][PASSED] - comment("Then he should be able to book a new appointment"): Then he should be able to book a new appointment

2022-02-18 14:42:45 - [MESSAGE][INFO] - Then he should be able to book a new appointment

2022-02-18 14:42:45 - [TEST_STEP][PASSED] - if (true): Actual text 'Please make appointment as soon as possible.' and expected text 'Please make appointment as soon as possible.' are matched 

2022-02-18 14:42:45 - [TEST_STEP][PASSED] - verifyMatch("Hongkong CURA Healthcare Center", getText(findTestObject("Page_AppointmentConfirmation/lbl_Facility")), false): Actual text 'Hongkong CURA Healthcare Center' and expected text 'Hongkong CURA Healthcare Center' are matched 

2022-02-18 14:42:45 - [MESSAGE][PASSED] - Text of object 'Object Repository/Page_AppointmentConfirmation/lbl_Facility' is: 'Hongkong CURA Healthcare Center'

2022-02-18 14:42:45 - [MESSAGE][PASSED] - Actual text 'Hongkong CURA Healthcare Center' and expected text 'Hongkong CURA Healthcare Center' are matched 

2022-02-18 14:42:45 - [TEST_STEP][PASSED] - verifyMatch("Yes", getText(findTestObject("Page_AppointmentConfirmation/lbl_HospitalReadmission")), false): Actual text 'Yes' and expected text 'Yes' are matched 

2022-02-18 14:42:46 - [MESSAGE][PASSED] - Text of object 'Object Repository/Page_AppointmentConfirmation/lbl_HospitalReadmission' is: 'Yes'

2022-02-18 14:42:46 - [MESSAGE][PASSED] - Actual text 'Yes' and expected text 'Yes' are matched 

2022-02-18 14:42:46 - [TEST_STEP][PASSED] - verifyMatch("Medicaid", getText(findTestObject("Page_AppointmentConfirmation/lbl_Program")), false): Actual text 'Medicaid' and expected text 'Medicaid' are matched 

2022-02-18 14:42:46 - [MESSAGE][PASSED] - Text of object 'Object Repository/Page_AppointmentConfirmation/lbl_Program' is: 'Medicaid'

2022-02-18 14:42:46 - [MESSAGE][PASSED] - Actual text 'Medicaid' and expected text 'Medicaid' are matched 

2022-02-18 14:42:46 - [TEST_STEP][PASSED] - verifyMatch("27/12/2016", getText(findTestObject("Page_AppointmentConfirmation/lbl_VisitDate")), false): Actual text '27/12/2016' and expected text '27/12/2016' are matched 

2022-02-18 14:42:46 - [MESSAGE][PASSED] - Text of object 'Object Repository/Page_AppointmentConfirmation/lbl_VisitDate' is: '27/12/2016'

2022-02-18 14:42:46 - [MESSAGE][PASSED] - Actual text '27/12/2016' and expected text '27/12/2016' are matched 

2022-02-18 14:42:46 - [TEST_STEP][PASSED] - verifyMatch("Please make appointment as soon as possible.", getText(findTestObject("Page_AppointmentConfirmation/lbl_Comment")), false): Actual text 'Please make appointment as soon as possible.' and expected text 'Please make appointment as soon as possible.' are matched 

2022-02-18 14:42:47 - [MESSAGE][PASSED] - Text of object 'Object Repository/Page_AppointmentConfirmation/lbl_Comment' is: 'Please make appointment as soon as possible.'

2022-02-18 14:42:47 - [MESSAGE][PASSED] - Actual text 'Please make appointment as soon as possible.' and expected text 'Please make appointment as soon as possible.' are matched 

2022-02-18 14:42:47 - [TEST_STEP][PASSED] - takeScreenshot(): Taking screenshot successfully

2022-02-18 14:42:47 - [MESSAGE][PASSED] - Taking screenshot successfully
[[ATTACHMENT|C:\\Users\\LENOVO\\git\\CrossCountryKatalon\\Reports\\20220218_144152\\healthcare-tests - TS_RegressionTest\\20220218_144152\\1645175567439.png]]

2022-02-18 14:42:47 - [TEST_STEP][PASSED] - closeBrowser(): Browser is closed

2022-02-18 14:42:48 - [MESSAGE][PASSED] - Browser is closed]]></system-out>
         <system-err><![CDATA[]]></system-err>
      </testcase>
      <testcase name="Test Cases/Main Test Cases/TC104_Verify Social icon facebook is displayed on Home page" time="10.081" classname="Test Cases/Main Test Cases/TC104_Verify Social icon facebook is displayed on Home page" status="PASSED">
         <system-out><![CDATA[2022-02-18 14:42:48 - [TEST_CASE][PASSED] - Test Cases/Main Test Cases/TC104_Verify Social icon facebook is displayed on Home page: Test Cases/Main Test Cases/TC104_Verify Social icon facebook is displayed on Home page

2022-02-18 14:42:48 - [TEST_STEP][PASSED] - comment("Story: Display of Social icons on home page"): Story: Display of Social icons on home page

2022-02-18 14:42:48 - [MESSAGE][INFO] - Story: Display of Social icons on home page

2022-02-18 14:42:48 - [TEST_STEP][PASSED] - openBrowser(findTestData("TestData").getValue(1, 1)): Browser is opened with url: 'https://katalon-demo-cura.herokuapp.com/'

2022-02-18 14:42:49 - [MESSAGE][INFO] - Starting 'Chrome' driver

2022-02-18 14:42:49 - [MESSAGE][INFO] - Action delay is set to 0 milliseconds

2022-02-18 14:42:53 - [MESSAGE][PASSED] - Browser is opened with url: 'https://katalon-demo-cura.herokuapp.com/'

2022-02-18 14:42:53 - [TEST_STEP][PASSED] - click(findTestObject("Page_CURA Healthcare Service/a_Make Appointment")): Object: 'Object Repository/Page_CURA Healthcare Service/a_Make Appointment' is clicked on

2022-02-18 14:42:54 - [MESSAGE][PASSED] - Object: 'Object Repository/Page_CURA Healthcare Service/a_Make Appointment' is clicked on

2022-02-18 14:42:54 - [TEST_STEP][PASSED] - setText(findTestObject("Page_Login/txt_UserName"), findTestData("TestData").getValue(2, 1)): Text 'John Doe' is set on object 'Object Repository/Page_Login/txt_UserName'

2022-02-18 14:42:55 - [MESSAGE][PASSED] - Text 'John Doe' is set on object 'Object Repository/Page_Login/txt_UserName'

2022-02-18 14:42:55 - [TEST_STEP][PASSED] - setText(findTestObject("Page_Login/txt_Password"), findTestData("TestData").getValue(3, 1)): Text 'ThisIsNotAPassword' is set on object 'Object Repository/Page_Login/txt_Password'

2022-02-18 14:42:56 - [MESSAGE][PASSED] - Text 'ThisIsNotAPassword' is set on object 'Object Repository/Page_Login/txt_Password'

2022-02-18 14:42:56 - [TEST_STEP][PASSED] - click(findTestObject("Page_Login/btn_Login")): Object: 'Object Repository/Page_Login/btn_Login' is clicked on

2022-02-18 14:42:57 - [MESSAGE][PASSED] - Object: 'Object Repository/Page_Login/btn_Login' is clicked on

2022-02-18 14:42:57 - [TEST_STEP][PASSED] - scrollToElement(findTestObject("Page_CURA Healthcare Service/i_infokatalon.com_fa fa-facebook fa-fw fa-3x"), 0): Scroll to object 'Object Repository/Page_CURA Healthcare Service/i_infokatalon.com_fa fa-facebook fa-fw fa-3x' successfully

2022-02-18 14:42:57 - [MESSAGE][WARNING] - Timeout '0' is invalid. Using default page load timeout: '30'

2022-02-18 14:42:57 - [MESSAGE][PASSED] - Scroll to object 'Object Repository/Page_CURA Healthcare Service/i_infokatalon.com_fa fa-facebook fa-fw fa-3x' successfully

2022-02-18 14:42:57 - [TEST_STEP][PASSED] - comment("Scrolling to the Required Element"): Scrolling to the Required Element

2022-02-18 14:42:57 - [MESSAGE][INFO] - Scrolling to the Required Element

2022-02-18 14:42:57 - [TEST_STEP][PASSED] - enableSmartWait(): null

2022-02-18 14:42:57 - [TEST_STEP][PASSED] - closeBrowser(): Browser is closed

2022-02-18 14:42:58 - [MESSAGE][PASSED] - Browser is closed]]></system-out>
         <system-err><![CDATA[]]></system-err>
      </testcase>
      <testcase name="Test Cases/Main Test Cases/TC105_Verify the Facility Dropdown is Functional" time="10.928" classname="Test Cases/Main Test Cases/TC105_Verify the Facility Dropdown is Functional" status="PASSED">
         <system-out><![CDATA[2022-02-18 14:42:58 - [TEST_CASE][PASSED] - Test Cases/Main Test Cases/TC105_Verify the Facility Dropdown is Functional: Test Cases/Main Test Cases/TC105_Verify the Facility Dropdown is Functional

2022-02-18 14:42:58 - [TEST_STEP][PASSED] - comment("Checking facility dropdown is functional"): Checking facility dropdown is functional

2022-02-18 14:42:58 - [MESSAGE][INFO] - Checking facility dropdown is functional

2022-02-18 14:42:58 - [TEST_STEP][PASSED] - openBrowser(G_SiteURL): Browser is opened with url: 'http://demoaut.katalon.com'

2022-02-18 14:42:58 - [MESSAGE][INFO] - Starting 'Chrome' driver

2022-02-18 14:42:58 - [MESSAGE][INFO] - Action delay is set to 0 milliseconds

2022-02-18 14:43:03 - [MESSAGE][PASSED] - Browser is opened with url: 'http://demoaut.katalon.com'

2022-02-18 14:43:03 - [TEST_STEP][PASSED] - maximizeWindow(): Current window maximized

2022-02-18 14:43:03 - [MESSAGE][PASSED] - Current window maximized

2022-02-18 14:43:03 - [TEST_STEP][PASSED] - click(findTestObject("Page_CURA Healthcare Service/a_Make Appointment")): Object: 'Object Repository/Page_CURA Healthcare Service/a_Make Appointment' is clicked on

2022-02-18 14:43:04 - [MESSAGE][PASSED] - Object: 'Object Repository/Page_CURA Healthcare Service/a_Make Appointment' is clicked on

2022-02-18 14:43:04 - [TEST_STEP][PASSED] - setText(findTestObject("Page_Login/txt_UserName"), findTestData("TestData").getValue(2, 1)): Text 'John Doe' is set on object 'Object Repository/Page_Login/txt_UserName'

2022-02-18 14:43:05 - [MESSAGE][PASSED] - Text 'John Doe' is set on object 'Object Repository/Page_Login/txt_UserName'

2022-02-18 14:43:05 - [TEST_STEP][PASSED] - setText(findTestObject("Page_Login/txt_Password"), findTestData("TestData").getValue(3, 1)): Text 'ThisIsNotAPassword' is set on object 'Object Repository/Page_Login/txt_Password'

2022-02-18 14:43:06 - [MESSAGE][PASSED] - Text 'ThisIsNotAPassword' is set on object 'Object Repository/Page_Login/txt_Password'

2022-02-18 14:43:06 - [TEST_STEP][PASSED] - click(findTestObject("Page_Login/btn_Login")): Object: 'Object Repository/Page_Login/btn_Login' is clicked on

2022-02-18 14:43:07 - [MESSAGE][PASSED] - Object: 'Object Repository/Page_Login/btn_Login' is clicked on

2022-02-18 14:43:07 - [TEST_STEP][PASSED] - click(findTestObject("Page_CURA Healthcare Service/select_Tokyo CURA Healthcare Center                            Hongkong CURA Healthcare Center                            Seoul CURA Healthcare Center")): Object: 'Object Repository/Page_CURA Healthcare Service/select_Tokyo CURA Healthcare Center                            Hongkong CURA Healthcare Center                            Seoul CURA Healthcare Center' is clicked on

2022-02-18 14:43:07 - [MESSAGE][PASSED] - Object: 'Object Repository/Page_CURA Healthcare Service/select_Tokyo CURA Healthcare Center                            Hongkong CURA Healthcare Center                            Seoul CURA Healthcare Center' is clicked on

2022-02-18 14:43:07 - [TEST_STEP][PASSED] - verifyElementPresent(findTestObject("Page_CURA Healthcare Service/select_Tokyo CURA Healthcare Center                            Hongkong CURA Healthcare Center                            Seoul CURA Healthcare Center"), 0): Object 'Object Repository/Page_CURA Healthcare Service/select_Tokyo CURA Healthcare Center                            Hongkong CURA Healthcare Center                            Seoul CURA Healthcare Center' is present

2022-02-18 14:43:07 - [MESSAGE][WARNING] - Timeout '0' is invalid. Using default page load timeout: '30'

2022-02-18 14:43:08 - [MESSAGE][PASSED] - Object 'Object Repository/Page_CURA Healthcare Service/select_Tokyo CURA Healthcare Center                            Hongkong CURA Healthcare Center                            Seoul CURA Healthcare Center' is present

2022-02-18 14:43:08 - [TEST_STEP][PASSED] - closeBrowser(): Browser is closed

2022-02-18 14:43:09 - [MESSAGE][PASSED] - Browser is closed]]></system-out>
         <system-err><![CDATA[]]></system-err>
      </testcase>
      <testcase name="Test Cases/Main Test Cases/TC106_Verify the Book Appointment is functional" time="13.203" classname="Test Cases/Main Test Cases/TC106_Verify the Book Appointment is functional" status="PASSED">
         <system-out><![CDATA[2022-02-18 14:43:09 - [TEST_CASE][PASSED] - Test Cases/Main Test Cases/TC106_Verify the Book Appointment is functional: Test Cases/Main Test Cases/TC106_Verify the Book Appointment is functional

2022-02-18 14:43:09 - [TEST_STEP][PASSED] - comment("Checking functionality of Book Appointment."): Checking functionality of Book Appointment.

2022-02-18 14:43:09 - [MESSAGE][INFO] - Checking functionality of Book Appointment.

2022-02-18 14:43:09 - [TEST_STEP][PASSED] - openBrowser(G_SiteURL): Browser is opened with url: 'http://demoaut.katalon.com'

2022-02-18 14:43:09 - [MESSAGE][INFO] - Starting 'Chrome' driver

2022-02-18 14:43:09 - [MESSAGE][INFO] - Action delay is set to 0 milliseconds

2022-02-18 14:43:14 - [MESSAGE][PASSED] - Browser is opened with url: 'http://demoaut.katalon.com'

2022-02-18 14:43:14 - [TEST_STEP][PASSED] - click(findTestObject("Page_CURA Healthcare Service/a_Make Appointment")): Object: 'Object Repository/Page_CURA Healthcare Service/a_Make Appointment' is clicked on

2022-02-18 14:43:15 - [MESSAGE][PASSED] - Object: 'Object Repository/Page_CURA Healthcare Service/a_Make Appointment' is clicked on

2022-02-18 14:43:15 - [TEST_STEP][PASSED] - setText(findTestObject("Page_Login/txt_UserName"), findTestData("TestData").getValue(2, 1)): Text 'John Doe' is set on object 'Object Repository/Page_Login/txt_UserName'

2022-02-18 14:43:16 - [MESSAGE][PASSED] - Text 'John Doe' is set on object 'Object Repository/Page_Login/txt_UserName'

2022-02-18 14:43:16 - [TEST_STEP][PASSED] - setText(findTestObject("Page_Login/txt_Password"), findTestData("TestData").getValue(3, 1)): Text 'ThisIsNotAPassword' is set on object 'Object Repository/Page_Login/txt_Password'

2022-02-18 14:43:17 - [MESSAGE][PASSED] - Text 'ThisIsNotAPassword' is set on object 'Object Repository/Page_Login/txt_Password'

2022-02-18 14:43:17 - [TEST_STEP][PASSED] - click(findTestObject("Page_Login/btn_Login")): Object: 'Object Repository/Page_Login/btn_Login' is clicked on

2022-02-18 14:43:18 - [MESSAGE][PASSED] - Object: 'Object Repository/Page_Login/btn_Login' is clicked on

2022-02-18 14:43:18 - [TEST_STEP][PASSED] - click(findTestObject("Page_AppointmentConfirmation/input_Visit Date (Required)_visit_date")): Object: 'Object Repository/Page_AppointmentConfirmation/input_Visit Date (Required)_visit_date' is clicked on

2022-02-18 14:43:18 - [MESSAGE][PASSED] - Object: 'Object Repository/Page_AppointmentConfirmation/input_Visit Date (Required)_visit_date' is clicked on

2022-02-18 14:43:18 - [TEST_STEP][PASSED] - click(findTestObject("Page_AppointmentConfirmation/div_Visit Date (Required)_input-group-addon")): Object: 'Object Repository/Page_AppointmentConfirmation/div_Visit Date (Required)_input-group-addon' is clicked on

2022-02-18 14:43:19 - [MESSAGE][PASSED] - Object: 'Object Repository/Page_AppointmentConfirmation/div_Visit Date (Required)_input-group-addon' is clicked on

2022-02-18 14:43:19 - [TEST_STEP][PASSED] - click(findTestObject("Page_CURA Healthcare Service/td_28")): Object: 'Object Repository/Page_CURA Healthcare Service/td_28' is clicked on

2022-02-18 14:43:19 - [MESSAGE][PASSED] - Object: 'Object Repository/Page_CURA Healthcare Service/td_28' is clicked on

2022-02-18 14:43:19 - [TEST_STEP][PASSED] - setText(findTestObject("Page_AppointmentConfirmation/textarea_Comment_comment"), "This is comment while Booking an appointment"): Text 'This is comment while Booking an appointment' is set on object 'Object Repository/Page_AppointmentConfirmation/textarea_Comment_comment'

2022-02-18 14:43:20 - [MESSAGE][PASSED] - Text 'This is comment while Booking an appointment' is set on object 'Object Repository/Page_AppointmentConfirmation/textarea_Comment_comment'

2022-02-18 14:43:20 - [TEST_STEP][PASSED] - click(findTestObject("Page_CURA Healthcare Service/button_Book Appointment")): Object: 'Object Repository/Page_CURA Healthcare Service/button_Book Appointment' is clicked on

2022-02-18 14:43:21 - [MESSAGE][PASSED] - Object: 'Object Repository/Page_CURA Healthcare Service/button_Book Appointment' is clicked on

2022-02-18 14:43:21 - [TEST_STEP][PASSED] - verifyElementPresent(findTestObject("Page_AppointmentConfirmation/h2_Appointment Confirmation"), 0): Object 'Object Repository/Page_AppointmentConfirmation/h2_Appointment Confirmation' is present

2022-02-18 14:43:21 - [MESSAGE][WARNING] - Timeout '0' is invalid. Using default page load timeout: '30'

2022-02-18 14:43:21 - [MESSAGE][PASSED] - Object 'Object Repository/Page_AppointmentConfirmation/h2_Appointment Confirmation' is present

2022-02-18 14:43:21 - [TEST_STEP][PASSED] - closeBrowser(): Browser is closed

2022-02-18 14:43:22 - [MESSAGE][PASSED] - Browser is closed]]></system-out>
         <system-err><![CDATA[]]></system-err>
      </testcase>
      <testcase name="Test Cases/Main Test Cases/TC107_Verify the Go to HomePage functionality on Appointment Confirmation page" time="13.603" classname="Test Cases/Main Test Cases/TC107_Verify the Go to HomePage functionality on Appointment Confirmation page" status="PASSED">
         <system-out><![CDATA[2022-02-18 14:43:22 - [TEST_CASE][PASSED] - Test Cases/Main Test Cases/TC107_Verify the Go to HomePage functionality on Appointment Confirmation page: Test Cases/Main Test Cases/TC107_Verify the Go to HomePage functionality on Appointment Confirmation page

2022-02-18 14:43:22 - [TEST_STEP][PASSED] - comment("Verification of click on Go To Homepage Button on Appointment Page"): Verification of click on Go To Homepage Button on Appointment Page

2022-02-18 14:43:22 - [MESSAGE][INFO] - Verification of click on Go To Homepage Button on Appointment Page

2022-02-18 14:43:22 - [TEST_STEP][PASSED] - openBrowser(G_SiteURL): Browser is opened with url: 'http://demoaut.katalon.com'

2022-02-18 14:43:22 - [MESSAGE][INFO] - Starting 'Chrome' driver

2022-02-18 14:43:22 - [MESSAGE][INFO] - Action delay is set to 0 milliseconds

2022-02-18 14:43:27 - [MESSAGE][PASSED] - Browser is opened with url: 'http://demoaut.katalon.com'

2022-02-18 14:43:27 - [TEST_STEP][PASSED] - comment("You are now Home Page of Cura HealthCare System"): You are now Home Page of Cura HealthCare System

2022-02-18 14:43:27 - [MESSAGE][INFO] - You are now Home Page of Cura HealthCare System

2022-02-18 14:43:27 - [TEST_STEP][PASSED] - click(findTestObject("Page_CURA Healthcare Service/a_Make Appointment")): Object: 'Object Repository/Page_CURA Healthcare Service/a_Make Appointment' is clicked on

2022-02-18 14:43:28 - [MESSAGE][PASSED] - Object: 'Object Repository/Page_CURA Healthcare Service/a_Make Appointment' is clicked on

2022-02-18 14:43:28 - [TEST_STEP][PASSED] - comment("User is On Login Page Now"): User is On Login Page Now

2022-02-18 14:43:28 - [MESSAGE][INFO] - User is On Login Page Now

2022-02-18 14:43:28 - [TEST_STEP][PASSED] - setText(findTestObject("Page_Login/txt_UserName"), findTestData("TestData").getValue(2, 1)): Text 'John Doe' is set on object 'Object Repository/Page_Login/txt_UserName'

2022-02-18 14:43:29 - [MESSAGE][PASSED] - Text 'John Doe' is set on object 'Object Repository/Page_Login/txt_UserName'

2022-02-18 14:43:29 - [TEST_STEP][PASSED] - setText(findTestObject("Page_Login/txt_Password"), findTestData("TestData").getValue(3, 1)): Text 'ThisIsNotAPassword' is set on object 'Object Repository/Page_Login/txt_Password'

2022-02-18 14:43:30 - [MESSAGE][PASSED] - Text 'ThisIsNotAPassword' is set on object 'Object Repository/Page_Login/txt_Password'

2022-02-18 14:43:30 - [TEST_STEP][PASSED] - click(findTestObject("Page_Login/btn_Login")): Object: 'Object Repository/Page_Login/btn_Login' is clicked on

2022-02-18 14:43:31 - [MESSAGE][PASSED] - Object: 'Object Repository/Page_Login/btn_Login' is clicked on

2022-02-18 14:43:31 - [TEST_STEP][PASSED] - click(findTestObject("Page_AppointmentConfirmation/input_Visit Date (Required)_visit_date")): Object: 'Object Repository/Page_AppointmentConfirmation/input_Visit Date (Required)_visit_date' is clicked on

2022-02-18 14:43:31 - [MESSAGE][PASSED] - Object: 'Object Repository/Page_AppointmentConfirmation/input_Visit Date (Required)_visit_date' is clicked on

2022-02-18 14:43:31 - [TEST_STEP][PASSED] - click(findTestObject("Page_AppointmentConfirmation/div_Visit Date (Required)_input-group-addon")): Object: 'Object Repository/Page_AppointmentConfirmation/div_Visit Date (Required)_input-group-addon' is clicked on

2022-02-18 14:43:32 - [MESSAGE][PASSED] - Object: 'Object Repository/Page_AppointmentConfirmation/div_Visit Date (Required)_input-group-addon' is clicked on

2022-02-18 14:43:32 - [TEST_STEP][PASSED] - click(findTestObject("Page_AppointmentConfirmation/td_28")): Object: 'Object Repository/Page_AppointmentConfirmation/td_28' is clicked on

2022-02-18 14:43:32 - [MESSAGE][PASSED] - Object: 'Object Repository/Page_AppointmentConfirmation/td_28' is clicked on

2022-02-18 14:43:32 - [TEST_STEP][PASSED] - click(findTestObject("Page_CURA Healthcare Service/button_Book Appointment")): Object: 'Object Repository/Page_CURA Healthcare Service/button_Book Appointment' is clicked on

2022-02-18 14:43:33 - [MESSAGE][PASSED] - Object: 'Object Repository/Page_CURA Healthcare Service/button_Book Appointment' is clicked on

2022-02-18 14:43:33 - [TEST_STEP][PASSED] - verifyElementPresent(findTestObject("Page_AppointmentConfirmation/h2_Appointment Confirmation"), 0): Object 'Object Repository/Page_AppointmentConfirmation/h2_Appointment Confirmation' is present

2022-02-18 14:43:33 - [MESSAGE][WARNING] - Timeout '0' is invalid. Using default page load timeout: '30'

2022-02-18 14:43:33 - [MESSAGE][PASSED] - Object 'Object Repository/Page_AppointmentConfirmation/h2_Appointment Confirmation' is present

2022-02-18 14:43:33 - [TEST_STEP][PASSED] - verifyElementPresent(findTestObject("Page_AppointmentConfirmation/a_Go to Homepage"), 0): Object 'Object Repository/Page_AppointmentConfirmation/a_Go to Homepage' is present

2022-02-18 14:43:33 - [MESSAGE][WARNING] - Timeout '0' is invalid. Using default page load timeout: '30'

2022-02-18 14:43:34 - [MESSAGE][PASSED] - Object 'Object Repository/Page_AppointmentConfirmation/a_Go to Homepage' is present

2022-02-18 14:43:34 - [TEST_STEP][PASSED] - comment("Go To Hmepage option is displayed on page"): Go To Hmepage option is displayed on page

2022-02-18 14:43:34 - [MESSAGE][INFO] - Go To Hmepage option is displayed on page

2022-02-18 14:43:34 - [TEST_STEP][PASSED] - click(findTestObject("Page_AppointmentConfirmation/a_Go to Homepage")): Object: 'Object Repository/Page_AppointmentConfirmation/a_Go to Homepage' is clicked on

2022-02-18 14:43:34 - [MESSAGE][PASSED] - Object: 'Object Repository/Page_AppointmentConfirmation/a_Go to Homepage' is clicked on

2022-02-18 14:43:34 - [TEST_STEP][PASSED] - verifyElementPresent(findTestObject("Page_AppointmentConfirmation/a_Make Appointment"), 0): Object 'Object Repository/Page_AppointmentConfirmation/a_Make Appointment' is present

2022-02-18 14:43:35 - [MESSAGE][WARNING] - Timeout '0' is invalid. Using default page load timeout: '30'

2022-02-18 14:43:35 - [MESSAGE][PASSED] - Object 'Object Repository/Page_AppointmentConfirmation/a_Make Appointment' is present

2022-02-18 14:43:35 - [TEST_STEP][PASSED] - comment("User Navigated to the Home Page after click on Go to Homepage"): User Navigated to the Home Page after click on Go to Homepage

2022-02-18 14:43:35 - [MESSAGE][INFO] - User Navigated to the Home Page after click on Go to Homepage

2022-02-18 14:43:35 - [TEST_STEP][PASSED] - closeBrowser(): Browser is closed

2022-02-18 14:43:36 - [MESSAGE][PASSED] - Browser is closed]]></system-out>
         <system-err><![CDATA[]]></system-err>
      </testcase>
      <testcase name="Test Cases/Main Test Cases/TC108_Verify the History functionality from Hamburger Menu" time="11.84" classname="Test Cases/Main Test Cases/TC108_Verify the History functionality from Hamburger Menu" status="PASSED">
         <system-out><![CDATA[2022-02-18 14:43:36 - [TEST_CASE][PASSED] - Test Cases/Main Test Cases/TC108_Verify the History functionality from Hamburger Menu: Test Cases/Main Test Cases/TC108_Verify the History functionality from Hamburger Menu

2022-02-18 14:43:36 - [TEST_STEP][PASSED] - comment("Verification of Functionality of History from Hamburger Menu"): Verification of Functionality of History from Hamburger Menu

2022-02-18 14:43:36 - [MESSAGE][INFO] - Verification of Functionality of History from Hamburger Menu

2022-02-18 14:43:36 - [TEST_STEP][PASSED] - openBrowser(G_SiteURL): Browser is opened with url: 'http://demoaut.katalon.com'

2022-02-18 14:43:36 - [MESSAGE][INFO] - Starting 'Chrome' driver

2022-02-18 14:43:36 - [MESSAGE][INFO] - Action delay is set to 0 milliseconds

2022-02-18 14:43:41 - [MESSAGE][PASSED] - Browser is opened with url: 'http://demoaut.katalon.com'

2022-02-18 14:43:41 - [TEST_STEP][PASSED] - maximizeWindow(): Current window maximized

2022-02-18 14:43:41 - [MESSAGE][PASSED] - Current window maximized

2022-02-18 14:43:41 - [TEST_STEP][PASSED] - click(findTestObject("Page_CURA Healthcare Service/a_Make Appointment")): Object: 'Object Repository/Page_CURA Healthcare Service/a_Make Appointment' is clicked on

2022-02-18 14:43:42 - [MESSAGE][PASSED] - Object: 'Object Repository/Page_CURA Healthcare Service/a_Make Appointment' is clicked on

2022-02-18 14:43:42 - [TEST_STEP][PASSED] - setText(findTestObject("Page_Login/txt_UserName"), findTestData("TestData").getValue(2, 1)): Text 'John Doe' is set on object 'Object Repository/Page_Login/txt_UserName'

2022-02-18 14:43:43 - [MESSAGE][PASSED] - Text 'John Doe' is set on object 'Object Repository/Page_Login/txt_UserName'

2022-02-18 14:43:43 - [TEST_STEP][PASSED] - setText(findTestObject("Page_Login/txt_Password"), findTestData("TestData").getValue(3, 1)): Text 'ThisIsNotAPassword' is set on object 'Object Repository/Page_Login/txt_Password'

2022-02-18 14:43:44 - [MESSAGE][PASSED] - Text 'ThisIsNotAPassword' is set on object 'Object Repository/Page_Login/txt_Password'

2022-02-18 14:43:44 - [TEST_STEP][PASSED] - click(findTestObject("Page_Login/btn_Login")): Object: 'Object Repository/Page_Login/btn_Login' is clicked on

2022-02-18 14:43:45 - [MESSAGE][PASSED] - Object: 'Object Repository/Page_Login/btn_Login' is clicked on

2022-02-18 14:43:45 - [TEST_STEP][PASSED] - click(findTestObject("Page_AppointmentConfirmation/a_CURA Healthcare_menu-toggle")): Object: 'Object Repository/Page_AppointmentConfirmation/a_CURA Healthcare_menu-toggle' is clicked on

2022-02-18 14:43:45 - [MESSAGE][PASSED] - Object: 'Object Repository/Page_AppointmentConfirmation/a_CURA Healthcare_menu-toggle' is clicked on

2022-02-18 14:43:45 - [TEST_STEP][PASSED] - comment("Clicked on Hamburgur menu"): Clicked on Hamburgur menu

2022-02-18 14:43:45 - [MESSAGE][INFO] - Clicked on Hamburgur menu

2022-02-18 14:43:45 - [TEST_STEP][PASSED] - click(findTestObject("Page_CuraHomepage/a_History")): Object: 'Object Repository/Page_CuraHomepage/a_History' is clicked on

2022-02-18 14:43:46 - [MESSAGE][PASSED] - Object: 'Object Repository/Page_CuraHomepage/a_History' is clicked on

2022-02-18 14:43:46 - [TEST_STEP][PASSED] - verifyElementPresent(findTestObject("Page_CURA Healthcare Service/h2_History"), 0): Object 'Object Repository/Page_CURA Healthcare Service/h2_History' is present

2022-02-18 14:43:46 - [MESSAGE][WARNING] - Timeout '0' is invalid. Using default page load timeout: '30'

2022-02-18 14:43:46 - [MESSAGE][PASSED] - Object 'Object Repository/Page_CURA Healthcare Service/h2_History' is present

2022-02-18 14:43:46 - [TEST_STEP][PASSED] - closeBrowser(): Browser is closed

2022-02-18 14:43:47 - [MESSAGE][PASSED] - Browser is closed]]></system-out>
         <system-err><![CDATA[]]></system-err>
      </testcase>
      <testcase name="Test Cases/Main Test Cases/TC109_Verify the Profile functionality from Hamburger Menu" time="11.951" classname="Test Cases/Main Test Cases/TC109_Verify the Profile functionality from Hamburger Menu" status="PASSED">
         <system-out><![CDATA[2022-02-18 14:43:47 - [TEST_CASE][PASSED] - Test Cases/Main Test Cases/TC109_Verify the Profile functionality from Hamburger Menu: Test Cases/Main Test Cases/TC109_Verify the Profile functionality from Hamburger Menu

2022-02-18 14:43:48 - [TEST_STEP][PASSED] - openBrowser(G_SiteURL): Browser is opened with url: 'http://demoaut.katalon.com'

2022-02-18 14:43:48 - [MESSAGE][INFO] - Starting 'Chrome' driver

2022-02-18 14:43:48 - [MESSAGE][INFO] - Action delay is set to 0 milliseconds

2022-02-18 14:43:52 - [MESSAGE][PASSED] - Browser is opened with url: 'http://demoaut.katalon.com'

2022-02-18 14:43:52 - [TEST_STEP][PASSED] - click(findTestObject("Page_CURA Healthcare Service/a_Make Appointment")): Object: 'Object Repository/Page_CURA Healthcare Service/a_Make Appointment' is clicked on

2022-02-18 14:43:53 - [MESSAGE][PASSED] - Object: 'Object Repository/Page_CURA Healthcare Service/a_Make Appointment' is clicked on

2022-02-18 14:43:53 - [TEST_STEP][PASSED] - setText(findTestObject("Page_Login/txt_UserName"), findTestData("TestData").getValue(2, 1)): Text 'John Doe' is set on object 'Object Repository/Page_Login/txt_UserName'

2022-02-18 14:43:54 - [MESSAGE][PASSED] - Text 'John Doe' is set on object 'Object Repository/Page_Login/txt_UserName'

2022-02-18 14:43:54 - [TEST_STEP][PASSED] - setText(findTestObject("Page_Login/txt_Password"), findTestData("TestData").getValue(3, 1)): Text 'ThisIsNotAPassword' is set on object 'Object Repository/Page_Login/txt_Password'

2022-02-18 14:43:55 - [MESSAGE][PASSED] - Text 'ThisIsNotAPassword' is set on object 'Object Repository/Page_Login/txt_Password'

2022-02-18 14:43:55 - [TEST_STEP][PASSED] - click(findTestObject("Page_Login/btn_Login")): Object: 'Object Repository/Page_Login/btn_Login' is clicked on

2022-02-18 14:43:56 - [MESSAGE][PASSED] - Object: 'Object Repository/Page_Login/btn_Login' is clicked on

2022-02-18 14:43:56 - [TEST_STEP][PASSED] - verifyElementPresent(findTestObject("Page_AppointmentConfirmation/a_CURA Healthcare_menu-toggle"), 0): Object 'Object Repository/Page_AppointmentConfirmation/a_CURA Healthcare_menu-toggle' is present

2022-02-18 14:43:56 - [MESSAGE][WARNING] - Timeout '0' is invalid. Using default page load timeout: '30'

2022-02-18 14:43:57 - [MESSAGE][PASSED] - Object 'Object Repository/Page_AppointmentConfirmation/a_CURA Healthcare_menu-toggle' is present

2022-02-18 14:43:57 - [TEST_STEP][PASSED] - click(findTestObject("Page_AppointmentConfirmation/a_CURA Healthcare_menu-toggle")): Object: 'Object Repository/Page_AppointmentConfirmation/a_CURA Healthcare_menu-toggle' is clicked on

2022-02-18 14:43:57 - [MESSAGE][PASSED] - Object: 'Object Repository/Page_AppointmentConfirmation/a_CURA Healthcare_menu-toggle' is clicked on

2022-02-18 14:43:57 - [TEST_STEP][PASSED] - verifyElementPresent(findTestObject("Page_CURA Healthcare Service/a_Profile"), 0): Object 'Object Repository/Page_CURA Healthcare Service/a_Profile' is present

2022-02-18 14:43:57 - [MESSAGE][WARNING] - Timeout '0' is invalid. Using default page load timeout: '30'

2022-02-18 14:43:58 - [MESSAGE][PASSED] - Object 'Object Repository/Page_CURA Healthcare Service/a_Profile' is present

2022-02-18 14:43:58 - [TEST_STEP][PASSED] - click(findTestObject("Page_CURA Healthcare Service/a_Profile")): Object: 'Object Repository/Page_CURA Healthcare Service/a_Profile' is clicked on

2022-02-18 14:43:58 - [MESSAGE][PASSED] - Object: 'Object Repository/Page_CURA Healthcare Service/a_Profile' is clicked on

2022-02-18 14:43:58 - [TEST_STEP][PASSED] - verifyElementPresent(findTestObject("Page_CURA Healthcare Service/h2_Profile"), 0): Object 'Object Repository/Page_CURA Healthcare Service/h2_Profile' is present

2022-02-18 14:43:58 - [MESSAGE][WARNING] - Timeout '0' is invalid. Using default page load timeout: '30'

2022-02-18 14:43:59 - [MESSAGE][PASSED] - Object 'Object Repository/Page_CURA Healthcare Service/h2_Profile' is present

2022-02-18 14:43:59 - [TEST_STEP][PASSED] - comment("Profile Page get displayed after click on Profile option From Hamburger Menu"): Profile Page get displayed after click on Profile option From Hamburger Menu

2022-02-18 14:43:59 - [MESSAGE][INFO] - Profile Page get displayed after click on Profile option From Hamburger Menu

2022-02-18 14:43:59 - [TEST_STEP][PASSED] - closeBrowser(): Browser is closed

2022-02-18 14:43:59 - [MESSAGE][PASSED] - Browser is closed]]></system-out>
         <system-err><![CDATA[]]></system-err>
      </testcase>
      <testcase name="Test Cases/Main Test Cases/TC10_Select Value From Facility DropDown" time="12.109" classname="Test Cases/Main Test Cases/TC10_Select Value From Facility DropDown" status="PASSED">
         <system-out><![CDATA[2022-02-18 14:43:59 - [TEST_CASE][PASSED] - Test Cases/Main Test Cases/TC10_Select Value From Facility DropDown: Test Cases/Main Test Cases/TC10_Select Value From Facility DropDown

2022-02-18 14:44:00 - [TEST_STEP][PASSED] - comment("Launch URL"): Launch URL

2022-02-18 14:44:00 - [MESSAGE][INFO] - Launch URL

2022-02-18 14:44:00 - [TEST_STEP][PASSED] - openBrowser(G_SiteURL): Browser is opened with url: 'http://demoaut.katalon.com'

2022-02-18 14:44:00 - [MESSAGE][INFO] - Starting 'Chrome' driver

2022-02-18 14:44:00 - [MESSAGE][INFO] - Action delay is set to 0 milliseconds

2022-02-18 14:44:04 - [MESSAGE][PASSED] - Browser is opened with url: 'http://demoaut.katalon.com'

2022-02-18 14:44:04 - [TEST_STEP][PASSED] - maximizeWindow(): Current window maximized

2022-02-18 14:44:04 - [MESSAGE][PASSED] - Current window maximized

2022-02-18 14:44:04 - [TEST_STEP][PASSED] - comment("User Click on Make Appoinment button"): User Click on Make Appoinment button

2022-02-18 14:44:04 - [MESSAGE][INFO] - User Click on Make Appoinment button

2022-02-18 14:44:04 - [TEST_STEP][PASSED] - click(findTestObject("Page_CuraHomepage/btn_MakeAppointment")): Object: 'Object Repository/Page_CuraHomepage/btn_MakeAppointment' is clicked on

2022-02-18 14:44:05 - [MESSAGE][PASSED] - Object: 'Object Repository/Page_CuraHomepage/btn_MakeAppointment' is clicked on

2022-02-18 14:44:05 - [TEST_STEP][PASSED] - setText(findTestObject("Page_Login/txt_UserName"), "John Doe"): Text 'John Doe' is set on object 'Object Repository/Page_Login/txt_UserName'

2022-02-18 14:44:06 - [MESSAGE][PASSED] - Text 'John Doe' is set on object 'Object Repository/Page_Login/txt_UserName'

2022-02-18 14:44:06 - [TEST_STEP][PASSED] - setText(findTestObject("Page_Login/txt_Password"), "ThisIsNotAPassword"): Text 'ThisIsNotAPassword' is set on object 'Object Repository/Page_Login/txt_Password'

2022-02-18 14:44:07 - [MESSAGE][PASSED] - Text 'ThisIsNotAPassword' is set on object 'Object Repository/Page_Login/txt_Password'

2022-02-18 14:44:07 - [TEST_STEP][PASSED] - click(findTestObject("Page_Login/btn_Login")): Object: 'Object Repository/Page_Login/btn_Login' is clicked on

2022-02-18 14:44:08 - [MESSAGE][PASSED] - Object: 'Object Repository/Page_Login/btn_Login' is clicked on

2022-02-18 14:44:08 - [TEST_STEP][PASSED] - comment("User Login Sucessfully"): User Login Sucessfully

2022-02-18 14:44:08 - [MESSAGE][INFO] - User Login Sucessfully

2022-02-18 14:44:08 - [TEST_STEP][PASSED] - click(findTestObject("Page_AppointmentConfirmation/a_Make Appointment")): Object: 'Object Repository/Page_AppointmentConfirmation/a_Make Appointment' is clicked on

2022-02-18 14:44:08 - [MESSAGE][PASSED] - Object: 'Object Repository/Page_AppointmentConfirmation/a_Make Appointment' is clicked on

2022-02-18 14:44:08 - [TEST_STEP][PASSED] - comment("User navigate to appoinment Page"): User navigate to appoinment Page

2022-02-18 14:44:08 - [MESSAGE][INFO] - User navigate to appoinment Page

2022-02-18 14:44:08 - [TEST_STEP][PASSED] - click(findTestObject("Page_CuraAppointment/select_")): Object: 'Object Repository/Page_CuraAppointment/select_' is clicked on

2022-02-18 14:44:09 - [MESSAGE][PASSED] - Object: 'Object Repository/Page_CuraAppointment/select_' is clicked on

2022-02-18 14:44:09 - [TEST_STEP][PASSED] - selectOptionByLabel(findTestObject("Page_CuraAppointment/select_"), "Hongkong CURA Healthcare Center", true): All options with label 'Hongkong CURA Healthcare Center' are selected in object 'Object Repository/Page_CuraAppointment/select_'  using regular expression

2022-02-18 14:44:10 - [MESSAGE][PASSED] - All options with label 'Hongkong CURA Healthcare Center' are selected in object 'Object Repository/Page_CuraAppointment/select_'  using regular expression

2022-02-18 14:44:10 - [TEST_STEP][PASSED] - closeBrowser(): Browser is closed

2022-02-18 14:44:12 - [MESSAGE][PASSED] - Browser is closed]]></system-out>
         <system-err><![CDATA[]]></system-err>
      </testcase>
      <testcase name="Test Cases/Main Test Cases/TC110_Verify the Logout Functionality from Hamburger Menu" time="10.234" classname="Test Cases/Main Test Cases/TC110_Verify the Logout Functionality from Hamburger Menu" status="PASSED">
         <system-out><![CDATA[2022-02-18 14:44:12 - [TEST_CASE][PASSED] - Test Cases/Main Test Cases/TC110_Verify the Logout Functionality from Hamburger Menu: Test Cases/Main Test Cases/TC110_Verify the Logout Functionality from Hamburger Menu

2022-02-18 14:44:12 - [TEST_STEP][PASSED] - openBrowser(G_SiteURL): Browser is opened with url: 'http://demoaut.katalon.com'

2022-02-18 14:44:12 - [MESSAGE][INFO] - Starting 'Chrome' driver

2022-02-18 14:44:12 - [MESSAGE][INFO] - Action delay is set to 0 milliseconds

2022-02-18 14:44:16 - [MESSAGE][PASSED] - Browser is opened with url: 'http://demoaut.katalon.com'

2022-02-18 14:44:16 - [TEST_STEP][PASSED] - click(findTestObject("Page_CURA Healthcare Service/a_Make Appointment")): Object: 'Object Repository/Page_CURA Healthcare Service/a_Make Appointment' is clicked on

2022-02-18 14:44:17 - [MESSAGE][PASSED] - Object: 'Object Repository/Page_CURA Healthcare Service/a_Make Appointment' is clicked on

2022-02-18 14:44:17 - [TEST_STEP][PASSED] - setText(findTestObject("Page_Login/txt_UserName"), findTestData("TestData").getValue(2, 1)): Text 'John Doe' is set on object 'Object Repository/Page_Login/txt_UserName'

2022-02-18 14:44:18 - [MESSAGE][PASSED] - Text 'John Doe' is set on object 'Object Repository/Page_Login/txt_UserName'

2022-02-18 14:44:18 - [TEST_STEP][PASSED] - setText(findTestObject("Page_Login/txt_Password"), findTestData("TestData").getValue(3, 1)): Text 'ThisIsNotAPassword' is set on object 'Object Repository/Page_Login/txt_Password'

2022-02-18 14:44:19 - [MESSAGE][PASSED] - Text 'ThisIsNotAPassword' is set on object 'Object Repository/Page_Login/txt_Password'

2022-02-18 14:44:19 - [TEST_STEP][PASSED] - click(findTestObject("Page_Login/btn_Login")): Object: 'Object Repository/Page_Login/btn_Login' is clicked on

2022-02-18 14:44:20 - [MESSAGE][PASSED] - Object: 'Object Repository/Page_Login/btn_Login' is clicked on

2022-02-18 14:44:20 - [TEST_STEP][PASSED] - click(findTestObject("Page_AppointmentConfirmation/a_CURA Healthcare_menu-toggle")): Object: 'Object Repository/Page_AppointmentConfirmation/a_CURA Healthcare_menu-toggle' is clicked on

2022-02-18 14:44:20 - [MESSAGE][PASSED] - Object: 'Object Repository/Page_AppointmentConfirmation/a_CURA Healthcare_menu-toggle' is clicked on

2022-02-18 14:44:20 - [TEST_STEP][PASSED] - click(findTestObject("Page_AppointmentConfirmation/a_Logout")): Object: 'Object Repository/Page_AppointmentConfirmation/a_Logout' is clicked on

2022-02-18 14:44:21 - [MESSAGE][PASSED] - Object: 'Object Repository/Page_AppointmentConfirmation/a_Logout' is clicked on

2022-02-18 14:44:21 - [TEST_STEP][PASSED] - verifyElementPresent(findTestObject("Page_CURA Healthcare Service/a_Make Appointment"), 0): Object 'Object Repository/Page_CURA Healthcare Service/a_Make Appointment' is present

2022-02-18 14:44:22 - [MESSAGE][WARNING] - Timeout '0' is invalid. Using default page load timeout: '30'

2022-02-18 14:44:22 - [MESSAGE][PASSED] - Object 'Object Repository/Page_CURA Healthcare Service/a_Make Appointment' is present]]></system-out>
         <system-err><![CDATA[]]></system-err>
      </testcase>
      <testcase name="Test Cases/Main Test Cases/TC111_Verify the Home functinality from Hamburger Menu" time="11.526" classname="Test Cases/Main Test Cases/TC111_Verify the Home functinality from Hamburger Menu" status="PASSED">
         <system-out><![CDATA[2022-02-18 14:44:22 - [TEST_CASE][PASSED] - Test Cases/Main Test Cases/TC111_Verify the Home functinality from Hamburger Menu: Test Cases/Main Test Cases/TC111_Verify the Home functinality from Hamburger Menu

2022-02-18 14:44:22 - [TEST_STEP][PASSED] - comment(""): 

2022-02-18 14:44:22 - [MESSAGE][INFO] - 

2022-02-18 14:44:22 - [TEST_STEP][PASSED] - openBrowser(G_SiteURL): Browser is opened with url: 'http://demoaut.katalon.com'

2022-02-18 14:44:22 - [MESSAGE][WARNING] - A browser is already opened. Closing browser and opening a new one

2022-02-18 14:44:23 - [MESSAGE][INFO] - Starting 'Chrome' driver

2022-02-18 14:44:23 - [MESSAGE][INFO] - Action delay is set to 0 milliseconds

2022-02-18 14:44:28 - [MESSAGE][PASSED] - Browser is opened with url: 'http://demoaut.katalon.com'

2022-02-18 14:44:28 - [TEST_STEP][PASSED] - click(findTestObject("Page_CURA Healthcare Service/a_Make Appointment")): Object: 'Object Repository/Page_CURA Healthcare Service/a_Make Appointment' is clicked on

2022-02-18 14:44:29 - [MESSAGE][PASSED] - Object: 'Object Repository/Page_CURA Healthcare Service/a_Make Appointment' is clicked on

2022-02-18 14:44:29 - [TEST_STEP][PASSED] - setText(findTestObject("Page_Login/txt_UserName"), findTestData("TestData").getValue(2, 1)): Text 'John Doe' is set on object 'Object Repository/Page_Login/txt_UserName'

2022-02-18 14:44:30 - [MESSAGE][PASSED] - Text 'John Doe' is set on object 'Object Repository/Page_Login/txt_UserName'

2022-02-18 14:44:30 - [TEST_STEP][PASSED] - setText(findTestObject("Page_Login/txt_Password"), findTestData("TestData").getValue(3, 1)): Text 'ThisIsNotAPassword' is set on object 'Object Repository/Page_Login/txt_Password'

2022-02-18 14:44:31 - [MESSAGE][PASSED] - Text 'ThisIsNotAPassword' is set on object 'Object Repository/Page_Login/txt_Password'

2022-02-18 14:44:31 - [TEST_STEP][PASSED] - click(findTestObject("Page_Login/btn_Login")): Object: 'Object Repository/Page_Login/btn_Login' is clicked on

2022-02-18 14:44:32 - [MESSAGE][PASSED] - Object: 'Object Repository/Page_Login/btn_Login' is clicked on

2022-02-18 14:44:32 - [TEST_STEP][PASSED] - click(findTestObject("Page_AppointmentConfirmation/a_CURA Healthcare_menu-toggle")): Object: 'Object Repository/Page_AppointmentConfirmation/a_CURA Healthcare_menu-toggle' is clicked on

2022-02-18 14:44:32 - [MESSAGE][PASSED] - Object: 'Object Repository/Page_AppointmentConfirmation/a_CURA Healthcare_menu-toggle' is clicked on

2022-02-18 14:44:32 - [TEST_STEP][PASSED] - click(findTestObject("Page_AppointmentConfirmation/a_Home")): Object: 'Object Repository/Page_AppointmentConfirmation/a_Home' is clicked on

2022-02-18 14:44:33 - [MESSAGE][PASSED] - Object: 'Object Repository/Page_AppointmentConfirmation/a_Home' is clicked on

2022-02-18 14:44:33 - [TEST_STEP][PASSED] - verifyElementPresent(findTestObject("Page_CURA Healthcare Service/h1_CURA Healthcare Service"), 0): Object 'Object Repository/Page_CURA Healthcare Service/h1_CURA Healthcare Service' is present

2022-02-18 14:44:33 - [MESSAGE][WARNING] - Timeout '0' is invalid. Using default page load timeout: '30'

2022-02-18 14:44:33 - [MESSAGE][PASSED] - Object 'Object Repository/Page_CURA Healthcare Service/h1_CURA Healthcare Service' is present]]></system-out>
         <system-err><![CDATA[]]></system-err>
      </testcase>
      <testcase name="Test Cases/Main Test Cases/TC112_Verify User should not able to select past Date" time="0.694" classname="Test Cases/Main Test Cases/TC112_Verify User should not able to select past Date" status="ERROR">
         <error type="ERROR" message="Test Cases/Main Test Cases/TC112_Verify User should not able to select past Date FAILED.
Reason:
org.codehaus.groovy.control.MultipleCompilationErrorsException: startup failed:
file:/C:/Users/LENOVO/git/CrossCountryKatalon/Scripts/Main%20Test%20Cases/TC112_Verify%20User%20should%20not%20able%20to%20select%20past%20Date/Script1645166010274.groovy: 36: unable to resolve class SimpleDateFormat 
 @ line 36, column 18.
   SimpleDateFormat format = new SimpleDateFormat('yyyy-MM-dd')
                    ^

file:/C:/Users/LENOVO/git/CrossCountryKatalon/Scripts/Main%20Test%20Cases/TC112_Verify%20User%20should%20not%20able%20to%20select%20past%20Date/Script1645166010274.groovy: 36: unable to resolve class SimpleDateFormat 
 @ line 36, column 27.
   SimpleDateFormat format = new SimpleDateFormat('yyyy-MM-dd')
                             ^

2 errors

	at com.kms.katalon.core.main.ScriptEngine.getScript(ScriptEngine.java:199)
	at com.kms.katalon.core.main.ScriptEngine.run(ScriptEngine.java:194)
	at com.kms.katalon.core.main.ScriptEngine.runScriptAsRawText(ScriptEngine.java:119)
	at com.kms.katalon.core.main.TestCaseExecutor.runScript(TestCaseExecutor.java:442)
	at com.kms.katalon.core.main.TestCaseExecutor.doExecute(TestCaseExecutor.java:433)
	at com.kms.katalon.core.main.TestCaseExecutor.processExecutionPhase(TestCaseExecutor.java:412)
	at com.kms.katalon.core.main.TestCaseExecutor.accessMainPhase(TestCaseExecutor.java:404)
	at com.kms.katalon.core.main.TestCaseExecutor.execute(TestCaseExecutor.java:281)
	at com.kms.katalon.core.main.TestSuiteExecutor.accessTestCaseMainPhase(TestSuiteExecutor.java:202)
	at com.kms.katalon.core.main.TestSuiteExecutor.accessTestSuiteMainPhase(TestSuiteExecutor.java:164)
	at com.kms.katalon.core.main.TestSuiteExecutor.execute(TestSuiteExecutor.java:105)
	at com.kms.katalon.core.main.TestCaseMain.startTestSuite(TestCaseMain.java:185)
	at com.kms.katalon.core.main.TestCaseMain$startTestSuite$0.call(Unknown Source)
	at TempTestSuite1645175512093.run(TempTestSuite1645175512093.groovy:36)
"/>
         <system-out><![CDATA[2022-02-18 14:44:33 - [TEST_CASE][ERROR] - Test Cases/Main Test Cases/TC112_Verify User should not able to select past Date: Test Cases/Main Test Cases/TC112_Verify User should not able to select past Date FAILED.
Reason:
org.codehaus.groovy.control.MultipleCompilationErrorsException: startup failed:
file:/C:/Users/LENOVO/git/CrossCountryKatalon/Scripts/Main%20Test%20Cases/TC112_Verify%20User%20should%20not%20able%20to%20select%20past%20Date/Script1645166010274.groovy: 36: unable to resolve class SimpleDateFormat 
 @ line 36, column 18.
   SimpleDateFormat format = new SimpleDateFormat('yyyy-MM-dd')
                    ^

file:/C:/Users/LENOVO/git/CrossCountryKatalon/Scripts/Main%20Test%20Cases/TC112_Verify%20User%20should%20not%20able%20to%20select%20past%20Date/Script1645166010274.groovy: 36: unable to resolve class SimpleDateFormat 
 @ line 36, column 27.
   SimpleDateFormat format = new SimpleDateFormat('yyyy-MM-dd')
                             ^

2 errors

	at com.kms.katalon.core.main.ScriptEngine.getScript(ScriptEngine.java:199)
	at com.kms.katalon.core.main.ScriptEngine.run(ScriptEngine.java:194)
	at com.kms.katalon.core.main.ScriptEngine.runScriptAsRawText(ScriptEngine.java:119)
	at com.kms.katalon.core.main.TestCaseExecutor.runScript(TestCaseExecutor.java:442)
	at com.kms.katalon.core.main.TestCaseExecutor.doExecute(TestCaseExecutor.java:433)
	at com.kms.katalon.core.main.TestCaseExecutor.processExecutionPhase(TestCaseExecutor.java:412)
	at com.kms.katalon.core.main.TestCaseExecutor.accessMainPhase(TestCaseExecutor.java:404)
	at com.kms.katalon.core.main.TestCaseExecutor.execute(TestCaseExecutor.java:281)
	at com.kms.katalon.core.main.TestSuiteExecutor.accessTestCaseMainPhase(TestSuiteExecutor.java:202)
	at com.kms.katalon.core.main.TestSuiteExecutor.accessTestSuiteMainPhase(TestSuiteExecutor.java:164)
	at com.kms.katalon.core.main.TestSuiteExecutor.execute(TestSuiteExecutor.java:105)
	at com.kms.katalon.core.main.TestCaseMain.startTestSuite(TestCaseMain.java:185)
	at com.kms.katalon.core.main.TestCaseMain$startTestSuite$0.call(Unknown Source)
	at TempTestSuite1645175512093.run(TempTestSuite1645175512093.groovy:36)]]></system-out>
         <system-err><![CDATA[2022-02-18 14:44:33 - [TEST_CASE][ERROR] - Test Cases/Main Test Cases/TC112_Verify User should not able to select past Date: Test Cases/Main Test Cases/TC112_Verify User should not able to select past Date FAILED.
Reason:
org.codehaus.groovy.control.MultipleCompilationErrorsException: startup failed:
file:/C:/Users/LENOVO/git/CrossCountryKatalon/Scripts/Main%20Test%20Cases/TC112_Verify%20User%20should%20not%20able%20to%20select%20past%20Date/Script1645166010274.groovy: 36: unable to resolve class SimpleDateFormat 
 @ line 36, column 18.
   SimpleDateFormat format = new SimpleDateFormat('yyyy-MM-dd')
                    ^

file:/C:/Users/LENOVO/git/CrossCountryKatalon/Scripts/Main%20Test%20Cases/TC112_Verify%20User%20should%20not%20able%20to%20select%20past%20Date/Script1645166010274.groovy: 36: unable to resolve class SimpleDateFormat 
 @ line 36, column 27.
   SimpleDateFormat format = new SimpleDateFormat('yyyy-MM-dd')
                             ^

2 errors

	at com.kms.katalon.core.main.ScriptEngine.getScript(ScriptEngine.java:199)
	at com.kms.katalon.core.main.ScriptEngine.run(ScriptEngine.java:194)
	at com.kms.katalon.core.main.ScriptEngine.runScriptAsRawText(ScriptEngine.java:119)
	at com.kms.katalon.core.main.TestCaseExecutor.runScript(TestCaseExecutor.java:442)
	at com.kms.katalon.core.main.TestCaseExecutor.doExecute(TestCaseExecutor.java:433)
	at com.kms.katalon.core.main.TestCaseExecutor.processExecutionPhase(TestCaseExecutor.java:412)
	at com.kms.katalon.core.main.TestCaseExecutor.accessMainPhase(TestCaseExecutor.java:404)
	at com.kms.katalon.core.main.TestCaseExecutor.execute(TestCaseExecutor.java:281)
	at com.kms.katalon.core.main.TestSuiteExecutor.accessTestCaseMainPhase(TestSuiteExecutor.java:202)
	at com.kms.katalon.core.main.TestSuiteExecutor.accessTestSuiteMainPhase(TestSuiteExecutor.java:164)
	at com.kms.katalon.core.main.TestSuiteExecutor.execute(TestSuiteExecutor.java:105)
	at com.kms.katalon.core.main.TestCaseMain.startTestSuite(TestCaseMain.java:185)
	at com.kms.katalon.core.main.TestCaseMain$startTestSuite$0.call(Unknown Source)
	at TempTestSuite1645175512093.run(TempTestSuite1645175512093.groovy:36)]]></system-err>
      </testcase>
      <testcase name="Test Cases/Main Test Cases/TC12__Verify Functionality Of Checkbox Apply For Redmission" time="45.589" classname="Test Cases/Main Test Cases/TC12__Verify Functionality Of Checkbox Apply For Redmission" status="PASSED">
         <system-out><![CDATA[2022-02-18 14:44:34 - [TEST_CASE][PASSED] - Test Cases/Main Test Cases/TC12__Verify Functionality Of Checkbox Apply For Redmission: Test Cases/Main Test Cases/TC12__Verify Functionality Of Checkbox Apply For Redmission

2022-02-18 14:44:35 - [TEST_STEP][PASSED] - comment("Launch URL"): Launch URL

2022-02-18 14:44:35 - [MESSAGE][INFO] - Launch URL

2022-02-18 14:44:35 - [TEST_STEP][PASSED] - openBrowser(G_SiteURL): Browser is opened with url: 'http://demoaut.katalon.com'

2022-02-18 14:44:35 - [MESSAGE][WARNING] - A browser is already opened. Closing browser and opening a new one

2022-02-18 14:44:35 - [MESSAGE][INFO] - Starting 'Chrome' driver

2022-02-18 14:44:35 - [MESSAGE][INFO] - Action delay is set to 0 milliseconds

2022-02-18 14:44:40 - [MESSAGE][PASSED] - Browser is opened with url: 'http://demoaut.katalon.com'

2022-02-18 14:44:40 - [TEST_STEP][PASSED] - maximizeWindow(): Current window maximized

2022-02-18 14:44:40 - [MESSAGE][PASSED] - Current window maximized

2022-02-18 14:44:40 - [TEST_STEP][PASSED] - click(findTestObject("Page_CuraHomepage/btn_MakeAppointment")): Object: 'Object Repository/Page_CuraHomepage/btn_MakeAppointment' is clicked on

2022-02-18 14:44:41 - [MESSAGE][PASSED] - Object: 'Object Repository/Page_CuraHomepage/btn_MakeAppointment' is clicked on

2022-02-18 14:44:41 - [TEST_STEP][PASSED] - comment("User click on Make Appoinment"): User click on Make Appoinment

2022-02-18 14:44:41 - [MESSAGE][INFO] - User click on Make Appoinment

2022-02-18 14:44:41 - [TEST_STEP][PASSED] - setText(findTestObject("Page_Login/txt_UserName"), "John Doe"): Text 'John Doe' is set on object 'Object Repository/Page_Login/txt_UserName'

2022-02-18 14:44:42 - [MESSAGE][PASSED] - Text 'John Doe' is set on object 'Object Repository/Page_Login/txt_UserName'

2022-02-18 14:44:42 - [TEST_STEP][PASSED] - setText(findTestObject("Page_Login/txt_Password"), "ThisIsNotAPassword"): Text 'ThisIsNotAPassword' is set on object 'Object Repository/Page_Login/txt_Password'

2022-02-18 14:44:43 - [MESSAGE][PASSED] - Text 'ThisIsNotAPassword' is set on object 'Object Repository/Page_Login/txt_Password'

2022-02-18 14:44:43 - [TEST_STEP][PASSED] - click(findTestObject("Page_Login/btn_Login")): Object: 'Object Repository/Page_Login/btn_Login' is clicked on

2022-02-18 14:44:44 - [MESSAGE][PASSED] - Object: 'Object Repository/Page_Login/btn_Login' is clicked on

2022-02-18 14:44:44 - [TEST_STEP][PASSED] - comment("User Login Sucessfully"): User Login Sucessfully

2022-02-18 14:44:44 - [MESSAGE][INFO] - User Login Sucessfully

2022-02-18 14:44:44 - [TEST_STEP][PASSED] - click(findTestObject("Page_AppointmentConfirmation/a_Make Appointment")): Object: 'Object Repository/Page_AppointmentConfirmation/a_Make Appointment' is clicked on

2022-02-18 14:44:44 - [MESSAGE][PASSED] - Object: 'Object Repository/Page_AppointmentConfirmation/a_Make Appointment' is clicked on

2022-02-18 14:44:44 - [TEST_STEP][PASSED] - comment("User navigate to appoinment page"): User navigate to appoinment page

2022-02-18 14:44:44 - [MESSAGE][INFO] - User navigate to appoinment page

2022-02-18 14:44:44 - [TEST_STEP][PASSED] - click(findTestObject("Page_CuraAppointment/select_")): Object: 'Object Repository/Page_CuraAppointment/select_' is clicked on

2022-02-18 14:44:45 - [MESSAGE][PASSED] - Object: 'Object Repository/Page_CuraAppointment/select_' is clicked on

2022-02-18 14:44:45 - [TEST_STEP][PASSED] - selectOptionByLabel(findTestObject("Page_CuraAppointment/select_"), "Hongkong CURA Healthcare Center", true): All options with label 'Hongkong CURA Healthcare Center' are selected in object 'Object Repository/Page_CuraAppointment/select_'  using regular expression

2022-02-18 14:44:46 - [MESSAGE][PASSED] - All options with label 'Hongkong CURA Healthcare Center' are selected in object 'Object Repository/Page_CuraAppointment/select_'  using regular expression

2022-02-18 14:44:46 - [TEST_STEP][PASSED] - click(findTestObject("Page_CuraAppointment/select_")): Object: 'Object Repository/Page_CuraAppointment/select_' is clicked on

2022-02-18 14:44:47 - [MESSAGE][PASSED] - Object: 'Object Repository/Page_CuraAppointment/select_' is clicked on

2022-02-18 14:44:47 - [TEST_STEP][PASSED] - getText(findTestObject("Page_AppointmentConfirmation/label_Apply for hospital readmission")): Text of object 'Object Repository/Page_AppointmentConfirmation/label_Apply for hospital readmission' is: 'Apply for hospital readmission'

2022-02-18 14:44:47 - [MESSAGE][PASSED] - Text of object 'Object Repository/Page_AppointmentConfirmation/label_Apply for hospital readmission' is: 'Apply for hospital readmission'

2022-02-18 14:44:47 - [TEST_STEP][PASSED] - verifyElementPresent(findTestObject("Page_CuraAppointment/chk_Readmission"), 0): Object 'Object Repository/Page_CuraAppointment/chk_Readmission' is present

2022-02-18 14:44:47 - [MESSAGE][WARNING] - Timeout '0' is invalid. Using default page load timeout: '30'

2022-02-18 14:44:47 - [MESSAGE][PASSED] - Object 'Object Repository/Page_CuraAppointment/chk_Readmission' is present

2022-02-18 14:44:47 - [TEST_STEP][PASSED] - verifyElementClickable(findTestObject("Page_AppointmentConfirmation/input_")): Object 'Object Repository/Page_AppointmentConfirmation/input_' is clickable

2022-02-18 14:45:19 - [MESSAGE][INFO] - Unable to find the element located by 'By.xpath: '. Please recheck the objects properties to make sure the desired element is located. 

2022-02-18 14:45:19 - [MESSAGE][WARNING] - [SELF-HEALING] Failed to find element with id 'Object Repository/Page_AppointmentConfirmation/input_'. Try using Self-healing.

2022-02-18 14:45:19 - [MESSAGE][WARNING] - [SELF-HEALING] The current locator of test object 'Object Repository/Page_AppointmentConfirmation/input_' was broken. Propose an alternative one: '//input[@id='chk_hospotal_readmission']'.

2022-02-18 14:45:19 - [MESSAGE][PASSED] - Object 'Object Repository/Page_AppointmentConfirmation/input_' is clickable

2022-02-18 14:45:19 - [TEST_STEP][PASSED] - closeBrowser(): Browser is closed

2022-02-18 14:45:20 - [MESSAGE][PASSED] - Browser is closed]]></system-out>
         <system-err><![CDATA[]]></system-err>
      </testcase>
      <testcase name="Test Cases/Main Test Cases/TC14_To Verify Radio Buttons is Display" time="46.186" classname="Test Cases/Main Test Cases/TC14_To Verify Radio Buttons is Display" status="PASSED">
         <system-out><![CDATA[2022-02-18 14:45:20 - [TEST_CASE][PASSED] - Test Cases/Main Test Cases/TC14_To Verify Radio Buttons is Display: Test Cases/Main Test Cases/TC14_To Verify Radio Buttons is Display

2022-02-18 14:45:20 - [TEST_STEP][PASSED] - comment("Launch URL"): Launch URL

2022-02-18 14:45:20 - [MESSAGE][INFO] - Launch URL

2022-02-18 14:45:20 - [TEST_STEP][PASSED] - openBrowser(G_SiteURL): Browser is opened with url: 'http://demoaut.katalon.com'

2022-02-18 14:45:20 - [MESSAGE][INFO] - Starting 'Chrome' driver

2022-02-18 14:45:20 - [MESSAGE][INFO] - Action delay is set to 0 milliseconds

2022-02-18 14:45:24 - [MESSAGE][PASSED] - Browser is opened with url: 'http://demoaut.katalon.com'

2022-02-18 14:45:24 - [TEST_STEP][PASSED] - maximizeWindow(): Current window maximized

2022-02-18 14:45:25 - [MESSAGE][PASSED] - Current window maximized

2022-02-18 14:45:25 - [TEST_STEP][PASSED] - click(findTestObject("Page_CuraHomepage/btn_MakeAppointment")): Object: 'Object Repository/Page_CuraHomepage/btn_MakeAppointment' is clicked on

2022-02-18 14:45:26 - [MESSAGE][PASSED] - Object: 'Object Repository/Page_CuraHomepage/btn_MakeAppointment' is clicked on

2022-02-18 14:45:26 - [TEST_STEP][PASSED] - comment("User Click on Make appoinment button"): User Click on Make appoinment button

2022-02-18 14:45:26 - [MESSAGE][INFO] - User Click on Make appoinment button

2022-02-18 14:45:26 - [TEST_STEP][PASSED] - setText(findTestObject("Page_Login/txt_UserName"), "John Doe"): Text 'John Doe' is set on object 'Object Repository/Page_Login/txt_UserName'

2022-02-18 14:45:26 - [MESSAGE][PASSED] - Text 'John Doe' is set on object 'Object Repository/Page_Login/txt_UserName'

2022-02-18 14:45:26 - [TEST_STEP][PASSED] - setText(findTestObject("Page_Login/txt_Password"), "ThisIsNotAPassword"): Text 'ThisIsNotAPassword' is set on object 'Object Repository/Page_Login/txt_Password'

2022-02-18 14:45:27 - [MESSAGE][PASSED] - Text 'ThisIsNotAPassword' is set on object 'Object Repository/Page_Login/txt_Password'

2022-02-18 14:45:27 - [TEST_STEP][PASSED] - click(findTestObject("Page_Login/btn_Login")): Object: 'Object Repository/Page_Login/btn_Login' is clicked on

2022-02-18 14:45:28 - [MESSAGE][PASSED] - Object: 'Object Repository/Page_Login/btn_Login' is clicked on

2022-02-18 14:45:28 - [TEST_STEP][PASSED] - comment("User Login Sucessfully"): User Login Sucessfully

2022-02-18 14:45:28 - [MESSAGE][INFO] - User Login Sucessfully

2022-02-18 14:45:28 - [TEST_STEP][PASSED] - click(findTestObject("Page_AppointmentConfirmation/a_Make Appointment")): Object: 'Object Repository/Page_AppointmentConfirmation/a_Make Appointment' is clicked on

2022-02-18 14:45:29 - [MESSAGE][PASSED] - Object: 'Object Repository/Page_AppointmentConfirmation/a_Make Appointment' is clicked on

2022-02-18 14:45:29 - [TEST_STEP][PASSED] - comment("User Navigate to Make appoinment page"): User Navigate to Make appoinment page

2022-02-18 14:45:29 - [MESSAGE][INFO] - User Navigate to Make appoinment page

2022-02-18 14:45:29 - [TEST_STEP][PASSED] - click(findTestObject("Page_CuraAppointment/select_")): Object: 'Object Repository/Page_CuraAppointment/select_' is clicked on

2022-02-18 14:45:29 - [MESSAGE][PASSED] - Object: 'Object Repository/Page_CuraAppointment/select_' is clicked on

2022-02-18 14:45:29 - [TEST_STEP][PASSED] - selectOptionByLabel(findTestObject("Page_CuraAppointment/select_"), "Hongkong CURA Healthcare Center", true): All options with label 'Hongkong CURA Healthcare Center' are selected in object 'Object Repository/Page_CuraAppointment/select_'  using regular expression

2022-02-18 14:45:31 - [MESSAGE][PASSED] - All options with label 'Hongkong CURA Healthcare Center' are selected in object 'Object Repository/Page_CuraAppointment/select_'  using regular expression

2022-02-18 14:45:31 - [TEST_STEP][PASSED] - click(findTestObject("Page_CuraAppointment/select_")): Object: 'Object Repository/Page_CuraAppointment/select_' is clicked on

2022-02-18 14:45:31 - [MESSAGE][PASSED] - Object: 'Object Repository/Page_CuraAppointment/select_' is clicked on

2022-02-18 14:45:31 - [TEST_STEP][PASSED] - click(findTestObject("Page_AppointmentConfirmation/input_")): Object: 'Object Repository/Page_AppointmentConfirmation/input_' is clicked on

2022-02-18 14:46:02 - [MESSAGE][INFO] - Unable to find the element located by 'By.xpath: '. Please recheck the objects properties to make sure the desired element is located. 

2022-02-18 14:46:02 - [MESSAGE][WARNING] - [SELF-HEALING] Failed to find element with id 'Object Repository/Page_AppointmentConfirmation/input_'. Try using Self-healing.

2022-02-18 14:46:02 - [MESSAGE][WARNING] - [SELF-HEALING] The current locator of test object 'Object Repository/Page_AppointmentConfirmation/input_' was broken. Propose an alternative one: '//input[@id='chk_hospotal_readmission']'.

2022-02-18 14:46:03 - [MESSAGE][PASSED] - Object: 'Object Repository/Page_AppointmentConfirmation/input_' is clicked on

2022-02-18 14:46:03 - [TEST_STEP][PASSED] - getText(findTestObject("Page_AppointmentConfirmation/label_Healthcare Program")): Text of object 'Object Repository/Page_AppointmentConfirmation/label_Healthcare Program' is: 'Healthcare Program'

2022-02-18 14:46:03 - [MESSAGE][PASSED] - Text of object 'Object Repository/Page_AppointmentConfirmation/label_Healthcare Program' is: 'Healthcare Program'

2022-02-18 14:46:03 - [TEST_STEP][PASSED] - verifyElementText(findTestObject("Page_AppointmentConfirmation/label_Healthcare Program"), "Healthcare Program"): Actual text and expected text of test object 'Object Repository/Page_AppointmentConfirmation/label_Healthcare Program' are matched.

2022-02-18 14:46:03 - [MESSAGE][PASSED] - Actual text and expected text of test object 'Object Repository/Page_AppointmentConfirmation/label_Healthcare Program' are matched.

2022-02-18 14:46:03 - [TEST_STEP][PASSED] - verifyElementClickable(findTestObject("Page_AppointmentConfirmation/input_Medicare_programs")): Object 'Object Repository/Page_AppointmentConfirmation/input_Medicare_programs' is clickable

2022-02-18 14:46:04 - [MESSAGE][PASSED] - Object 'Object Repository/Page_AppointmentConfirmation/input_Medicare_programs' is clickable

2022-02-18 14:46:04 - [TEST_STEP][PASSED] - verifyElementClickable(findTestObject("Page_AppointmentConfirmation/input_Medicare_programs")): Object 'Object Repository/Page_AppointmentConfirmation/input_Medicare_programs' is clickable

2022-02-18 14:46:04 - [MESSAGE][PASSED] - Object 'Object Repository/Page_AppointmentConfirmation/input_Medicare_programs' is clickable

2022-02-18 14:46:04 - [TEST_STEP][PASSED] - verifyElementClickable(findTestObject("Page_AppointmentConfirmation/input_None_programs")): Object 'Object Repository/Page_AppointmentConfirmation/input_None_programs' is clickable

2022-02-18 14:46:05 - [MESSAGE][PASSED] - Object 'Object Repository/Page_AppointmentConfirmation/input_None_programs' is clickable

2022-02-18 14:46:05 - [TEST_STEP][PASSED] - click(findTestObject("Page_AppointmentConfirmation/input_Medicare_programs")): Object: 'Object Repository/Page_AppointmentConfirmation/input_Medicare_programs' is clicked on

2022-02-18 14:46:05 - [MESSAGE][PASSED] - Object: 'Object Repository/Page_AppointmentConfirmation/input_Medicare_programs' is clicked on

2022-02-18 14:46:05 - [TEST_STEP][PASSED] - closeBrowser(): Browser is closed

2022-02-18 14:46:06 - [MESSAGE][PASSED] - Browser is closed]]></system-out>
         <system-err><![CDATA[]]></system-err>
      </testcase>
      <testcase name="Test Cases/Main Test Cases/TC16_To Verify Date is Required" time="41.218" classname="Test Cases/Main Test Cases/TC16_To Verify Date is Required" status="FAILED">
         <failure type="FAILED" message="Test Cases/Main Test Cases/TC16_To Verify Date is Required FAILED.
Reason:
com.kms.katalon.core.exception.StepFailedException: Unable to verify object 'Object Repository/Page_AppointmentConfirmation/h2_Appointment Confirmation' is present
	at com.kms.katalon.core.webui.keyword.internal.WebUIKeywordMain.stepFailed(WebUIKeywordMain.groovy:64)
	at com.kms.katalon.core.webui.keyword.internal.WebUIKeywordMain.runKeyword(WebUIKeywordMain.groovy:26)
	at com.kms.katalon.core.webui.keyword.builtin.VerifyElementPresentKeyword.verifyElementPresent(VerifyElementPresentKeyword.groovy:92)
	at com.kms.katalon.core.webui.keyword.builtin.VerifyElementPresentKeyword.execute(VerifyElementPresentKeyword.groovy:68)
	at com.kms.katalon.core.keyword.internal.KeywordExecutor.executeKeywordForPlatform(KeywordExecutor.groovy:74)
	at com.kms.katalon.core.webui.keyword.WebUiBuiltInKeywords.verifyElementPresent(WebUiBuiltInKeywords.groovy:1464)
	at com.kms.katalon.core.webui.keyword.WebUiBuiltInKeywords$verifyElementPresent$2.call(Unknown Source)
	at TC16_To Verify Date is Required.run(TC16_To Verify Date is Required:44)
	at com.kms.katalon.core.main.ScriptEngine.run(ScriptEngine.java:194)
	at com.kms.katalon.core.main.ScriptEngine.runScriptAsRawText(ScriptEngine.java:119)
	at com.kms.katalon.core.main.TestCaseExecutor.runScript(TestCaseExecutor.java:442)
	at com.kms.katalon.core.main.TestCaseExecutor.doExecute(TestCaseExecutor.java:433)
	at com.kms.katalon.core.main.TestCaseExecutor.processExecutionPhase(TestCaseExecutor.java:412)
	at com.kms.katalon.core.main.TestCaseExecutor.accessMainPhase(TestCaseExecutor.java:404)
	at com.kms.katalon.core.main.TestCaseExecutor.execute(TestCaseExecutor.java:281)
	at com.kms.katalon.core.main.TestSuiteExecutor.accessTestCaseMainPhase(TestSuiteExecutor.java:202)
	at com.kms.katalon.core.main.TestSuiteExecutor.accessTestSuiteMainPhase(TestSuiteExecutor.java:164)
	at com.kms.katalon.core.main.TestSuiteExecutor.execute(TestSuiteExecutor.java:105)
	at com.kms.katalon.core.main.TestCaseMain.startTestSuite(TestCaseMain.java:185)
	at com.kms.katalon.core.main.TestCaseMain$startTestSuite$0.call(Unknown Source)
	at TempTestSuite1645175512093.run(TempTestSuite1645175512093.groovy:36)
Caused by: com.kms.katalon.core.exception.StepFailedException: com.kms.katalon.core.webui.exception.WebElementNotFoundException: Web element with id: 'Object Repository/Page_AppointmentConfirmation/h2_Appointment Confirmation' located by '//section[@id='summary']/div/div/div/h2' not found
	at com.kms.katalon.core.webui.keyword.internal.WebUIKeywordMain.stepFailed(WebUIKeywordMain.groovy:64)
	at com.kms.katalon.core.webui.keyword.builtin.VerifyElementPresentKeyword$_verifyElementPresent_closure1.doCall(VerifyElementPresentKeyword.groovy:85)
	at com.kms.katalon.core.webui.keyword.builtin.VerifyElementPresentKeyword$_verifyElementPresent_closure1.call(VerifyElementPresentKeyword.groovy)
	at com.kms.katalon.core.webui.keyword.internal.WebUIKeywordMain.runKeyword(WebUIKeywordMain.groovy:20)
	... 19 more
"/>
         <system-out><![CDATA[2022-02-18 14:46:06 - [TEST_CASE][FAILED] - Test Cases/Main Test Cases/TC16_To Verify Date is Required: Test Cases/Main Test Cases/TC16_To Verify Date is Required FAILED.
Reason:
com.kms.katalon.core.exception.StepFailedException: Unable to verify object 'Object Repository/Page_AppointmentConfirmation/h2_Appointment Confirmation' is present
	at com.kms.katalon.core.webui.keyword.internal.WebUIKeywordMain.stepFailed(WebUIKeywordMain.groovy:64)
	at com.kms.katalon.core.webui.keyword.internal.WebUIKeywordMain.runKeyword(WebUIKeywordMain.groovy:26)
	at com.kms.katalon.core.webui.keyword.builtin.VerifyElementPresentKeyword.verifyElementPresent(VerifyElementPresentKeyword.groovy:92)
	at com.kms.katalon.core.webui.keyword.builtin.VerifyElementPresentKeyword.execute(VerifyElementPresentKeyword.groovy:68)
	at com.kms.katalon.core.keyword.internal.KeywordExecutor.executeKeywordForPlatform(KeywordExecutor.groovy:74)
	at com.kms.katalon.core.webui.keyword.WebUiBuiltInKeywords.verifyElementPresent(WebUiBuiltInKeywords.groovy:1464)
	at com.kms.katalon.core.webui.keyword.WebUiBuiltInKeywords$verifyElementPresent$2.call(Unknown Source)
	at TC16_To Verify Date is Required.run(TC16_To Verify Date is Required:44)
	at com.kms.katalon.core.main.ScriptEngine.run(ScriptEngine.java:194)
	at com.kms.katalon.core.main.ScriptEngine.runScriptAsRawText(ScriptEngine.java:119)
	at com.kms.katalon.core.main.TestCaseExecutor.runScript(TestCaseExecutor.java:442)
	at com.kms.katalon.core.main.TestCaseExecutor.doExecute(TestCaseExecutor.java:433)
	at com.kms.katalon.core.main.TestCaseExecutor.processExecutionPhase(TestCaseExecutor.java:412)
	at com.kms.katalon.core.main.TestCaseExecutor.accessMainPhase(TestCaseExecutor.java:404)
	at com.kms.katalon.core.main.TestCaseExecutor.execute(TestCaseExecutor.java:281)
	at com.kms.katalon.core.main.TestSuiteExecutor.accessTestCaseMainPhase(TestSuiteExecutor.java:202)
	at com.kms.katalon.core.main.TestSuiteExecutor.accessTestSuiteMainPhase(TestSuiteExecutor.java:164)
	at com.kms.katalon.core.main.TestSuiteExecutor.execute(TestSuiteExecutor.java:105)
	at com.kms.katalon.core.main.TestCaseMain.startTestSuite(TestCaseMain.java:185)
	at com.kms.katalon.core.main.TestCaseMain$startTestSuite$0.call(Unknown Source)
	at TempTestSuite1645175512093.run(TempTestSuite1645175512093.groovy:36)
Caused by: com.kms.katalon.core.exception.StepFailedException: com.kms.katalon.core.webui.exception.WebElementNotFoundException: Web element with id: 'Object Repository/Page_AppointmentConfirmation/h2_Appointment Confirmation' located by '//section[@id='summary']/div/div/div/h2' not found
	at com.kms.katalon.core.webui.keyword.internal.WebUIKeywordMain.stepFailed(WebUIKeywordMain.groovy:64)
	at com.kms.katalon.core.webui.keyword.builtin.VerifyElementPresentKeyword$_verifyElementPresent_closure1.doCall(VerifyElementPresentKeyword.groovy:85)
	at com.kms.katalon.core.webui.keyword.builtin.VerifyElementPresentKeyword$_verifyElementPresent_closure1.call(VerifyElementPresentKeyword.groovy)
	at com.kms.katalon.core.webui.keyword.internal.WebUIKeywordMain.runKeyword(WebUIKeywordMain.groovy:20)
	... 19 more


2022-02-18 14:46:06 - [TEST_STEP][PASSED] - comment("Launch URL"): Launch URL

2022-02-18 14:46:06 - [MESSAGE][INFO] - Launch URL

2022-02-18 14:46:06 - [TEST_STEP][PASSED] - openBrowser(G_SiteURL): Browser is opened with url: 'http://demoaut.katalon.com'

2022-02-18 14:46:06 - [MESSAGE][INFO] - Starting 'Chrome' driver

2022-02-18 14:46:06 - [MESSAGE][INFO] - Action delay is set to 0 milliseconds

2022-02-18 14:46:11 - [MESSAGE][PASSED] - Browser is opened with url: 'http://demoaut.katalon.com'

2022-02-18 14:46:11 - [TEST_STEP][PASSED] - maximizeWindow(): Current window maximized

2022-02-18 14:46:11 - [MESSAGE][PASSED] - Current window maximized

2022-02-18 14:46:11 - [TEST_STEP][PASSED] - click(findTestObject("Page_CuraHomepage/btn_MakeAppointment")): Object: 'Object Repository/Page_CuraHomepage/btn_MakeAppointment' is clicked on

2022-02-18 14:46:12 - [MESSAGE][PASSED] - Object: 'Object Repository/Page_CuraHomepage/btn_MakeAppointment' is clicked on

2022-02-18 14:46:12 - [TEST_STEP][PASSED] - comment("User Click on Make Appointment Button"): User Click on Make Appointment Button

2022-02-18 14:46:12 - [MESSAGE][INFO] - User Click on Make Appointment Button

2022-02-18 14:46:12 - [TEST_STEP][PASSED] - setText(findTestObject("Page_Login/txt_UserName"), username): Text 'John Doe' is set on object 'Object Repository/Page_Login/txt_UserName'

2022-02-18 14:46:13 - [MESSAGE][PASSED] - Text 'John Doe' is set on object 'Object Repository/Page_Login/txt_UserName'

2022-02-18 14:46:13 - [TEST_STEP][PASSED] - setText(findTestObject("Page_Login/txt_Password"), password): Text 'ThisIsNotAPassword' is set on object 'Object Repository/Page_Login/txt_Password'

2022-02-18 14:46:14 - [MESSAGE][PASSED] - Text 'ThisIsNotAPassword' is set on object 'Object Repository/Page_Login/txt_Password'

2022-02-18 14:46:14 - [TEST_STEP][PASSED] - click(findTestObject("Page_Login/btn_Login")): Object: 'Object Repository/Page_Login/btn_Login' is clicked on

2022-02-18 14:46:15 - [MESSAGE][PASSED] - Object: 'Object Repository/Page_Login/btn_Login' is clicked on

2022-02-18 14:46:15 - [TEST_STEP][PASSED] - comment("User Login Sucessfully"): User Login Sucessfully

2022-02-18 14:46:15 - [MESSAGE][INFO] - User Login Sucessfully

2022-02-18 14:46:15 - [TEST_STEP][PASSED] - click(findTestObject("Page_AppointmentConfirmation/a_Make Appointment")): Object: 'Object Repository/Page_AppointmentConfirmation/a_Make Appointment' is clicked on

2022-02-18 14:46:15 - [MESSAGE][PASSED] - Object: 'Object Repository/Page_AppointmentConfirmation/a_Make Appointment' is clicked on

2022-02-18 14:46:15 - [TEST_STEP][PASSED] - comment("User navigate Make appointment page"): User navigate Make appointment page

2022-02-18 14:46:15 - [MESSAGE][INFO] - User navigate Make appointment page

2022-02-18 14:46:15 - [TEST_STEP][PASSED] - click(findTestObject("Page_CuraAppointment/btn_BookAppointment")): Object: 'Object Repository/Page_CuraAppointment/btn_BookAppointment' is clicked on

2022-02-18 14:46:16 - [MESSAGE][PASSED] - Object: 'Object Repository/Page_CuraAppointment/btn_BookAppointment' is clicked on

2022-02-18 14:46:16 - [TEST_STEP][FAILED] - verifyElementPresent(findTestObject("Page_AppointmentConfirmation/h2_Appointment Confirmation"), 0): Unable to verify object 'Object Repository/Page_AppointmentConfirmation/h2_Appointment Confirmation' is present (Root cause: com.kms.katalon.core.exception.StepFailedException: Unable to verify object 'Object Repository/Page_AppointmentConfirmation/h2_Appointment Confirmation' is present
	at com.kms.katalon.core.webui.keyword.internal.WebUIKeywordMain.stepFailed(WebUIKeywordMain.groovy:64)
	at com.kms.katalon.core.webui.keyword.internal.WebUIKeywordMain.runKeyword(WebUIKeywordMain.groovy:26)
	at com.kms.katalon.core.webui.keyword.builtin.VerifyElementPresentKeyword.verifyElementPresent(VerifyElementPresentKeyword.groovy:92)
	at com.kms.katalon.core.webui.keyword.builtin.VerifyElementPresentKeyword.execute(VerifyElementPresentKeyword.groovy:68)
	at com.kms.katalon.core.keyword.internal.KeywordExecutor.executeKeywordForPlatform(KeywordExecutor.groovy:74)
	at com.kms.katalon.core.webui.keyword.WebUiBuiltInKeywords.verifyElementPresent(WebUiBuiltInKeywords.groovy:1464)
	at com.kms.katalon.core.webui.keyword.WebUiBuiltInKeywords$verifyElementPresent$2.call(Unknown Source)
	at TC16_To Verify Date is Required.run(TC16_To Verify Date is Required:44)
	at com.kms.katalon.core.main.ScriptEngine.run(ScriptEngine.java:194)
	at com.kms.katalon.core.main.ScriptEngine.runScriptAsRawText(ScriptEngine.java:119)
	at com.kms.katalon.core.main.TestCaseExecutor.runScript(TestCaseExecutor.java:442)
	at com.kms.katalon.core.main.TestCaseExecutor.doExecute(TestCaseExecutor.java:433)
	at com.kms.katalon.core.main.TestCaseExecutor.processExecutionPhase(TestCaseExecutor.java:412)
	at com.kms.katalon.core.main.TestCaseExecutor.accessMainPhase(TestCaseExecutor.java:404)
	at com.kms.katalon.core.main.TestCaseExecutor.execute(TestCaseExecutor.java:281)
	at com.kms.katalon.core.main.TestSuiteExecutor.accessTestCaseMainPhase(TestSuiteExecutor.java:202)
	at com.kms.katalon.core.main.TestSuiteExecutor.accessTestSuiteMainPhase(TestSuiteExecutor.java:164)
	at com.kms.katalon.core.main.TestSuiteExecutor.execute(TestSuiteExecutor.java:105)
	at com.kms.katalon.core.main.TestCaseMain.startTestSuite(TestCaseMain.java:185)
	at com.kms.katalon.core.main.TestCaseMain$startTestSuite$0.call(Unknown Source)
	at TempTestSuite1645175512093.run(TempTestSuite1645175512093.groovy:36)
Caused by: com.kms.katalon.core.exception.StepFailedException: com.kms.katalon.core.webui.exception.WebElementNotFoundException: Web element with id: 'Object Repository/Page_AppointmentConfirmation/h2_Appointment Confirmation' located by '//section[@id='summary']/div/div/div/h2' not found
	at com.kms.katalon.core.webui.keyword.internal.WebUIKeywordMain.stepFailed(WebUIKeywordMain.groovy:64)
	at com.kms.katalon.core.webui.keyword.builtin.VerifyElementPresentKeyword$_verifyElementPresent_closure1.doCall(VerifyElementPresentKeyword.groovy:85)
	at com.kms.katalon.core.webui.keyword.builtin.VerifyElementPresentKeyword$_verifyElementPresent_closure1.call(VerifyElementPresentKeyword.groovy)
	at com.kms.katalon.core.webui.keyword.internal.WebUIKeywordMain.runKeyword(WebUIKeywordMain.groovy:20)
	... 19 more
)

2022-02-18 14:46:16 - [MESSAGE][WARNING] - Timeout '0' is invalid. Using default page load timeout: '30'

2022-02-18 14:46:47 - [MESSAGE][INFO] - Unable to find the element located by 'By.xpath: //section[@id='summary']/div/div/div/h2'. Please recheck the objects properties to make sure the desired element is located. 

2022-02-18 14:46:47 - [MESSAGE][FAILED] - com.kms.katalon.core.webui.exception.WebElementNotFoundException: Web element with id: 'Object Repository/Page_AppointmentConfirmation/h2_Appointment Confirmation' located by '//section[@id='summary']/div/div/div/h2' not found (Root cause: com.kms.katalon.core.exception.StepFailedException: com.kms.katalon.core.webui.exception.WebElementNotFoundException: Web element with id: 'Object Repository/Page_AppointmentConfirmation/h2_Appointment Confirmation' located by '//section[@id='summary']/div/div/div/h2' not found
	at com.kms.katalon.core.webui.keyword.internal.WebUIKeywordMain.stepFailed(WebUIKeywordMain.groovy:64)
	at com.kms.katalon.core.webui.keyword.builtin.VerifyElementPresentKeyword$_verifyElementPresent_closure1.doCall(VerifyElementPresentKeyword.groovy:85)
	at com.kms.katalon.core.webui.keyword.builtin.VerifyElementPresentKeyword$_verifyElementPresent_closure1.call(VerifyElementPresentKeyword.groovy)
	at com.kms.katalon.core.webui.keyword.internal.WebUIKeywordMain.runKeyword(WebUIKeywordMain.groovy:20)
	at com.kms.katalon.core.webui.keyword.builtin.VerifyElementPresentKeyword.verifyElementPresent(VerifyElementPresentKeyword.groovy:92)
	at com.kms.katalon.core.webui.keyword.builtin.VerifyElementPresentKeyword.execute(VerifyElementPresentKeyword.groovy:68)
	at com.kms.katalon.core.keyword.internal.KeywordExecutor.executeKeywordForPlatform(KeywordExecutor.groovy:74)
	at com.kms.katalon.core.webui.keyword.WebUiBuiltInKeywords.verifyElementPresent(WebUiBuiltInKeywords.groovy:1464)
	at com.kms.katalon.core.webui.keyword.WebUiBuiltInKeywords$verifyElementPresent$2.call(Unknown Source)
	at TC16_To Verify Date is Required.run(TC16_To Verify Date is Required:44)
	at com.kms.katalon.core.main.ScriptEngine.run(ScriptEngine.java:194)
	at com.kms.katalon.core.main.ScriptEngine.runScriptAsRawText(ScriptEngine.java:119)
	at com.kms.katalon.core.main.TestCaseExecutor.runScript(TestCaseExecutor.java:442)
	at com.kms.katalon.core.main.TestCaseExecutor.doExecute(TestCaseExecutor.java:433)
	at com.kms.katalon.core.main.TestCaseExecutor.processExecutionPhase(TestCaseExecutor.java:412)
	at com.kms.katalon.core.main.TestCaseExecutor.accessMainPhase(TestCaseExecutor.java:404)
	at com.kms.katalon.core.main.TestCaseExecutor.execute(TestCaseExecutor.java:281)
	at com.kms.katalon.core.main.TestSuiteExecutor.accessTestCaseMainPhase(TestSuiteExecutor.java:202)
	at com.kms.katalon.core.main.TestSuiteExecutor.accessTestSuiteMainPhase(TestSuiteExecutor.java:164)
	at com.kms.katalon.core.main.TestSuiteExecutor.execute(TestSuiteExecutor.java:105)
	at com.kms.katalon.core.main.TestCaseMain.startTestSuite(TestCaseMain.java:185)
	at com.kms.katalon.core.main.TestCaseMain$startTestSuite$0.call(Unknown Source)
	at TempTestSuite1645175512093.run(TempTestSuite1645175512093.groovy:36)
)
[[ATTACHMENT|C:\\Users\\LENOVO\\git\\CrossCountryKatalon\\Reports\\20220218_144152\\healthcare-tests - TS_RegressionTest\\20220218_144152\\1645175807283.png]]

2022-02-18 14:46:47 - [MESSAGE][FAILED] - Unable to verify object 'Object Repository/Page_AppointmentConfirmation/h2_Appointment Confirmation' is present (Root cause: com.kms.katalon.core.exception.StepFailedException: Unable to verify object 'Object Repository/Page_AppointmentConfirmation/h2_Appointment Confirmation' is present
	at com.kms.katalon.core.webui.keyword.internal.WebUIKeywordMain.stepFailed(WebUIKeywordMain.groovy:64)
	at com.kms.katalon.core.webui.keyword.internal.WebUIKeywordMain.runKeyword(WebUIKeywordMain.groovy:26)
	at com.kms.katalon.core.webui.keyword.builtin.VerifyElementPresentKeyword.verifyElementPresent(VerifyElementPresentKeyword.groovy:92)
	at com.kms.katalon.core.webui.keyword.builtin.VerifyElementPresentKeyword.execute(VerifyElementPresentKeyword.groovy:68)
	at com.kms.katalon.core.keyword.internal.KeywordExecutor.executeKeywordForPlatform(KeywordExecutor.groovy:74)
	at com.kms.katalon.core.webui.keyword.WebUiBuiltInKeywords.verifyElementPresent(WebUiBuiltInKeywords.groovy:1464)
	at com.kms.katalon.core.webui.keyword.WebUiBuiltInKeywords$verifyElementPresent$2.call(Unknown Source)
	at TC16_To Verify Date is Required.run(TC16_To Verify Date is Required:44)
	at com.kms.katalon.core.main.ScriptEngine.run(ScriptEngine.java:194)
	at com.kms.katalon.core.main.ScriptEngine.runScriptAsRawText(ScriptEngine.java:119)
	at com.kms.katalon.core.main.TestCaseExecutor.runScript(TestCaseExecutor.java:442)
	at com.kms.katalon.core.main.TestCaseExecutor.doExecute(TestCaseExecutor.java:433)
	at com.kms.katalon.core.main.TestCaseExecutor.processExecutionPhase(TestCaseExecutor.java:412)
	at com.kms.katalon.core.main.TestCaseExecutor.accessMainPhase(TestCaseExecutor.java:404)
	at com.kms.katalon.core.main.TestCaseExecutor.execute(TestCaseExecutor.java:281)
	at com.kms.katalon.core.main.TestSuiteExecutor.accessTestCaseMainPhase(TestSuiteExecutor.java:202)
	at com.kms.katalon.core.main.TestSuiteExecutor.accessTestSuiteMainPhase(TestSuiteExecutor.java:164)
	at com.kms.katalon.core.main.TestSuiteExecutor.execute(TestSuiteExecutor.java:105)
	at com.kms.katalon.core.main.TestCaseMain.startTestSuite(TestCaseMain.java:185)
	at com.kms.katalon.core.main.TestCaseMain$startTestSuite$0.call(Unknown Source)
	at TempTestSuite1645175512093.run(TempTestSuite1645175512093.groovy:36)
Caused by: com.kms.katalon.core.exception.StepFailedException: com.kms.katalon.core.webui.exception.WebElementNotFoundException: Web element with id: 'Object Repository/Page_AppointmentConfirmation/h2_Appointment Confirmation' located by '//section[@id='summary']/div/div/div/h2' not found
	at com.kms.katalon.core.webui.keyword.internal.WebUIKeywordMain.stepFailed(WebUIKeywordMain.groovy:64)
	at com.kms.katalon.core.webui.keyword.builtin.VerifyElementPresentKeyword$_verifyElementPresent_closure1.doCall(VerifyElementPresentKeyword.groovy:85)
	at com.kms.katalon.core.webui.keyword.builtin.VerifyElementPresentKeyword$_verifyElementPresent_closure1.call(VerifyElementPresentKeyword.groovy)
	at com.kms.katalon.core.webui.keyword.internal.WebUIKeywordMain.runKeyword(WebUIKeywordMain.groovy:20)
	... 19 more
)
[[ATTACHMENT|C:\\Users\\LENOVO\\git\\CrossCountryKatalon\\Reports\\20220218_144152\\healthcare-tests - TS_RegressionTest\\20220218_144152\\1645175807416.png]]]]></system-out>
         <system-err><![CDATA[2022-02-18 14:46:06 - [TEST_CASE][FAILED] - Test Cases/Main Test Cases/TC16_To Verify Date is Required: Test Cases/Main Test Cases/TC16_To Verify Date is Required FAILED.
Reason:
com.kms.katalon.core.exception.StepFailedException: Unable to verify object 'Object Repository/Page_AppointmentConfirmation/h2_Appointment Confirmation' is present
	at com.kms.katalon.core.webui.keyword.internal.WebUIKeywordMain.stepFailed(WebUIKeywordMain.groovy:64)
	at com.kms.katalon.core.webui.keyword.internal.WebUIKeywordMain.runKeyword(WebUIKeywordMain.groovy:26)
	at com.kms.katalon.core.webui.keyword.builtin.VerifyElementPresentKeyword.verifyElementPresent(VerifyElementPresentKeyword.groovy:92)
	at com.kms.katalon.core.webui.keyword.builtin.VerifyElementPresentKeyword.execute(VerifyElementPresentKeyword.groovy:68)
	at com.kms.katalon.core.keyword.internal.KeywordExecutor.executeKeywordForPlatform(KeywordExecutor.groovy:74)
	at com.kms.katalon.core.webui.keyword.WebUiBuiltInKeywords.verifyElementPresent(WebUiBuiltInKeywords.groovy:1464)
	at com.kms.katalon.core.webui.keyword.WebUiBuiltInKeywords$verifyElementPresent$2.call(Unknown Source)
	at TC16_To Verify Date is Required.run(TC16_To Verify Date is Required:44)
	at com.kms.katalon.core.main.ScriptEngine.run(ScriptEngine.java:194)
	at com.kms.katalon.core.main.ScriptEngine.runScriptAsRawText(ScriptEngine.java:119)
	at com.kms.katalon.core.main.TestCaseExecutor.runScript(TestCaseExecutor.java:442)
	at com.kms.katalon.core.main.TestCaseExecutor.doExecute(TestCaseExecutor.java:433)
	at com.kms.katalon.core.main.TestCaseExecutor.processExecutionPhase(TestCaseExecutor.java:412)
	at com.kms.katalon.core.main.TestCaseExecutor.accessMainPhase(TestCaseExecutor.java:404)
	at com.kms.katalon.core.main.TestCaseExecutor.execute(TestCaseExecutor.java:281)
	at com.kms.katalon.core.main.TestSuiteExecutor.accessTestCaseMainPhase(TestSuiteExecutor.java:202)
	at com.kms.katalon.core.main.TestSuiteExecutor.accessTestSuiteMainPhase(TestSuiteExecutor.java:164)
	at com.kms.katalon.core.main.TestSuiteExecutor.execute(TestSuiteExecutor.java:105)
	at com.kms.katalon.core.main.TestCaseMain.startTestSuite(TestCaseMain.java:185)
	at com.kms.katalon.core.main.TestCaseMain$startTestSuite$0.call(Unknown Source)
	at TempTestSuite1645175512093.run(TempTestSuite1645175512093.groovy:36)
Caused by: com.kms.katalon.core.exception.StepFailedException: com.kms.katalon.core.webui.exception.WebElementNotFoundException: Web element with id: 'Object Repository/Page_AppointmentConfirmation/h2_Appointment Confirmation' located by '//section[@id='summary']/div/div/div/h2' not found
	at com.kms.katalon.core.webui.keyword.internal.WebUIKeywordMain.stepFailed(WebUIKeywordMain.groovy:64)
	at com.kms.katalon.core.webui.keyword.builtin.VerifyElementPresentKeyword$_verifyElementPresent_closure1.doCall(VerifyElementPresentKeyword.groovy:85)
	at com.kms.katalon.core.webui.keyword.builtin.VerifyElementPresentKeyword$_verifyElementPresent_closure1.call(VerifyElementPresentKeyword.groovy)
	at com.kms.katalon.core.webui.keyword.internal.WebUIKeywordMain.runKeyword(WebUIKeywordMain.groovy:20)
	... 19 more]]></system-err>
      </testcase>
      <testcase name="Test Cases/Main Test Cases/TC18_Reuse Login TestCase" time="14.864" classname="Test Cases/Main Test Cases/TC18_Reuse Login TestCase" status="PASSED">
         <system-out><![CDATA[2022-02-18 14:46:47 - [TEST_CASE][PASSED] - Test Cases/Main Test Cases/TC18_Reuse Login TestCase: Test Cases/Main Test Cases/TC18_Reuse Login TestCase

2022-02-18 14:46:47 - [TEST_STEP][PASSED] - comment("Launch URL"): Launch URL

2022-02-18 14:46:47 - [MESSAGE][INFO] - Launch URL

2022-02-18 14:46:47 - [TEST_STEP][PASSED] - openBrowser(G_SiteURL): Browser is opened with url: 'http://demoaut.katalon.com'

2022-02-18 14:46:47 - [MESSAGE][WARNING] - A browser is already opened. Closing browser and opening a new one

2022-02-18 14:46:48 - [MESSAGE][INFO] - Starting 'Chrome' driver

2022-02-18 14:46:48 - [MESSAGE][INFO] - Action delay is set to 0 milliseconds

2022-02-18 14:46:53 - [MESSAGE][PASSED] - Browser is opened with url: 'http://demoaut.katalon.com'

2022-02-18 14:46:53 - [TEST_STEP][PASSED] - maximizeWindow(): Current window maximized

2022-02-18 14:46:53 - [MESSAGE][PASSED] - Current window maximized

2022-02-18 14:46:53 - [TEST_STEP][PASSED] - callTestCase(findTestCase("Common Test Cases/Login"), ["Username":"John Doe", "Password":"ThisIsNotAPassword"], STOP_ON_FAILURE): Call Test Case 'Test Cases/Common Test Cases/Login' successfully

2022-02-18 14:46:53 - [TEST_CASE][PASSED] - Test Cases/Common Test Cases/Login: Test Cases/Common Test Cases/Login

2022-02-18 14:46:53 - [TEST_STEP][PASSED] - click(findTestObject("Page_CuraHomepage/btn_MakeAppointment")): Object: 'Object Repository/Page_CuraHomepage/btn_MakeAppointment' is clicked on

2022-02-18 14:46:54 - [MESSAGE][PASSED] - Object: 'Object Repository/Page_CuraHomepage/btn_MakeAppointment' is clicked on

2022-02-18 14:46:54 - [TEST_STEP][PASSED] - setText(findTestObject("Page_Login/txt_UserName"), Username): Text 'John Doe' is set on object 'Object Repository/Page_Login/txt_UserName'

2022-02-18 14:46:55 - [MESSAGE][PASSED] - Text 'John Doe' is set on object 'Object Repository/Page_Login/txt_UserName'

2022-02-18 14:46:55 - [TEST_STEP][PASSED] - setText(findTestObject("Page_Login/txt_Password"), Password): Text 'ThisIsNotAPassword' is set on object 'Object Repository/Page_Login/txt_Password'

2022-02-18 14:46:55 - [MESSAGE][PASSED] - Text 'ThisIsNotAPassword' is set on object 'Object Repository/Page_Login/txt_Password'

2022-02-18 14:46:55 - [TEST_STEP][PASSED] - click(findTestObject("Page_Login/btn_Login")): Object: 'Object Repository/Page_Login/btn_Login' is clicked on

2022-02-18 14:46:56 - [MESSAGE][PASSED] - Object: 'Object Repository/Page_Login/btn_Login' is clicked on

2022-02-18 14:46:56 - [TEST_STEP][PASSED] - landingPage = verifyElementPresent(findTestObject("Page_CuraAppointment/div_Appointment"), G_Timeout): Object 'Object Repository/Page_CuraAppointment/div_Appointment' is present

2022-02-18 14:46:57 - [MESSAGE][PASSED] - Object 'Object Repository/Page_CuraAppointment/div_Appointment' is present

2022-02-18 14:46:57 - [MESSAGE][PASSED] - Call Test Case 'Test Cases/Common Test Cases/Login' successfully

2022-02-18 14:46:57 - [TEST_STEP][PASSED] - click(findTestObject("Page_AppointmentConfirmation/a_Make Appointment")): Object: 'Object Repository/Page_AppointmentConfirmation/a_Make Appointment' is clicked on

2022-02-18 14:46:57 - [MESSAGE][PASSED] - Object: 'Object Repository/Page_AppointmentConfirmation/a_Make Appointment' is clicked on

2022-02-18 14:46:57 - [TEST_STEP][PASSED] - click(findTestObject("Page_AppointmentConfirmation/input_Apply for hospital readmission_hospital_readmission")): Object: 'Object Repository/Page_AppointmentConfirmation/input_Apply for hospital readmission_hospital_readmission' is clicked on

2022-02-18 14:46:58 - [MESSAGE][PASSED] - Object: 'Object Repository/Page_AppointmentConfirmation/input_Apply for hospital readmission_hospital_readmission' is clicked on

2022-02-18 14:46:58 - [TEST_STEP][PASSED] - click(findTestObject("Page_AppointmentConfirmation/input_Medicare_programs")): Object: 'Object Repository/Page_AppointmentConfirmation/input_Medicare_programs' is clicked on

2022-02-18 14:46:58 - [MESSAGE][PASSED] - Object: 'Object Repository/Page_AppointmentConfirmation/input_Medicare_programs' is clicked on

2022-02-18 14:46:58 - [TEST_STEP][PASSED] - click(findTestObject("Page_CuraAppointment/span_Visit Date (Required)_glyphicon glyphicon-calendar")): Object: 'Object Repository/Page_CuraAppointment/span_Visit Date (Required)_glyphicon glyphicon-calendar' is clicked on

2022-02-18 14:46:58 - [MESSAGE][PASSED] - Object: 'Object Repository/Page_CuraAppointment/span_Visit Date (Required)_glyphicon glyphicon-calendar' is clicked on

2022-02-18 14:46:58 - [TEST_STEP][PASSED] - click(findTestObject("Page_CuraAppointment/td_24")): Object: 'Object Repository/Page_CuraAppointment/td_24' is clicked on

2022-02-18 14:46:59 - [MESSAGE][PASSED] - Object: 'Object Repository/Page_CuraAppointment/td_24' is clicked on

2022-02-18 14:46:59 - [TEST_STEP][PASSED] - setText(findTestObject("Page_AppointmentConfirmation/textarea_Comment_comment"), "Make my appointment ASAP"): Text 'Make my appointment ASAP' is set on object 'Object Repository/Page_AppointmentConfirmation/textarea_Comment_comment'

2022-02-18 14:47:00 - [MESSAGE][PASSED] - Text 'Make my appointment ASAP' is set on object 'Object Repository/Page_AppointmentConfirmation/textarea_Comment_comment'

2022-02-18 14:47:00 - [TEST_STEP][PASSED] - click(findTestObject("Page_AppointmentConfirmation/button_Book Appointment")): Object: 'Object Repository/Page_AppointmentConfirmation/button_Book Appointment' is clicked on

2022-02-18 14:47:01 - [MESSAGE][PASSED] - Object: 'Object Repository/Page_AppointmentConfirmation/button_Book Appointment' is clicked on

2022-02-18 14:47:01 - [TEST_STEP][PASSED] - verifyTextPresent("Appointment Confirmation", true): Text 'Appointment Confirmation' is present on page  using regular expression

2022-02-18 14:47:01 - [MESSAGE][PASSED] - Text 'Appointment Confirmation' is present on page  using regular expression

2022-02-18 14:47:01 - [TEST_STEP][PASSED] - closeBrowser(): Browser is closed

2022-02-18 14:47:02 - [MESSAGE][PASSED] - Browser is closed]]></system-out>
         <system-err><![CDATA[]]></system-err>
      </testcase>
      <testcase name="Test Cases/Main Test Cases/TC4_Verify Title Of Application" time="5.611" classname="Test Cases/Main Test Cases/TC4_Verify Title Of Application" status="PASSED">
         <system-out><![CDATA[2022-02-18 14:47:02 - [TEST_CASE][PASSED] - Test Cases/Main Test Cases/TC4_Verify Title Of Application: Test Cases/Main Test Cases/TC4_Verify Title Of Application

2022-02-18 14:47:02 - [TEST_STEP][PASSED] - openBrowser(""): Browser is opened with url: ''

2022-02-18 14:47:02 - [MESSAGE][INFO] - Starting 'Chrome' driver

2022-02-18 14:47:02 - [MESSAGE][INFO] - Action delay is set to 0 milliseconds

2022-02-18 14:47:04 - [MESSAGE][PASSED] - Browser is opened with url: ''

2022-02-18 14:47:04 - [TEST_STEP][PASSED] - navigateToUrl("https://katalon-demo-cura.herokuapp.com/"): Navigate to 'https://katalon-demo-cura.herokuapp.com/' successfully

2022-02-18 14:47:06 - [MESSAGE][PASSED] - Navigate to 'https://katalon-demo-cura.herokuapp.com/' successfully

2022-02-18 14:47:06 - [TEST_STEP][PASSED] - click(findTestObject("Object Repository/Page_CURA Healthcare Service/h1_CURA Healthcare Service")): Object: 'Object Repository/Page_CURA Healthcare Service/h1_CURA Healthcare Service' is clicked on

2022-02-18 14:47:06 - [MESSAGE][PASSED] - Object: 'Object Repository/Page_CURA Healthcare Service/h1_CURA Healthcare Service' is clicked on

2022-02-18 14:47:06 - [TEST_STEP][PASSED] - getText(findTestObject("Object Repository/Page_CURA Healthcare Service/h1_CURA Healthcare Service")): Text of object 'Object Repository/Page_CURA Healthcare Service/h1_CURA Healthcare Service' is: 'CURA Healthcare Service'

2022-02-18 14:47:07 - [MESSAGE][PASSED] - Text of object 'Object Repository/Page_CURA Healthcare Service/h1_CURA Healthcare Service' is: 'CURA Healthcare Service'

2022-02-18 14:47:07 - [TEST_STEP][PASSED] - closeBrowser(): Browser is closed

2022-02-18 14:47:08 - [MESSAGE][PASSED] - Browser is closed]]></system-out>
         <system-err><![CDATA[]]></system-err>
      </testcase>
      <testcase name="Test Cases/Main Test Cases/TC6_Verify Make Appoinment Button" time="9.362" classname="Test Cases/Main Test Cases/TC6_Verify Make Appoinment Button" status="FAILED">
         <failure type="FAILED" message="Test Cases/Main Test Cases/TC6_Verify Make Appoinment Button FAILED.
Reason:
com.kms.katalon.core.exception.StepFailedException: Unable to verify object to be clickable
	at com.kms.katalon.core.webui.keyword.internal.WebUIKeywordMain.stepFailed(WebUIKeywordMain.groovy:64)
	at com.kms.katalon.core.webui.keyword.internal.WebUIKeywordMain.runKeyword(WebUIKeywordMain.groovy:26)
	at com.kms.katalon.core.webui.keyword.builtin.VerifyElementClickableKeyword.verifyElementClickable(VerifyElementClickableKeyword.groovy:96)
	at com.kms.katalon.core.webui.keyword.builtin.VerifyElementClickableKeyword.execute(VerifyElementClickableKeyword.groovy:67)
	at com.kms.katalon.core.keyword.internal.KeywordExecutor.executeKeywordForPlatform(KeywordExecutor.groovy:74)
	at com.kms.katalon.core.webui.keyword.WebUiBuiltInKeywords.verifyElementClickable(WebUiBuiltInKeywords.groovy:552)
	at com.kms.katalon.core.webui.keyword.WebUiBuiltInKeywords$verifyElementClickable$17.call(Unknown Source)
	at TC6_Verify Make Appoinment Button.run(TC6_Verify Make Appoinment Button:38)
	at com.kms.katalon.core.main.ScriptEngine.run(ScriptEngine.java:194)
	at com.kms.katalon.core.main.ScriptEngine.runScriptAsRawText(ScriptEngine.java:119)
	at com.kms.katalon.core.main.TestCaseExecutor.runScript(TestCaseExecutor.java:442)
	at com.kms.katalon.core.main.TestCaseExecutor.doExecute(TestCaseExecutor.java:433)
	at com.kms.katalon.core.main.TestCaseExecutor.processExecutionPhase(TestCaseExecutor.java:412)
	at com.kms.katalon.core.main.TestCaseExecutor.accessMainPhase(TestCaseExecutor.java:404)
	at com.kms.katalon.core.main.TestCaseExecutor.execute(TestCaseExecutor.java:281)
	at com.kms.katalon.core.main.TestSuiteExecutor.accessTestCaseMainPhase(TestSuiteExecutor.java:202)
	at com.kms.katalon.core.main.TestSuiteExecutor.accessTestSuiteMainPhase(TestSuiteExecutor.java:164)
	at com.kms.katalon.core.main.TestSuiteExecutor.execute(TestSuiteExecutor.java:105)
	at com.kms.katalon.core.main.TestCaseMain.startTestSuite(TestCaseMain.java:185)
	at com.kms.katalon.core.main.TestCaseMain$startTestSuite$0.call(Unknown Source)
	at TempTestSuite1645175512093.run(TempTestSuite1645175512093.groovy:36)
Caused by: java.lang.IllegalArgumentException: Object is null
	at com.kms.katalon.core.helper.KeywordHelper.checkTestObjectParameter(KeywordHelper.java:33)
	at com.kms.katalon.core.webui.keyword.builtin.VerifyElementClickableKeyword$_verifyElementClickable_closure1.doCall(VerifyElementClickableKeyword.groovy:75)
	at com.kms.katalon.core.webui.keyword.builtin.VerifyElementClickableKeyword$_verifyElementClickable_closure1.call(VerifyElementClickableKeyword.groovy)
	at com.kms.katalon.core.webui.keyword.internal.WebUIKeywordMain.runKeyword(WebUIKeywordMain.groovy:20)
	... 19 more
"/>
         <system-out><![CDATA[2022-02-18 14:47:08 - [TEST_CASE][FAILED] - Test Cases/Main Test Cases/TC6_Verify Make Appoinment Button: Test Cases/Main Test Cases/TC6_Verify Make Appoinment Button FAILED.
Reason:
com.kms.katalon.core.exception.StepFailedException: Unable to verify object to be clickable
	at com.kms.katalon.core.webui.keyword.internal.WebUIKeywordMain.stepFailed(WebUIKeywordMain.groovy:64)
	at com.kms.katalon.core.webui.keyword.internal.WebUIKeywordMain.runKeyword(WebUIKeywordMain.groovy:26)
	at com.kms.katalon.core.webui.keyword.builtin.VerifyElementClickableKeyword.verifyElementClickable(VerifyElementClickableKeyword.groovy:96)
	at com.kms.katalon.core.webui.keyword.builtin.VerifyElementClickableKeyword.execute(VerifyElementClickableKeyword.groovy:67)
	at com.kms.katalon.core.keyword.internal.KeywordExecutor.executeKeywordForPlatform(KeywordExecutor.groovy:74)
	at com.kms.katalon.core.webui.keyword.WebUiBuiltInKeywords.verifyElementClickable(WebUiBuiltInKeywords.groovy:552)
	at com.kms.katalon.core.webui.keyword.WebUiBuiltInKeywords$verifyElementClickable$17.call(Unknown Source)
	at TC6_Verify Make Appoinment Button.run(TC6_Verify Make Appoinment Button:38)
	at com.kms.katalon.core.main.ScriptEngine.run(ScriptEngine.java:194)
	at com.kms.katalon.core.main.ScriptEngine.runScriptAsRawText(ScriptEngine.java:119)
	at com.kms.katalon.core.main.TestCaseExecutor.runScript(TestCaseExecutor.java:442)
	at com.kms.katalon.core.main.TestCaseExecutor.doExecute(TestCaseExecutor.java:433)
	at com.kms.katalon.core.main.TestCaseExecutor.processExecutionPhase(TestCaseExecutor.java:412)
	at com.kms.katalon.core.main.TestCaseExecutor.accessMainPhase(TestCaseExecutor.java:404)
	at com.kms.katalon.core.main.TestCaseExecutor.execute(TestCaseExecutor.java:281)
	at com.kms.katalon.core.main.TestSuiteExecutor.accessTestCaseMainPhase(TestSuiteExecutor.java:202)
	at com.kms.katalon.core.main.TestSuiteExecutor.accessTestSuiteMainPhase(TestSuiteExecutor.java:164)
	at com.kms.katalon.core.main.TestSuiteExecutor.execute(TestSuiteExecutor.java:105)
	at com.kms.katalon.core.main.TestCaseMain.startTestSuite(TestCaseMain.java:185)
	at com.kms.katalon.core.main.TestCaseMain$startTestSuite$0.call(Unknown Source)
	at TempTestSuite1645175512093.run(TempTestSuite1645175512093.groovy:36)
Caused by: java.lang.IllegalArgumentException: Object is null
	at com.kms.katalon.core.helper.KeywordHelper.checkTestObjectParameter(KeywordHelper.java:33)
	at com.kms.katalon.core.webui.keyword.builtin.VerifyElementClickableKeyword$_verifyElementClickable_closure1.doCall(VerifyElementClickableKeyword.groovy:75)
	at com.kms.katalon.core.webui.keyword.builtin.VerifyElementClickableKeyword$_verifyElementClickable_closure1.call(VerifyElementClickableKeyword.groovy)
	at com.kms.katalon.core.webui.keyword.internal.WebUIKeywordMain.runKeyword(WebUIKeywordMain.groovy:20)
	... 19 more


2022-02-18 14:47:08 - [TEST_STEP][PASSED] - comment("Launch URL"): Launch URL

2022-02-18 14:47:08 - [MESSAGE][INFO] - Launch URL

2022-02-18 14:47:08 - [TEST_STEP][PASSED] - comment("User Login With Valid Credentials"): User Login With Valid Credentials

2022-02-18 14:47:08 - [MESSAGE][INFO] - User Login With Valid Credentials

2022-02-18 14:47:08 - [TEST_STEP][PASSED] - openBrowser(G_SiteURL): Browser is opened with url: 'http://demoaut.katalon.com'

2022-02-18 14:47:08 - [MESSAGE][INFO] - Starting 'Chrome' driver

2022-02-18 14:47:08 - [MESSAGE][INFO] - Action delay is set to 0 milliseconds

2022-02-18 14:47:13 - [MESSAGE][PASSED] - Browser is opened with url: 'http://demoaut.katalon.com'

2022-02-18 14:47:13 - [TEST_STEP][PASSED] - maximizeWindow(): Current window maximized

2022-02-18 14:47:13 - [MESSAGE][PASSED] - Current window maximized

2022-02-18 14:47:13 - [TEST_STEP][PASSED] - click(findTestObject("Page_CuraHomepage/btn_MakeAppointment")): Object: 'Object Repository/Page_CuraHomepage/btn_MakeAppointment' is clicked on

2022-02-18 14:47:14 - [MESSAGE][PASSED] - Object: 'Object Repository/Page_CuraHomepage/btn_MakeAppointment' is clicked on

2022-02-18 14:47:14 - [TEST_STEP][PASSED] - setText(findTestObject("Page_Login/txt_UserName"), "John Doe"): Text 'John Doe' is set on object 'Object Repository/Page_Login/txt_UserName'

2022-02-18 14:47:15 - [MESSAGE][PASSED] - Text 'John Doe' is set on object 'Object Repository/Page_Login/txt_UserName'

2022-02-18 14:47:15 - [TEST_STEP][PASSED] - setText(findTestObject("Page_Login/txt_Password"), "ThisIsNotAPassword"): Text 'ThisIsNotAPassword' is set on object 'Object Repository/Page_Login/txt_Password'

2022-02-18 14:47:15 - [MESSAGE][PASSED] - Text 'ThisIsNotAPassword' is set on object 'Object Repository/Page_Login/txt_Password'

2022-02-18 14:47:15 - [TEST_STEP][PASSED] - click(findTestObject("Page_Login/btn_Login")): Object: 'Object Repository/Page_Login/btn_Login' is clicked on

2022-02-18 14:47:16 - [MESSAGE][PASSED] - Object: 'Object Repository/Page_Login/btn_Login' is clicked on

2022-02-18 14:47:16 - [TEST_STEP][PASSED] - comment("User Login to Application"): User Login to Application

2022-02-18 14:47:16 - [MESSAGE][INFO] - User Login to Application

2022-02-18 14:47:16 - [TEST_STEP][FAILED] - verifyElementClickable(findTestObject("Page_AppointmentConfirmation/Page_CURA Healthcare Service/a_Make Appointment"), STOP_ON_FAILURE): Unable to verify object to be clickable (Root cause: com.kms.katalon.core.exception.StepFailedException: Unable to verify object to be clickable
	at com.kms.katalon.core.webui.keyword.internal.WebUIKeywordMain.stepFailed(WebUIKeywordMain.groovy:64)
	at com.kms.katalon.core.webui.keyword.internal.WebUIKeywordMain.runKeyword(WebUIKeywordMain.groovy:26)
	at com.kms.katalon.core.webui.keyword.builtin.VerifyElementClickableKeyword.verifyElementClickable(VerifyElementClickableKeyword.groovy:96)
	at com.kms.katalon.core.webui.keyword.builtin.VerifyElementClickableKeyword.execute(VerifyElementClickableKeyword.groovy:67)
	at com.kms.katalon.core.keyword.internal.KeywordExecutor.executeKeywordForPlatform(KeywordExecutor.groovy:74)
	at com.kms.katalon.core.webui.keyword.WebUiBuiltInKeywords.verifyElementClickable(WebUiBuiltInKeywords.groovy:552)
	at com.kms.katalon.core.webui.keyword.WebUiBuiltInKeywords$verifyElementClickable$17.call(Unknown Source)
	at TC6_Verify Make Appoinment Button.run(TC6_Verify Make Appoinment Button:38)
	at com.kms.katalon.core.main.ScriptEngine.run(ScriptEngine.java:194)
	at com.kms.katalon.core.main.ScriptEngine.runScriptAsRawText(ScriptEngine.java:119)
	at com.kms.katalon.core.main.TestCaseExecutor.runScript(TestCaseExecutor.java:442)
	at com.kms.katalon.core.main.TestCaseExecutor.doExecute(TestCaseExecutor.java:433)
	at com.kms.katalon.core.main.TestCaseExecutor.processExecutionPhase(TestCaseExecutor.java:412)
	at com.kms.katalon.core.main.TestCaseExecutor.accessMainPhase(TestCaseExecutor.java:404)
	at com.kms.katalon.core.main.TestCaseExecutor.execute(TestCaseExecutor.java:281)
	at com.kms.katalon.core.main.TestSuiteExecutor.accessTestCaseMainPhase(TestSuiteExecutor.java:202)
	at com.kms.katalon.core.main.TestSuiteExecutor.accessTestSuiteMainPhase(TestSuiteExecutor.java:164)
	at com.kms.katalon.core.main.TestSuiteExecutor.execute(TestSuiteExecutor.java:105)
	at com.kms.katalon.core.main.TestCaseMain.startTestSuite(TestCaseMain.java:185)
	at com.kms.katalon.core.main.TestCaseMain$startTestSuite$0.call(Unknown Source)
	at TempTestSuite1645175512093.run(TempTestSuite1645175512093.groovy:36)
Caused by: java.lang.IllegalArgumentException: Object is null
	at com.kms.katalon.core.helper.KeywordHelper.checkTestObjectParameter(KeywordHelper.java:33)
	at com.kms.katalon.core.webui.keyword.builtin.VerifyElementClickableKeyword$_verifyElementClickable_closure1.doCall(VerifyElementClickableKeyword.groovy:75)
	at com.kms.katalon.core.webui.keyword.builtin.VerifyElementClickableKeyword$_verifyElementClickable_closure1.call(VerifyElementClickableKeyword.groovy)
	at com.kms.katalon.core.webui.keyword.internal.WebUIKeywordMain.runKeyword(WebUIKeywordMain.groovy:20)
	at com.kms.katalon.core.webui.keyword.builtin.VerifyElementClickableKeyword.verifyElementClickable(VerifyElementClickableKeyword.groovy:96)
	at com.kms.katalon.core.webui.keyword.builtin.VerifyElementClickableKeyword.execute(VerifyElementClickableKeyword.groovy:67)
	at com.kms.katalon.core.keyword.internal.KeywordExecutor.executeKeywordForPlatform(KeywordExecutor.groovy:74)
	at com.kms.katalon.core.webui.keyword.WebUiBuiltInKeywords.verifyElementClickable(WebUiBuiltInKeywords.groovy:552)
	at com.kms.katalon.core.webui.keyword.WebUiBuiltInKeywords$verifyElementClickable$17.call(Unknown Source)
	at Script1645164451424.run(Script1645164451424.groovy:38)
	... 13 more
)

2022-02-18 14:47:16 - [MESSAGE][WARNING] - Test object with id 'Object Repository/Page_AppointmentConfirmation/Page_CURA Healthcare Service/a_Make Appointment' does not exist

2022-02-18 14:47:16 - [MESSAGE][WARNING] - Test object with id 'Object Repository/' does not exist

2022-02-18 14:47:17 - [MESSAGE][FAILED] - Unable to verify object to be clickable (Root cause: com.kms.katalon.core.exception.StepFailedException: Unable to verify object to be clickable
	at com.kms.katalon.core.webui.keyword.internal.WebUIKeywordMain.stepFailed(WebUIKeywordMain.groovy:64)
	at com.kms.katalon.core.webui.keyword.internal.WebUIKeywordMain.runKeyword(WebUIKeywordMain.groovy:26)
	at com.kms.katalon.core.webui.keyword.builtin.VerifyElementClickableKeyword.verifyElementClickable(VerifyElementClickableKeyword.groovy:96)
	at com.kms.katalon.core.webui.keyword.builtin.VerifyElementClickableKeyword.execute(VerifyElementClickableKeyword.groovy:67)
	at com.kms.katalon.core.keyword.internal.KeywordExecutor.executeKeywordForPlatform(KeywordExecutor.groovy:74)
	at com.kms.katalon.core.webui.keyword.WebUiBuiltInKeywords.verifyElementClickable(WebUiBuiltInKeywords.groovy:552)
	at com.kms.katalon.core.webui.keyword.WebUiBuiltInKeywords$verifyElementClickable$17.call(Unknown Source)
	at TC6_Verify Make Appoinment Button.run(TC6_Verify Make Appoinment Button:38)
	at com.kms.katalon.core.main.ScriptEngine.run(ScriptEngine.java:194)
	at com.kms.katalon.core.main.ScriptEngine.runScriptAsRawText(ScriptEngine.java:119)
	at com.kms.katalon.core.main.TestCaseExecutor.runScript(TestCaseExecutor.java:442)
	at com.kms.katalon.core.main.TestCaseExecutor.doExecute(TestCaseExecutor.java:433)
	at com.kms.katalon.core.main.TestCaseExecutor.processExecutionPhase(TestCaseExecutor.java:412)
	at com.kms.katalon.core.main.TestCaseExecutor.accessMainPhase(TestCaseExecutor.java:404)
	at com.kms.katalon.core.main.TestCaseExecutor.execute(TestCaseExecutor.java:281)
	at com.kms.katalon.core.main.TestSuiteExecutor.accessTestCaseMainPhase(TestSuiteExecutor.java:202)
	at com.kms.katalon.core.main.TestSuiteExecutor.accessTestSuiteMainPhase(TestSuiteExecutor.java:164)
	at com.kms.katalon.core.main.TestSuiteExecutor.execute(TestSuiteExecutor.java:105)
	at com.kms.katalon.core.main.TestCaseMain.startTestSuite(TestCaseMain.java:185)
	at com.kms.katalon.core.main.TestCaseMain$startTestSuite$0.call(Unknown Source)
	at TempTestSuite1645175512093.run(TempTestSuite1645175512093.groovy:36)
Caused by: java.lang.IllegalArgumentException: Object is null
	at com.kms.katalon.core.helper.KeywordHelper.checkTestObjectParameter(KeywordHelper.java:33)
	at com.kms.katalon.core.webui.keyword.builtin.VerifyElementClickableKeyword$_verifyElementClickable_closure1.doCall(VerifyElementClickableKeyword.groovy:75)
	at com.kms.katalon.core.webui.keyword.builtin.VerifyElementClickableKeyword$_verifyElementClickable_closure1.call(VerifyElementClickableKeyword.groovy)
	at com.kms.katalon.core.webui.keyword.internal.WebUIKeywordMain.runKeyword(WebUIKeywordMain.groovy:20)
	at com.kms.katalon.core.webui.keyword.builtin.VerifyElementClickableKeyword.verifyElementClickable(VerifyElementClickableKeyword.groovy:96)
	at com.kms.katalon.core.webui.keyword.builtin.VerifyElementClickableKeyword.execute(VerifyElementClickableKeyword.groovy:67)
	at com.kms.katalon.core.keyword.internal.KeywordExecutor.executeKeywordForPlatform(KeywordExecutor.groovy:74)
	at com.kms.katalon.core.webui.keyword.WebUiBuiltInKeywords.verifyElementClickable(WebUiBuiltInKeywords.groovy:552)
	at com.kms.katalon.core.webui.keyword.WebUiBuiltInKeywords$verifyElementClickable$17.call(Unknown Source)
	at Script1645164451424.run(Script1645164451424.groovy:38)
	... 13 more
)
[[ATTACHMENT|C:\\Users\\LENOVO\\git\\CrossCountryKatalon\\Reports\\20220218_144152\\healthcare-tests - TS_RegressionTest\\20220218_144152\\1645175836879.png]]]]></system-out>
         <system-err><![CDATA[2022-02-18 14:47:08 - [TEST_CASE][FAILED] - Test Cases/Main Test Cases/TC6_Verify Make Appoinment Button: Test Cases/Main Test Cases/TC6_Verify Make Appoinment Button FAILED.
Reason:
com.kms.katalon.core.exception.StepFailedException: Unable to verify object to be clickable
	at com.kms.katalon.core.webui.keyword.internal.WebUIKeywordMain.stepFailed(WebUIKeywordMain.groovy:64)
	at com.kms.katalon.core.webui.keyword.internal.WebUIKeywordMain.runKeyword(WebUIKeywordMain.groovy:26)
	at com.kms.katalon.core.webui.keyword.builtin.VerifyElementClickableKeyword.verifyElementClickable(VerifyElementClickableKeyword.groovy:96)
	at com.kms.katalon.core.webui.keyword.builtin.VerifyElementClickableKeyword.execute(VerifyElementClickableKeyword.groovy:67)
	at com.kms.katalon.core.keyword.internal.KeywordExecutor.executeKeywordForPlatform(KeywordExecutor.groovy:74)
	at com.kms.katalon.core.webui.keyword.WebUiBuiltInKeywords.verifyElementClickable(WebUiBuiltInKeywords.groovy:552)
	at com.kms.katalon.core.webui.keyword.WebUiBuiltInKeywords$verifyElementClickable$17.call(Unknown Source)
	at TC6_Verify Make Appoinment Button.run(TC6_Verify Make Appoinment Button:38)
	at com.kms.katalon.core.main.ScriptEngine.run(ScriptEngine.java:194)
	at com.kms.katalon.core.main.ScriptEngine.runScriptAsRawText(ScriptEngine.java:119)
	at com.kms.katalon.core.main.TestCaseExecutor.runScript(TestCaseExecutor.java:442)
	at com.kms.katalon.core.main.TestCaseExecutor.doExecute(TestCaseExecutor.java:433)
	at com.kms.katalon.core.main.TestCaseExecutor.processExecutionPhase(TestCaseExecutor.java:412)
	at com.kms.katalon.core.main.TestCaseExecutor.accessMainPhase(TestCaseExecutor.java:404)
	at com.kms.katalon.core.main.TestCaseExecutor.execute(TestCaseExecutor.java:281)
	at com.kms.katalon.core.main.TestSuiteExecutor.accessTestCaseMainPhase(TestSuiteExecutor.java:202)
	at com.kms.katalon.core.main.TestSuiteExecutor.accessTestSuiteMainPhase(TestSuiteExecutor.java:164)
	at com.kms.katalon.core.main.TestSuiteExecutor.execute(TestSuiteExecutor.java:105)
	at com.kms.katalon.core.main.TestCaseMain.startTestSuite(TestCaseMain.java:185)
	at com.kms.katalon.core.main.TestCaseMain$startTestSuite$0.call(Unknown Source)
	at TempTestSuite1645175512093.run(TempTestSuite1645175512093.groovy:36)
Caused by: java.lang.IllegalArgumentException: Object is null
	at com.kms.katalon.core.helper.KeywordHelper.checkTestObjectParameter(KeywordHelper.java:33)
	at com.kms.katalon.core.webui.keyword.builtin.VerifyElementClickableKeyword$_verifyElementClickable_closure1.doCall(VerifyElementClickableKeyword.groovy:75)
	at com.kms.katalon.core.webui.keyword.builtin.VerifyElementClickableKeyword$_verifyElementClickable_closure1.call(VerifyElementClickableKeyword.groovy)
	at com.kms.katalon.core.webui.keyword.internal.WebUIKeywordMain.runKeyword(WebUIKeywordMain.groovy:20)
	... 19 more]]></system-err>
      </testcase>
      <testcase name="Test Cases/Main Test Cases/TC8_Verify Functionality Of Facility DropDown" time="13.658" classname="Test Cases/Main Test Cases/TC8_Verify Functionality Of Facility DropDown" status="PASSED">
         <system-out><![CDATA[2022-02-18 14:47:17 - [TEST_CASE][PASSED] - Test Cases/Main Test Cases/TC8_Verify Functionality Of Facility DropDown: Test Cases/Main Test Cases/TC8_Verify Functionality Of Facility DropDown

2022-02-18 14:47:17 - [TEST_STEP][PASSED] - comment("Launch URL"): Launch URL

2022-02-18 14:47:17 - [MESSAGE][INFO] - Launch URL

2022-02-18 14:47:17 - [TEST_STEP][PASSED] - openBrowser(G_SiteURL): Browser is opened with url: 'http://demoaut.katalon.com'

2022-02-18 14:47:18 - [MESSAGE][WARNING] - A browser is already opened. Closing browser and opening a new one

2022-02-18 14:47:19 - [MESSAGE][INFO] - Starting 'Chrome' driver

2022-02-18 14:47:19 - [MESSAGE][INFO] - Action delay is set to 0 milliseconds

2022-02-18 14:47:23 - [MESSAGE][PASSED] - Browser is opened with url: 'http://demoaut.katalon.com'

2022-02-18 14:47:23 - [TEST_STEP][PASSED] - comment("User enters valid Credentials"): User enters valid Credentials

2022-02-18 14:47:23 - [MESSAGE][INFO] - User enters valid Credentials

2022-02-18 14:47:23 - [TEST_STEP][PASSED] - maximizeWindow(): Current window maximized

2022-02-18 14:47:23 - [MESSAGE][PASSED] - Current window maximized

2022-02-18 14:47:23 - [TEST_STEP][PASSED] - click(findTestObject("Page_CuraHomepage/btn_MakeAppointment")): Object: 'Object Repository/Page_CuraHomepage/btn_MakeAppointment' is clicked on

2022-02-18 14:47:24 - [MESSAGE][PASSED] - Object: 'Object Repository/Page_CuraHomepage/btn_MakeAppointment' is clicked on

2022-02-18 14:47:24 - [TEST_STEP][PASSED] - setText(findTestObject("Page_Login/txt_UserName"), "John Doe"): Text 'John Doe' is set on object 'Object Repository/Page_Login/txt_UserName'

2022-02-18 14:47:25 - [MESSAGE][PASSED] - Text 'John Doe' is set on object 'Object Repository/Page_Login/txt_UserName'

2022-02-18 14:47:25 - [TEST_STEP][PASSED] - setText(findTestObject("Page_Login/txt_Password"), "ThisIsNotAPassword"): Text 'ThisIsNotAPassword' is set on object 'Object Repository/Page_Login/txt_Password'

2022-02-18 14:47:26 - [MESSAGE][PASSED] - Text 'ThisIsNotAPassword' is set on object 'Object Repository/Page_Login/txt_Password'

2022-02-18 14:47:26 - [TEST_STEP][PASSED] - click(findTestObject("Page_Login/btn_Login")): Object: 'Object Repository/Page_Login/btn_Login' is clicked on

2022-02-18 14:47:27 - [MESSAGE][PASSED] - Object: 'Object Repository/Page_Login/btn_Login' is clicked on

2022-02-18 14:47:27 - [TEST_STEP][PASSED] - comment("Login sucessfully"): Login sucessfully

2022-02-18 14:47:27 - [MESSAGE][INFO] - Login sucessfully

2022-02-18 14:47:27 - [TEST_STEP][PASSED] - click(findTestObject("Page_AppointmentConfirmation/a_Make Appointment")): Object: 'Object Repository/Page_AppointmentConfirmation/a_Make Appointment' is clicked on

2022-02-18 14:47:27 - [MESSAGE][PASSED] - Object: 'Object Repository/Page_AppointmentConfirmation/a_Make Appointment' is clicked on

2022-02-18 14:47:27 - [TEST_STEP][PASSED] - comment("User Navigate to appoinmnet page"): User Navigate to appoinmnet page

2022-02-18 14:47:27 - [MESSAGE][INFO] - User Navigate to appoinmnet page

2022-02-18 14:47:27 - [TEST_STEP][PASSED] - verifyElementVisible(findTestObject("Page_CuraAppointment/lst_Facility")): Object 'Object Repository/Page_CuraAppointment/lst_Facility' is visible

2022-02-18 14:47:28 - [MESSAGE][PASSED] - Object 'Object Repository/Page_CuraAppointment/lst_Facility' is visible

2022-02-18 14:47:28 - [TEST_STEP][PASSED] - verifyElementClickable(findTestObject("Page_CuraAppointment/lst_Facility")): Object 'Object Repository/Page_CuraAppointment/lst_Facility' is clickable

2022-02-18 14:47:28 - [MESSAGE][PASSED] - Object 'Object Repository/Page_CuraAppointment/lst_Facility' is clickable

2022-02-18 14:47:28 - [TEST_STEP][PASSED] - click(findTestObject("Page_CuraAppointment/select_")): Object: 'Object Repository/Page_CuraAppointment/select_' is clicked on

2022-02-18 14:47:28 - [MESSAGE][PASSED] - Object: 'Object Repository/Page_CuraAppointment/select_' is clicked on

2022-02-18 14:47:28 - [TEST_STEP][PASSED] - verifyOptionsPresent(findTestObject("Page_CuraAppointment/select_"), ["Tokyo CURA Healthcare Center", "Hongkong CURA Healthcare Center", "Seoul CURA Healthcare Center"]): Options [Tokyo CURA Healthcare Center, Hongkong CURA Healthcare Center, Seoul CURA Healthcare Center] present.

2022-02-18 14:47:29 - [MESSAGE][PASSED] - Options [Tokyo CURA Healthcare Center, Hongkong CURA Healthcare Center, Seoul CURA Healthcare Center] present.

2022-02-18 14:47:29 - [TEST_STEP][PASSED] - closeBrowser(): Browser is closed

2022-02-18 14:47:31 - [MESSAGE][PASSED] - Browser is closed]]></system-out>
         <system-err><![CDATA[]]></system-err>
      </testcase>
      <testcase name="Test Cases/Main Test Cases/TC103_Verify Cura HelthCare Service Title is displayed on Home page" time="9.604" classname="Test Cases/Main Test Cases/TC103_Verify Cura HelthCare Service Title is displayed on Home page" status="PASSED">
         <system-out><![CDATA[2022-02-18 14:47:31 - [TEST_CASE][PASSED] - Test Cases/Main Test Cases/TC103_Verify Cura HelthCare Service Title is displayed on Home page: Test Cases/Main Test Cases/TC103_Verify Cura HelthCare Service Title is displayed on Home page

2022-02-18 14:47:31 - [TEST_STEP][PASSED] - openBrowser(findTestData("TestData").getValue(1, 1)): Browser is opened with url: 'https://katalon-demo-cura.herokuapp.com/'

2022-02-18 14:47:31 - [MESSAGE][INFO] - Starting 'Chrome' driver

2022-02-18 14:47:31 - [MESSAGE][INFO] - Action delay is set to 0 milliseconds

2022-02-18 14:47:35 - [MESSAGE][PASSED] - Browser is opened with url: 'https://katalon-demo-cura.herokuapp.com/'

2022-02-18 14:47:35 - [TEST_STEP][PASSED] - maximizeWindow(): Current window maximized

2022-02-18 14:47:35 - [MESSAGE][PASSED] - Current window maximized

2022-02-18 14:47:35 - [TEST_STEP][PASSED] - click(findTestObject("Page_CURA Healthcare Service/a_Make Appointment")): Object: 'Object Repository/Page_CURA Healthcare Service/a_Make Appointment' is clicked on

2022-02-18 14:47:36 - [MESSAGE][PASSED] - Object: 'Object Repository/Page_CURA Healthcare Service/a_Make Appointment' is clicked on

2022-02-18 14:47:36 - [TEST_STEP][PASSED] - setText(findTestObject("Page_Login/txt_UserName"), findTestData("TestData").getValue(2, 1)): Text 'John Doe' is set on object 'Object Repository/Page_Login/txt_UserName'

2022-02-18 14:47:37 - [MESSAGE][PASSED] - Text 'John Doe' is set on object 'Object Repository/Page_Login/txt_UserName'

2022-02-18 14:47:37 - [TEST_STEP][PASSED] - setText(findTestObject("Page_Login/txt_Password"), findTestData("TestData").getValue(3, 1)): Text 'ThisIsNotAPassword' is set on object 'Object Repository/Page_Login/txt_Password'

2022-02-18 14:47:38 - [MESSAGE][PASSED] - Text 'ThisIsNotAPassword' is set on object 'Object Repository/Page_Login/txt_Password'

2022-02-18 14:47:38 - [TEST_STEP][PASSED] - click(findTestObject("Page_Login/btn_Login")): Object: 'Object Repository/Page_Login/btn_Login' is clicked on

2022-02-18 14:47:39 - [MESSAGE][PASSED] - Object: 'Object Repository/Page_Login/btn_Login' is clicked on

2022-02-18 14:47:39 - [TEST_STEP][PASSED] - verifyElementPresent(findTestObject("Page_CURA Healthcare Service/h1_CURA Healthcare Service"), 0): Object 'Object Repository/Page_CURA Healthcare Service/h1_CURA Healthcare Service' is present

2022-02-18 14:47:39 - [MESSAGE][WARNING] - Timeout '0' is invalid. Using default page load timeout: '30'

2022-02-18 14:47:39 - [MESSAGE][PASSED] - Object 'Object Repository/Page_CURA Healthcare Service/h1_CURA Healthcare Service' is present

2022-02-18 14:47:39 - [TEST_STEP][PASSED] - closeBrowser(): Browser is closed

2022-02-18 14:47:40 - [MESSAGE][PASSED] - Browser is closed]]></system-out>
         <system-err><![CDATA[]]></system-err>
      </testcase>
      <testcase name="Test Cases/Main Test Cases/TC102_ Verify Login With Invalid Password" time="10.755" classname="Test Cases/Main Test Cases/TC102_ Verify Login With Invalid Password" status="PASSED">
         <system-out><![CDATA[2022-02-18 14:47:40 - [TEST_CASE][PASSED] - Test Cases/Main Test Cases/TC102_ Verify Login With Invalid Password: Test Cases/Main Test Cases/TC102_ Verify Login With Invalid Password

2022-02-18 14:47:41 - [TEST_STEP][PASSED] - comment("Story:Login To cura System using Valid UserName and Invalid Password"): Story:Login To cura System using Valid UserName and Invalid Password

2022-02-18 14:47:41 - [MESSAGE][INFO] - Story:Login To cura System using Valid UserName and Invalid Password

2022-02-18 14:47:41 - [TEST_STEP][PASSED] - openBrowser(G_SiteURL): Browser is opened with url: 'http://demoaut.katalon.com'

2022-02-18 14:47:41 - [MESSAGE][INFO] - Starting 'Chrome' driver

2022-02-18 14:47:41 - [MESSAGE][INFO] - Action delay is set to 0 milliseconds

2022-02-18 14:47:45 - [MESSAGE][PASSED] - Browser is opened with url: 'http://demoaut.katalon.com'

2022-02-18 14:47:45 - [TEST_STEP][PASSED] - maximizeWindow(): Current window maximized

2022-02-18 14:47:45 - [MESSAGE][PASSED] - Current window maximized

2022-02-18 14:47:45 - [TEST_STEP][PASSED] - click(findTestObject("Page_CURA Healthcare Service/a_Make Appointment")): Object: 'Object Repository/Page_CURA Healthcare Service/a_Make Appointment' is clicked on

2022-02-18 14:47:46 - [MESSAGE][PASSED] - Object: 'Object Repository/Page_CURA Healthcare Service/a_Make Appointment' is clicked on

2022-02-18 14:47:46 - [TEST_STEP][PASSED] - setText(findTestObject("Page_Login/txt_UserName"), findTestData("TestData").getValue(2, 1)): Text 'John Doe' is set on object 'Object Repository/Page_Login/txt_UserName'

2022-02-18 14:47:47 - [MESSAGE][PASSED] - Text 'John Doe' is set on object 'Object Repository/Page_Login/txt_UserName'

2022-02-18 14:47:47 - [TEST_STEP][PASSED] - setText(findTestObject("Page_Login/txt_Password"), findTestData("TestData").getValue(5, 1)): Text 'ThisIsNotPass' is set on object 'Object Repository/Page_Login/txt_Password'

2022-02-18 14:47:48 - [MESSAGE][PASSED] - Text 'ThisIsNotPass' is set on object 'Object Repository/Page_Login/txt_Password'

2022-02-18 14:47:48 - [TEST_STEP][PASSED] - click(findTestObject("Page_Login/btn_Login")): Object: 'Object Repository/Page_Login/btn_Login' is clicked on

2022-02-18 14:47:49 - [MESSAGE][PASSED] - Object: 'Object Repository/Page_Login/btn_Login' is clicked on

2022-02-18 14:47:49 - [TEST_STEP][PASSED] - verifyElementPresent(findTestObject("Page_CURA Healthcare Service/p_Login failed Please ensure the username and password are valid"), 0): Object 'Object Repository/Page_CURA Healthcare Service/p_Login failed Please ensure the username and password are valid' is present

2022-02-18 14:47:49 - [MESSAGE][WARNING] - Timeout '0' is invalid. Using default page load timeout: '30'

2022-02-18 14:47:50 - [MESSAGE][PASSED] - Object 'Object Repository/Page_CURA Healthcare Service/p_Login failed Please ensure the username and password are valid' is present

2022-02-18 14:47:50 - [TEST_STEP][PASSED] - closeBrowser(): Browser is closed

2022-02-18 14:47:51 - [MESSAGE][PASSED] - Browser is closed]]></system-out>
         <system-err><![CDATA[]]></system-err>
      </testcase>
      <testcase name="Test Cases/Main Test Cases/TC101_Verify Login with invalid Username" time="10.216" classname="Test Cases/Main Test Cases/TC101_Verify Login with invalid Username" status="PASSED">
         <system-out><![CDATA[2022-02-18 14:47:51 - [TEST_CASE][PASSED] - Test Cases/Main Test Cases/TC101_Verify Login with invalid Username: Test Cases/Main Test Cases/TC101_Verify Login with invalid Username

2022-02-18 14:47:51 - [TEST_STEP][PASSED] - comment("Story:Login To cura System using Invalid UserName"): Story:Login To cura System using Invalid UserName

2022-02-18 14:47:51 - [MESSAGE][INFO] - Story:Login To cura System using Invalid UserName

2022-02-18 14:47:51 - [TEST_STEP][PASSED] - comment("Given that the user has the invalid login information"): Given that the user has the invalid login information

2022-02-18 14:47:51 - [MESSAGE][INFO] - Given that the user has the invalid login information

2022-02-18 14:47:51 - [TEST_STEP][PASSED] - openBrowser(G_SiteURL): Browser is opened with url: 'http://demoaut.katalon.com'

2022-02-18 14:47:51 - [MESSAGE][INFO] - Starting 'Chrome' driver

2022-02-18 14:47:51 - [MESSAGE][INFO] - Action delay is set to 0 milliseconds

2022-02-18 14:47:56 - [MESSAGE][PASSED] - Browser is opened with url: 'http://demoaut.katalon.com'

2022-02-18 14:47:56 - [TEST_STEP][PASSED] - maximizeWindow(): Current window maximized

2022-02-18 14:47:56 - [MESSAGE][PASSED] - Current window maximized

2022-02-18 14:47:56 - [TEST_STEP][PASSED] - click(findTestObject("Page_CURA Healthcare Service/a_Make Appointment")): Object: 'Object Repository/Page_CURA Healthcare Service/a_Make Appointment' is clicked on

2022-02-18 14:47:57 - [MESSAGE][PASSED] - Object: 'Object Repository/Page_CURA Healthcare Service/a_Make Appointment' is clicked on

2022-02-18 14:47:57 - [TEST_STEP][PASSED] - setText(findTestObject("Page_Login/txt_UserName"), findTestData("TestData").getValue(4, 1)): Text 'John DO' is set on object 'Object Repository/Page_Login/txt_UserName'

2022-02-18 14:47:58 - [MESSAGE][PASSED] - Text 'John DO' is set on object 'Object Repository/Page_Login/txt_UserName'

2022-02-18 14:47:58 - [TEST_STEP][PASSED] - setText(findTestObject("Page_Login/txt_Password"), "ThisIsNotAPassword"): Text 'ThisIsNotAPassword' is set on object 'Object Repository/Page_Login/txt_Password'

2022-02-18 14:47:59 - [MESSAGE][PASSED] - Text 'ThisIsNotAPassword' is set on object 'Object Repository/Page_Login/txt_Password'

2022-02-18 14:47:59 - [TEST_STEP][PASSED] - click(findTestObject("Page_Login/btn_Login")): Object: 'Object Repository/Page_Login/btn_Login' is clicked on

2022-02-18 14:48:00 - [MESSAGE][PASSED] - Object: 'Object Repository/Page_Login/btn_Login' is clicked on

2022-02-18 14:48:00 - [TEST_STEP][PASSED] - verifyElementPresent(findTestObject("Page_CURA Healthcare Service/p_Login failed Please ensure the username and password are valid"), G_ShortTimeOut): Object 'Object Repository/Page_CURA Healthcare Service/p_Login failed Please ensure the username and password are valid' is present

2022-02-18 14:48:00 - [MESSAGE][PASSED] - Object 'Object Repository/Page_CURA Healthcare Service/p_Login failed Please ensure the username and password are valid' is present

2022-02-18 14:48:00 - [TEST_STEP][PASSED] - comment("Error Message displayed with Invalid User name"): Error Message displayed with Invalid User name

2022-02-18 14:48:00 - [MESSAGE][INFO] - Error Message displayed with Invalid User name

2022-02-18 14:48:00 - [TEST_STEP][PASSED] - closeBrowser(): Browser is closed

2022-02-18 14:48:01 - [MESSAGE][PASSED] - Browser is closed]]></system-out>
         <system-err><![CDATA[]]></system-err>
      </testcase>
      <system-out><![CDATA[2022-02-18 14:41:55 - [TEST_SUITE][ERROR] - healthcare-tests - TS_RegressionTest: Test Cases/Main Test Cases/TC112_Verify User should not able to select past Date FAILED.
Reason:
org.codehaus.groovy.control.MultipleCompilationErrorsException: startup failed:
file:/C:/Users/LENOVO/git/CrossCountryKatalon/Scripts/Main%20Test%20Cases/TC112_Verify%20User%20should%20not%20able%20to%20select%20past%20Date/Script1645166010274.groovy: 36: unable to resolve class SimpleDateFormat 
 @ line 36, column 18.
   SimpleDateFormat format = new SimpleDateFormat('yyyy-MM-dd')
                    ^

file:/C:/Users/LENOVO/git/CrossCountryKatalon/Scripts/Main%20Test%20Cases/TC112_Verify%20User%20should%20not%20able%20to%20select%20past%20Date/Script1645166010274.groovy: 36: unable to resolve class SimpleDateFormat 
 @ line 36, column 27.
   SimpleDateFormat format = new SimpleDateFormat('yyyy-MM-dd')
                             ^

2 errors

	at com.kms.katalon.core.main.ScriptEngine.getScript(ScriptEngine.java:199)
	at com.kms.katalon.core.main.ScriptEngine.run(ScriptEngine.java:194)
	at com.kms.katalon.core.main.ScriptEngine.runScriptAsRawText(ScriptEngine.java:119)
	at com.kms.katalon.core.main.TestCaseExecutor.runScript(TestCaseExecutor.java:442)
	at com.kms.katalon.core.main.TestCaseExecutor.doExecute(TestCaseExecutor.java:433)
	at com.kms.katalon.core.main.TestCaseExecutor.processExecutionPhase(TestCaseExecutor.java:412)
	at com.kms.katalon.core.main.TestCaseExecutor.accessMainPhase(TestCaseExecutor.java:404)
	at com.kms.katalon.core.main.TestCaseExecutor.execute(TestCaseExecutor.java:281)
	at com.kms.katalon.core.main.TestSuiteExecutor.accessTestCaseMainPhase(TestSuiteExecutor.java:202)
	at com.kms.katalon.core.main.TestSuiteExecutor.accessTestSuiteMainPhase(TestSuiteExecutor.java:164)
	at com.kms.katalon.core.main.TestSuiteExecutor.execute(TestSuiteExecutor.java:105)
	at com.kms.katalon.core.main.TestCaseMain.startTestSuite(TestCaseMain.java:185)
	at com.kms.katalon.core.main.TestCaseMain$startTestSuite$0.call(Unknown Source)
	at TempTestSuite1645175512093.run(TempTestSuite1645175512093.groovy:36)]]></system-out>
      <system-err><![CDATA[2022-02-18 14:41:55 - [TEST_SUITE][ERROR] - healthcare-tests - TS_RegressionTest: Test Cases/Main Test Cases/TC112_Verify User should not able to select past Date FAILED.
Reason:
org.codehaus.groovy.control.MultipleCompilationErrorsException: startup failed:
file:/C:/Users/LENOVO/git/CrossCountryKatalon/Scripts/Main%20Test%20Cases/TC112_Verify%20User%20should%20not%20able%20to%20select%20past%20Date/Script1645166010274.groovy: 36: unable to resolve class SimpleDateFormat 
 @ line 36, column 18.
   SimpleDateFormat format = new SimpleDateFormat('yyyy-MM-dd')
                    ^

file:/C:/Users/LENOVO/git/CrossCountryKatalon/Scripts/Main%20Test%20Cases/TC112_Verify%20User%20should%20not%20able%20to%20select%20past%20Date/Script1645166010274.groovy: 36: unable to resolve class SimpleDateFormat 
 @ line 36, column 27.
   SimpleDateFormat format = new SimpleDateFormat('yyyy-MM-dd')
                             ^

2 errors

	at com.kms.katalon.core.main.ScriptEngine.getScript(ScriptEngine.java:199)
	at com.kms.katalon.core.main.ScriptEngine.run(ScriptEngine.java:194)
	at com.kms.katalon.core.main.ScriptEngine.runScriptAsRawText(ScriptEngine.java:119)
	at com.kms.katalon.core.main.TestCaseExecutor.runScript(TestCaseExecutor.java:442)
	at com.kms.katalon.core.main.TestCaseExecutor.doExecute(TestCaseExecutor.java:433)
	at com.kms.katalon.core.main.TestCaseExecutor.processExecutionPhase(TestCaseExecutor.java:412)
	at com.kms.katalon.core.main.TestCaseExecutor.accessMainPhase(TestCaseExecutor.java:404)
	at com.kms.katalon.core.main.TestCaseExecutor.execute(TestCaseExecutor.java:281)
	at com.kms.katalon.core.main.TestSuiteExecutor.accessTestCaseMainPhase(TestSuiteExecutor.java:202)
	at com.kms.katalon.core.main.TestSuiteExecutor.accessTestSuiteMainPhase(TestSuiteExecutor.java:164)
	at com.kms.katalon.core.main.TestSuiteExecutor.execute(TestSuiteExecutor.java:105)
	at com.kms.katalon.core.main.TestCaseMain.startTestSuite(TestCaseMain.java:185)
	at com.kms.katalon.core.main.TestCaseMain$startTestSuite$0.call(Unknown Source)
	at TempTestSuite1645175512093.run(TempTestSuite1645175512093.groovy:36)]]></system-err>
   </testsuite>
</testsuites>
