<?xml version="1.0" encoding="UTF-8"?>
<testsuites name="healthcare-tests - TS_RegressionTest" time="361.251" tests="23" failures="1" errors="1">
   <testsuite name="healthcare-tests - TS_RegressionTest" tests="23" failures="1" errors="1" time="361.251" skipped="0" timestamp="2022-02-18 16:07:27" hostname="LENOVO - DESKTOP-TMI6UL6" id="Test Suites/healthcare-tests - TS_RegressionTest">
      <properties>
         <property name="deviceName" value=""/>
         <property name="devicePlatform" value=""/>
         <property name="logFolder" value="C:\\Users\\LENOVO\\git\\CrossCountryKatalon\\Reports\\20220218_160723\\healthcare-tests - TS_RegressionTest\\20220218_160723"/>
         <property name="logFiles" value="C:\\Users\\LENOVO\\git\\CrossCountryKatalon\\Reports\\20220218_160723\\healthcare-tests - TS_RegressionTest\\20220218_160723\\execution0.log"/>
         <property name="attachments" value="keyes\keyes-login page.png, keyes\keyes-appointment page.png, keyes\keyes-booked appointment.png, C:\\Users\\LENOVO\\git\\CrossCountryKatalon\\Reports\\20220218_160723\\healthcare-tests - TS_RegressionTest\\20220218_160723\\1645180685320.png, C:\\Users\\LENOVO\\git\\CrossCountryKatalon\\Reports\\20220218_160723\\healthcare-tests - TS_RegressionTest\\20220218_160723\\1645180704666.png, C:\\Users\\LENOVO\\git\\CrossCountryKatalon\\Reports\\20220218_160723\\healthcare-tests - TS_RegressionTest\\20220218_160723\\1645180927086.png"/>
         <property name="hostName" value="LENOVO - DESKTOP-TMI6UL6"/>
         <property name="os" value="Windows 10 64bit"/>
         <property name="katalonVersion" value="8.2.5.208"/>
         <property name="browser" value="Chrome 98.0.4758.102"/>
         <property name="hostAddress" value="192.168.29.241"/>
         <property name="sessionId" value="17614510924066efce243fc032d4a3a1"/>
         <property name="seleniumVersion" value="3.141.59"/>
         <property name="proxyInformation" value="ProxyInformation { proxyOption=NO_PROXY, proxyServerType=HTTP, username=, password=********, proxyServerAddress=, proxyServerPort=0, executionList=&quot;&quot;, isApplyToDesiredCapabilities=true }"/>
         <property name="platform" value="Windows 10"/>
      </properties>
      <testcase name="Test Cases/Main Test Cases/TC01_Verify Successful Login" time="13.83" classname="Test Cases/Main Test Cases/TC01_Verify Successful Login" status="PASSED">
         <system-out><![CDATA[2022-02-18 16:07:27 - [TEST_CASE][PASSED] - Test Cases/Main Test Cases/TC01_Verify Successful Login: Test Cases/Main Test Cases/TC01_Verify Successful Login

2022-02-18 16:07:28 - [TEST_STEP][PASSED] - comment("Story: Login to CURA system"): Story: Login to CURA system

2022-02-18 16:07:28 - [MESSAGE][INFO] - Story: Login to CURA system

2022-02-18 16:07:28 - [TEST_STEP][PASSED] - comment("Given that the user has the valid login information"): Given that the user has the valid login information

2022-02-18 16:07:28 - [MESSAGE][INFO] - Given that the user has the valid login information

2022-02-18 16:07:28 - [TEST_STEP][PASSED] - openBrowser(G_SiteURL): Browser is opened with url: 'http://demoaut.katalon.com'

2022-02-18 16:07:29 - [MESSAGE][INFO] - Starting 'Chrome' driver

2022-02-18 16:07:29 - [MESSAGE][INFO] - Action delay is set to 0 milliseconds

2022-02-18 16:07:35 - [MESSAGE][PASSED] - Browser is opened with url: 'http://demoaut.katalon.com'

2022-02-18 16:07:35 - [TEST_STEP][PASSED] - click(findTestObject("Page_CuraHomepage/btn_MakeAppointment")): Object: 'Object Repository/Page_CuraHomepage/btn_MakeAppointment' is clicked on

2022-02-18 16:07:37 - [MESSAGE][PASSED] - Object: 'Object Repository/Page_CuraHomepage/btn_MakeAppointment' is clicked on

2022-02-18 16:07:37 - [TEST_STEP][PASSED] - setText(findTestObject("Page_Login/txt_UserName"), Username): Text 'John Doe' is set on object 'Object Repository/Page_Login/txt_UserName'

2022-02-18 16:07:38 - [MESSAGE][PASSED] - Text 'John Doe' is set on object 'Object Repository/Page_Login/txt_UserName'

2022-02-18 16:07:38 - [TEST_STEP][PASSED] - setText(findTestObject("Page_Login/txt_Password"), Password): Text 'ThisIsNotAPassword' is set on object 'Object Repository/Page_Login/txt_Password'

2022-02-18 16:07:39 - [MESSAGE][PASSED] - Text 'ThisIsNotAPassword' is set on object 'Object Repository/Page_Login/txt_Password'

2022-02-18 16:07:39 - [TEST_STEP][PASSED] - comment("When he logins to CURA system"): When he logins to CURA system

2022-02-18 16:07:39 - [MESSAGE][INFO] - When he logins to CURA system

2022-02-18 16:07:39 - [TEST_STEP][PASSED] - click(findTestObject("Page_Login/btn_Login")): Object: 'Object Repository/Page_Login/btn_Login' is clicked on

2022-02-18 16:07:40 - [MESSAGE][PASSED] - Object: 'Object Repository/Page_Login/btn_Login' is clicked on

2022-02-18 16:07:40 - [TEST_STEP][PASSED] - comment("Then he should be able to login successfully"): Then he should be able to login successfully

2022-02-18 16:07:40 - [MESSAGE][INFO] - Then he should be able to login successfully

2022-02-18 16:07:40 - [TEST_STEP][PASSED] - landingPage = verifyElementPresent(findTestObject("Page_CuraAppointment/div_Appointment"), G_Timeout): Object 'Object Repository/Page_CuraAppointment/div_Appointment' is present

2022-02-18 16:07:40 - [MESSAGE][PASSED] - Object 'Object Repository/Page_CuraAppointment/div_Appointment' is present

2022-02-18 16:07:40 - [TEST_STEP][PASSED] - closeBrowser(): Browser is closed

2022-02-18 16:07:41 - [MESSAGE][PASSED] - Browser is closed]]></system-out>
         <system-err><![CDATA[]]></system-err>
      </testcase>
      <testcase name="Test Cases/Main Test Cases/TC03_Visual Testing Example" time="25.343" classname="Test Cases/Main Test Cases/TC03_Visual Testing Example" status="PASSED">
         <system-out><![CDATA[2022-02-18 16:07:41 - [TEST_CASE][PASSED] - Test Cases/Main Test Cases/TC03_Visual Testing Example: Test Cases/Main Test Cases/TC03_Visual Testing Example

2022-02-18 16:07:42 - [TEST_STEP][PASSED] - comment("Story: Book an appointment"): Story: Book an appointment

2022-02-18 16:07:42 - [MESSAGE][INFO] - Story: Book an appointment

2022-02-18 16:07:42 - [TEST_STEP][PASSED] - comment("Given that the user has logged into their account"): Given that the user has logged into their account

2022-02-18 16:07:42 - [MESSAGE][INFO] - Given that the user has logged into their account

2022-02-18 16:07:42 - [TEST_STEP][PASSED] - openBrowser(G_SiteURL): Browser is opened with url: 'http://demoaut.katalon.com'

2022-02-18 16:07:42 - [MESSAGE][INFO] - Starting 'Chrome' driver

2022-02-18 16:07:42 - [MESSAGE][INFO] - Action delay is set to 0 milliseconds

2022-02-18 16:07:47 - [MESSAGE][PASSED] - Browser is opened with url: 'http://demoaut.katalon.com'

2022-02-18 16:07:47 - [TEST_STEP][PASSED] - takeScreenshotAsCheckpoint("login page"): Taking screenshot successfully

2022-02-18 16:07:48 - [MESSAGE][INFO] - 0 hidden object(s)

2022-02-18 16:07:49 - [MESSAGE][PASSED] - Taking screenshot successfully
[[ATTACHMENT|keyes\keyes-login page.png]]

2022-02-18 16:07:49 - [TEST_STEP][PASSED] - callTestCase(findTestCase("Common Test Cases/Login"), ["Username":"John Doe", "Password":"ThisIsNotAPassword"], STOP_ON_FAILURE): Call Test Case 'Test Cases/Common Test Cases/Login' successfully

2022-02-18 16:07:49 - [TEST_CASE][PASSED] - Test Cases/Common Test Cases/Login: Test Cases/Common Test Cases/Login

2022-02-18 16:07:49 - [TEST_STEP][PASSED] - click(findTestObject("Page_CuraHomepage/btn_MakeAppointment")): Object: 'Object Repository/Page_CuraHomepage/btn_MakeAppointment' is clicked on

2022-02-18 16:07:50 - [MESSAGE][PASSED] - Object: 'Object Repository/Page_CuraHomepage/btn_MakeAppointment' is clicked on

2022-02-18 16:07:50 - [TEST_STEP][PASSED] - setText(findTestObject("Page_Login/txt_UserName"), Username): Text 'John Doe' is set on object 'Object Repository/Page_Login/txt_UserName'

2022-02-18 16:07:51 - [MESSAGE][PASSED] - Text 'John Doe' is set on object 'Object Repository/Page_Login/txt_UserName'

2022-02-18 16:07:51 - [TEST_STEP][PASSED] - setText(findTestObject("Page_Login/txt_Password"), Password): Text 'ThisIsNotAPassword' is set on object 'Object Repository/Page_Login/txt_Password'

2022-02-18 16:07:52 - [MESSAGE][PASSED] - Text 'ThisIsNotAPassword' is set on object 'Object Repository/Page_Login/txt_Password'

2022-02-18 16:07:52 - [TEST_STEP][PASSED] - click(findTestObject("Page_Login/btn_Login")): Object: 'Object Repository/Page_Login/btn_Login' is clicked on

2022-02-18 16:07:53 - [MESSAGE][PASSED] - Object: 'Object Repository/Page_Login/btn_Login' is clicked on

2022-02-18 16:07:53 - [TEST_STEP][PASSED] - landingPage = verifyElementPresent(findTestObject("Page_CuraAppointment/div_Appointment"), G_Timeout): Object 'Object Repository/Page_CuraAppointment/div_Appointment' is present

2022-02-18 16:07:53 - [MESSAGE][PASSED] - Object 'Object Repository/Page_CuraAppointment/div_Appointment' is present

2022-02-18 16:07:53 - [MESSAGE][PASSED] - Call Test Case 'Test Cases/Common Test Cases/Login' successfully

2022-02-18 16:07:53 - [TEST_STEP][PASSED] - comment("And Appointment page is displayed"): And Appointment page is displayed

2022-02-18 16:07:53 - [MESSAGE][INFO] - And Appointment page is displayed

2022-02-18 16:07:53 - [TEST_STEP][PASSED] - if (true): Text 'Please make appointment as soon as possible.' is set on object 'Object Repository/Page_CuraAppointment/txt_Comment'

2022-02-18 16:07:53 - [TEST_STEP][PASSED] - takeScreenshotAsCheckpoint("appointment page"): Taking screenshot successfully

2022-02-18 16:07:54 - [MESSAGE][INFO] - 0 hidden object(s)

2022-02-18 16:07:54 - [MESSAGE][PASSED] - Taking screenshot successfully
[[ATTACHMENT|keyes\keyes-appointment page.png]]

2022-02-18 16:07:54 - [TEST_STEP][PASSED] - selectOptionByLabel(findTestObject("Page_CuraAppointment/lst_Facility"), "Hongkong CURA Healthcare Center", false): All options with label 'Hongkong CURA Healthcare Center' are selected in object 'Object Repository/Page_CuraAppointment/lst_Facility' 

2022-02-18 16:07:54 - [MESSAGE][PASSED] - All options with label 'Hongkong CURA Healthcare Center' are selected in object 'Object Repository/Page_CuraAppointment/lst_Facility' 

2022-02-18 16:07:54 - [TEST_STEP][PASSED] - check(findTestObject("Page_CuraAppointment/chk_Medicaid")): Object 'Object Repository/Page_CuraAppointment/chk_Medicaid' is checked

2022-02-18 16:07:55 - [MESSAGE][PASSED] - Object 'Object Repository/Page_CuraAppointment/chk_Medicaid' is checked

2022-02-18 16:07:55 - [TEST_STEP][PASSED] - check(findTestObject("Page_CuraAppointment/chk_Readmission")): Object 'Object Repository/Page_CuraAppointment/chk_Readmission' is checked

2022-02-18 16:07:55 - [MESSAGE][PASSED] - Object 'Object Repository/Page_CuraAppointment/chk_Readmission' is checked

2022-02-18 16:07:55 - [TEST_STEP][PASSED] - setText(findTestObject("Page_CuraAppointment/txt_VisitDate"), "27/12/2016"): Text '27/12/2016' is set on object 'Object Repository/Page_CuraAppointment/txt_VisitDate'

2022-02-18 16:07:57 - [MESSAGE][PASSED] - Text '27/12/2016' is set on object 'Object Repository/Page_CuraAppointment/txt_VisitDate'

2022-02-18 16:07:57 - [TEST_STEP][PASSED] - setText(findTestObject("Page_CuraAppointment/txt_Comment"), "Please make appointment as soon as possible."): Text 'Please make appointment as soon as possible.' is set on object 'Object Repository/Page_CuraAppointment/txt_Comment'

2022-02-18 16:07:58 - [MESSAGE][PASSED] - Text 'Please make appointment as soon as possible.' is set on object 'Object Repository/Page_CuraAppointment/txt_Comment'

2022-02-18 16:07:58 - [TEST_STEP][PASSED] - comment("When he fills in valid information in Appointment page"): When he fills in valid information in Appointment page

2022-02-18 16:07:58 - [MESSAGE][INFO] - When he fills in valid information in Appointment page

2022-02-18 16:07:58 - [TEST_STEP][PASSED] - click(findTestObject("Page_CuraAppointment/btn_BookAppointment")): Object: 'Object Repository/Page_CuraAppointment/btn_BookAppointment' is clicked on

2022-02-18 16:07:59 - [MESSAGE][PASSED] - Object: 'Object Repository/Page_CuraAppointment/btn_BookAppointment' is clicked on

2022-02-18 16:07:59 - [TEST_STEP][PASSED] - verifyTextPresent("Appointment Confirmation", false): Text 'Appointment Confirmation' is present on page 

2022-02-18 16:07:59 - [MESSAGE][PASSED] - Text 'Appointment Confirmation' is present on page 

2022-02-18 16:07:59 - [TEST_STEP][PASSED] - comment("Then he should be able to book a new appointment"): Then he should be able to book a new appointment

2022-02-18 16:07:59 - [MESSAGE][INFO] - Then he should be able to book a new appointment

2022-02-18 16:07:59 - [TEST_STEP][PASSED] - if (true): Actual text 'Please make appointment as soon as possible.' and expected text 'Please make appointment as soon as possible.' are matched 

2022-02-18 16:07:59 - [TEST_STEP][PASSED] - takeFullPageScreenshotAsCheckpoint("booked appointment", [findTestObject("Page_AppointmentConfirmation/lbl_VisitDate")]): Taking screenshot successfully

2022-02-18 16:07:59 - [MESSAGE][WARNING] - Timeout '0' is invalid. Using default page load timeout: '30'

2022-02-18 16:08:00 - [MESSAGE][INFO] - 1 hidden object(s)

2022-02-18 16:08:01 - [MESSAGE][INFO] - 0 hidden object(s)

2022-02-18 16:08:02 - [MESSAGE][PASSED] - Taking screenshot successfully
[[ATTACHMENT|keyes\keyes-booked appointment.png]]

2022-02-18 16:08:02 - [TEST_STEP][PASSED] - verifyMatch("Hongkong CURA Healthcare Center", getText(findTestObject("Page_AppointmentConfirmation/lbl_Facility")), false): Actual text 'Hongkong CURA Healthcare Center' and expected text 'Hongkong CURA Healthcare Center' are matched 

2022-02-18 16:08:02 - [MESSAGE][PASSED] - Text of object 'Object Repository/Page_AppointmentConfirmation/lbl_Facility' is: 'Hongkong CURA Healthcare Center'

2022-02-18 16:08:02 - [MESSAGE][PASSED] - Actual text 'Hongkong CURA Healthcare Center' and expected text 'Hongkong CURA Healthcare Center' are matched 

2022-02-18 16:08:02 - [TEST_STEP][PASSED] - verifyMatch("Yes", getText(findTestObject("Page_AppointmentConfirmation/lbl_HospitalReadmission")), false): Actual text 'Yes' and expected text 'Yes' are matched 

2022-02-18 16:08:03 - [MESSAGE][PASSED] - Text of object 'Object Repository/Page_AppointmentConfirmation/lbl_HospitalReadmission' is: 'Yes'

2022-02-18 16:08:03 - [MESSAGE][PASSED] - Actual text 'Yes' and expected text 'Yes' are matched 

2022-02-18 16:08:03 - [TEST_STEP][PASSED] - verifyMatch("Medicaid", getText(findTestObject("Page_AppointmentConfirmation/lbl_Program")), false): Actual text 'Medicaid' and expected text 'Medicaid' are matched 

2022-02-18 16:08:03 - [MESSAGE][PASSED] - Text of object 'Object Repository/Page_AppointmentConfirmation/lbl_Program' is: 'Medicaid'

2022-02-18 16:08:03 - [MESSAGE][PASSED] - Actual text 'Medicaid' and expected text 'Medicaid' are matched 

2022-02-18 16:08:03 - [TEST_STEP][PASSED] - verifyMatch("27/12/2016", getText(findTestObject("Page_AppointmentConfirmation/lbl_VisitDate")), false): Actual text '27/12/2016' and expected text '27/12/2016' are matched 

2022-02-18 16:08:04 - [MESSAGE][PASSED] - Text of object 'Object Repository/Page_AppointmentConfirmation/lbl_VisitDate' is: '27/12/2016'

2022-02-18 16:08:04 - [MESSAGE][PASSED] - Actual text '27/12/2016' and expected text '27/12/2016' are matched 

2022-02-18 16:08:04 - [TEST_STEP][PASSED] - verifyMatch("Please make appointment as soon as possible.", getText(findTestObject("Page_AppointmentConfirmation/lbl_Comment")), false): Actual text 'Please make appointment as soon as possible.' and expected text 'Please make appointment as soon as possible.' are matched 

2022-02-18 16:08:05 - [MESSAGE][PASSED] - Text of object 'Object Repository/Page_AppointmentConfirmation/lbl_Comment' is: 'Please make appointment as soon as possible.'

2022-02-18 16:08:05 - [MESSAGE][PASSED] - Actual text 'Please make appointment as soon as possible.' and expected text 'Please make appointment as soon as possible.' are matched 

2022-02-18 16:08:05 - [TEST_STEP][PASSED] - takeScreenshot(): Taking screenshot successfully

2022-02-18 16:08:06 - [MESSAGE][PASSED] - Taking screenshot successfully
[[ATTACHMENT|C:\\Users\\LENOVO\\git\\CrossCountryKatalon\\Reports\\20220218_160723\\healthcare-tests - TS_RegressionTest\\20220218_160723\\1645180685320.png]]

2022-02-18 16:08:06 - [TEST_STEP][PASSED] - closeBrowser(): Browser is closed

2022-02-18 16:08:07 - [MESSAGE][PASSED] - Browser is closed]]></system-out>
         <system-err><![CDATA[]]></system-err>
      </testcase>
      <testcase name="Test Cases/Main Test Cases/TC02_Verify Successful Appointment" time="18.469" classname="Test Cases/Main Test Cases/TC02_Verify Successful Appointment" status="PASSED">
         <system-out><![CDATA[2022-02-18 16:08:07 - [TEST_CASE][PASSED] - Test Cases/Main Test Cases/TC02_Verify Successful Appointment: Test Cases/Main Test Cases/TC02_Verify Successful Appointment

2022-02-18 16:08:07 - [TEST_STEP][PASSED] - comment("Story: Book an appointment"): Story: Book an appointment

2022-02-18 16:08:07 - [MESSAGE][INFO] - Story: Book an appointment

2022-02-18 16:08:07 - [TEST_STEP][PASSED] - comment("Given that the user has logged into their account"): Given that the user has logged into their account

2022-02-18 16:08:07 - [MESSAGE][INFO] - Given that the user has logged into their account

2022-02-18 16:08:07 - [TEST_STEP][PASSED] - openBrowser(G_SiteURL): Browser is opened with url: 'http://demoaut.katalon.com'

2022-02-18 16:08:07 - [MESSAGE][INFO] - Starting 'Chrome' driver

2022-02-18 16:08:07 - [MESSAGE][INFO] - Action delay is set to 0 milliseconds

2022-02-18 16:08:12 - [MESSAGE][PASSED] - Browser is opened with url: 'http://demoaut.katalon.com'

2022-02-18 16:08:12 - [TEST_STEP][PASSED] - callTestCase(findTestCase("Common Test Cases/Login"), ["Username":"John Doe", "Password":"ThisIsNotAPassword"], STOP_ON_FAILURE): Call Test Case 'Test Cases/Common Test Cases/Login' successfully

2022-02-18 16:08:12 - [TEST_CASE][PASSED] - Test Cases/Common Test Cases/Login: Test Cases/Common Test Cases/Login

2022-02-18 16:08:12 - [TEST_STEP][PASSED] - click(findTestObject("Page_CuraHomepage/btn_MakeAppointment")): Object: 'Object Repository/Page_CuraHomepage/btn_MakeAppointment' is clicked on

2022-02-18 16:08:13 - [MESSAGE][PASSED] - Object: 'Object Repository/Page_CuraHomepage/btn_MakeAppointment' is clicked on

2022-02-18 16:08:13 - [TEST_STEP][PASSED] - setText(findTestObject("Page_Login/txt_UserName"), Username): Text 'John Doe' is set on object 'Object Repository/Page_Login/txt_UserName'

2022-02-18 16:08:14 - [MESSAGE][PASSED] - Text 'John Doe' is set on object 'Object Repository/Page_Login/txt_UserName'

2022-02-18 16:08:14 - [TEST_STEP][PASSED] - setText(findTestObject("Page_Login/txt_Password"), Password): Text 'ThisIsNotAPassword' is set on object 'Object Repository/Page_Login/txt_Password'

2022-02-18 16:08:15 - [MESSAGE][PASSED] - Text 'ThisIsNotAPassword' is set on object 'Object Repository/Page_Login/txt_Password'

2022-02-18 16:08:15 - [TEST_STEP][PASSED] - click(findTestObject("Page_Login/btn_Login")): Object: 'Object Repository/Page_Login/btn_Login' is clicked on

2022-02-18 16:08:16 - [MESSAGE][PASSED] - Object: 'Object Repository/Page_Login/btn_Login' is clicked on

2022-02-18 16:08:16 - [TEST_STEP][PASSED] - landingPage = verifyElementPresent(findTestObject("Page_CuraAppointment/div_Appointment"), G_Timeout): Object 'Object Repository/Page_CuraAppointment/div_Appointment' is present

2022-02-18 16:08:16 - [MESSAGE][PASSED] - Object 'Object Repository/Page_CuraAppointment/div_Appointment' is present

2022-02-18 16:08:16 - [MESSAGE][PASSED] - Call Test Case 'Test Cases/Common Test Cases/Login' successfully

2022-02-18 16:08:16 - [TEST_STEP][PASSED] - comment("And Appointment page is displayed"): And Appointment page is displayed

2022-02-18 16:08:16 - [MESSAGE][INFO] - And Appointment page is displayed

2022-02-18 16:08:16 - [TEST_STEP][PASSED] - if (true): Text 'Please make appointment as soon as possible.' is set on object 'Object Repository/Page_CuraAppointment/txt_Comment'

2022-02-18 16:08:16 - [TEST_STEP][PASSED] - selectOptionByLabel(findTestObject("Page_CuraAppointment/lst_Facility"), "Hongkong CURA Healthcare Center", false): All options with label 'Hongkong CURA Healthcare Center' are selected in object 'Object Repository/Page_CuraAppointment/lst_Facility' 

2022-02-18 16:08:17 - [MESSAGE][PASSED] - All options with label 'Hongkong CURA Healthcare Center' are selected in object 'Object Repository/Page_CuraAppointment/lst_Facility' 

2022-02-18 16:08:17 - [TEST_STEP][PASSED] - check(findTestObject("Page_CuraAppointment/chk_Medicaid")): Object 'Object Repository/Page_CuraAppointment/chk_Medicaid' is checked

2022-02-18 16:08:18 - [MESSAGE][PASSED] - Object 'Object Repository/Page_CuraAppointment/chk_Medicaid' is checked

2022-02-18 16:08:18 - [TEST_STEP][PASSED] - check(findTestObject("Page_CuraAppointment/chk_Readmission")): Object 'Object Repository/Page_CuraAppointment/chk_Readmission' is checked

2022-02-18 16:08:18 - [MESSAGE][PASSED] - Object 'Object Repository/Page_CuraAppointment/chk_Readmission' is checked

2022-02-18 16:08:18 - [TEST_STEP][PASSED] - setText(findTestObject("Page_CuraAppointment/txt_VisitDate"), "27/12/2016"): Text '27/12/2016' is set on object 'Object Repository/Page_CuraAppointment/txt_VisitDate'

2022-02-18 16:08:19 - [MESSAGE][PASSED] - Text '27/12/2016' is set on object 'Object Repository/Page_CuraAppointment/txt_VisitDate'

2022-02-18 16:08:19 - [TEST_STEP][PASSED] - setText(findTestObject("Page_CuraAppointment/txt_Comment"), "Please make appointment as soon as possible."): Text 'Please make appointment as soon as possible.' is set on object 'Object Repository/Page_CuraAppointment/txt_Comment'

2022-02-18 16:08:20 - [MESSAGE][PASSED] - Text 'Please make appointment as soon as possible.' is set on object 'Object Repository/Page_CuraAppointment/txt_Comment'

2022-02-18 16:08:20 - [TEST_STEP][PASSED] - comment("When he fills in valid information in Appointment page"): When he fills in valid information in Appointment page

2022-02-18 16:08:20 - [MESSAGE][INFO] - When he fills in valid information in Appointment page

2022-02-18 16:08:20 - [TEST_STEP][PASSED] - click(findTestObject("Page_CuraAppointment/btn_BookAppointment")): Object: 'Object Repository/Page_CuraAppointment/btn_BookAppointment' is clicked on

2022-02-18 16:08:21 - [MESSAGE][PASSED] - Object: 'Object Repository/Page_CuraAppointment/btn_BookAppointment' is clicked on

2022-02-18 16:08:21 - [TEST_STEP][PASSED] - verifyTextPresent("Appointment Confirmation", false): Text 'Appointment Confirmation' is present on page 

2022-02-18 16:08:21 - [MESSAGE][PASSED] - Text 'Appointment Confirmation' is present on page 

2022-02-18 16:08:21 - [TEST_STEP][PASSED] - comment("Then he should be able to book a new appointment"): Then he should be able to book a new appointment

2022-02-18 16:08:21 - [MESSAGE][INFO] - Then he should be able to book a new appointment

2022-02-18 16:08:21 - [TEST_STEP][PASSED] - if (true): Actual text 'Please make appointment as soon as possible.' and expected text 'Please make appointment as soon as possible.' are matched 

2022-02-18 16:08:21 - [TEST_STEP][PASSED] - verifyMatch("Hongkong CURA Healthcare Center", getText(findTestObject("Page_AppointmentConfirmation/lbl_Facility")), false): Actual text 'Hongkong CURA Healthcare Center' and expected text 'Hongkong CURA Healthcare Center' are matched 

2022-02-18 16:08:22 - [MESSAGE][PASSED] - Text of object 'Object Repository/Page_AppointmentConfirmation/lbl_Facility' is: 'Hongkong CURA Healthcare Center'

2022-02-18 16:08:22 - [MESSAGE][PASSED] - Actual text 'Hongkong CURA Healthcare Center' and expected text 'Hongkong CURA Healthcare Center' are matched 

2022-02-18 16:08:22 - [TEST_STEP][PASSED] - verifyMatch("Yes", getText(findTestObject("Page_AppointmentConfirmation/lbl_HospitalReadmission")), false): Actual text 'Yes' and expected text 'Yes' are matched 

2022-02-18 16:08:22 - [MESSAGE][PASSED] - Text of object 'Object Repository/Page_AppointmentConfirmation/lbl_HospitalReadmission' is: 'Yes'

2022-02-18 16:08:22 - [MESSAGE][PASSED] - Actual text 'Yes' and expected text 'Yes' are matched 

2022-02-18 16:08:22 - [TEST_STEP][PASSED] - verifyMatch("Medicaid", getText(findTestObject("Page_AppointmentConfirmation/lbl_Program")), false): Actual text 'Medicaid' and expected text 'Medicaid' are matched 

2022-02-18 16:08:23 - [MESSAGE][PASSED] - Text of object 'Object Repository/Page_AppointmentConfirmation/lbl_Program' is: 'Medicaid'

2022-02-18 16:08:23 - [MESSAGE][PASSED] - Actual text 'Medicaid' and expected text 'Medicaid' are matched 

2022-02-18 16:08:23 - [TEST_STEP][PASSED] - verifyMatch("27/12/2016", getText(findTestObject("Page_AppointmentConfirmation/lbl_VisitDate")), false): Actual text '27/12/2016' and expected text '27/12/2016' are matched 

2022-02-18 16:08:23 - [MESSAGE][PASSED] - Text of object 'Object Repository/Page_AppointmentConfirmation/lbl_VisitDate' is: '27/12/2016'

2022-02-18 16:08:23 - [MESSAGE][PASSED] - Actual text '27/12/2016' and expected text '27/12/2016' are matched 

2022-02-18 16:08:23 - [TEST_STEP][PASSED] - verifyMatch("Please make appointment as soon as possible.", getText(findTestObject("Page_AppointmentConfirmation/lbl_Comment")), false): Actual text 'Please make appointment as soon as possible.' and expected text 'Please make appointment as soon as possible.' are matched 

2022-02-18 16:08:24 - [MESSAGE][PASSED] - Text of object 'Object Repository/Page_AppointmentConfirmation/lbl_Comment' is: 'Please make appointment as soon as possible.'

2022-02-18 16:08:24 - [MESSAGE][PASSED] - Actual text 'Please make appointment as soon as possible.' and expected text 'Please make appointment as soon as possible.' are matched 

2022-02-18 16:08:24 - [TEST_STEP][PASSED] - takeScreenshot(): Taking screenshot successfully

2022-02-18 16:08:24 - [MESSAGE][PASSED] - Taking screenshot successfully
[[ATTACHMENT|C:\\Users\\LENOVO\\git\\CrossCountryKatalon\\Reports\\20220218_160723\\healthcare-tests - TS_RegressionTest\\20220218_160723\\1645180704666.png]]

2022-02-18 16:08:24 - [TEST_STEP][PASSED] - closeBrowser(): Browser is closed

2022-02-18 16:08:25 - [MESSAGE][PASSED] - Browser is closed]]></system-out>
         <system-err><![CDATA[]]></system-err>
      </testcase>
      <testcase name="Test Cases/Main Test Cases/TC11_Verify Social icon facebook is displayed on Home page" time="11.537" classname="Test Cases/Main Test Cases/TC11_Verify Social icon facebook is displayed on Home page" status="PASSED">
         <system-out><![CDATA[2022-02-18 16:08:25 - [TEST_CASE][PASSED] - Test Cases/Main Test Cases/TC11_Verify Social icon facebook is displayed on Home page: Test Cases/Main Test Cases/TC11_Verify Social icon facebook is displayed on Home page

2022-02-18 16:08:26 - [TEST_STEP][PASSED] - comment("Story: Display of Social icons on home page"): Story: Display of Social icons on home page

2022-02-18 16:08:26 - [MESSAGE][INFO] - Story: Display of Social icons on home page

2022-02-18 16:08:26 - [TEST_STEP][PASSED] - openBrowser(findTestData("TestData").getValue(1, 1)): Browser is opened with url: 'https://katalon-demo-cura.herokuapp.com/'

2022-02-18 16:08:27 - [MESSAGE][INFO] - Starting 'Chrome' driver

2022-02-18 16:08:27 - [MESSAGE][INFO] - Action delay is set to 0 milliseconds

2022-02-18 16:08:31 - [MESSAGE][PASSED] - Browser is opened with url: 'https://katalon-demo-cura.herokuapp.com/'

2022-02-18 16:08:31 - [TEST_STEP][PASSED] - click(findTestObject("Page_CURA Healthcare Service/a_Make Appointment")): Object: 'Object Repository/Page_CURA Healthcare Service/a_Make Appointment' is clicked on

2022-02-18 16:08:32 - [MESSAGE][PASSED] - Object: 'Object Repository/Page_CURA Healthcare Service/a_Make Appointment' is clicked on

2022-02-18 16:08:32 - [TEST_STEP][PASSED] - setText(findTestObject("Page_Login/txt_UserName"), findTestData("TestData").getValue(2, 1)): Text 'John Doe' is set on object 'Object Repository/Page_Login/txt_UserName'

2022-02-18 16:08:33 - [MESSAGE][PASSED] - Text 'John Doe' is set on object 'Object Repository/Page_Login/txt_UserName'

2022-02-18 16:08:33 - [TEST_STEP][PASSED] - setText(findTestObject("Page_Login/txt_Password"), findTestData("TestData").getValue(3, 1)): Text 'ThisIsNotAPassword' is set on object 'Object Repository/Page_Login/txt_Password'

2022-02-18 16:08:34 - [MESSAGE][PASSED] - Text 'ThisIsNotAPassword' is set on object 'Object Repository/Page_Login/txt_Password'

2022-02-18 16:08:34 - [TEST_STEP][PASSED] - click(findTestObject("Page_Login/btn_Login")): Object: 'Object Repository/Page_Login/btn_Login' is clicked on

2022-02-18 16:08:35 - [MESSAGE][PASSED] - Object: 'Object Repository/Page_Login/btn_Login' is clicked on

2022-02-18 16:08:35 - [TEST_STEP][PASSED] - scrollToElement(findTestObject("Page_CURA Healthcare Service/i_infokatalon.com_fa fa-facebook fa-fw fa-3x"), 0): Scroll to object 'Object Repository/Page_CURA Healthcare Service/i_infokatalon.com_fa fa-facebook fa-fw fa-3x' successfully

2022-02-18 16:08:35 - [MESSAGE][WARNING] - Timeout '0' is invalid. Using default page load timeout: '30'

2022-02-18 16:08:35 - [MESSAGE][PASSED] - Scroll to object 'Object Repository/Page_CURA Healthcare Service/i_infokatalon.com_fa fa-facebook fa-fw fa-3x' successfully

2022-02-18 16:08:35 - [TEST_STEP][PASSED] - comment("Scrolling to the Required Element"): Scrolling to the Required Element

2022-02-18 16:08:35 - [MESSAGE][INFO] - Scrolling to the Required Element

2022-02-18 16:08:35 - [TEST_STEP][PASSED] - enableSmartWait(): null

2022-02-18 16:08:35 - [TEST_STEP][PASSED] - closeBrowser(): Browser is closed

2022-02-18 16:08:37 - [MESSAGE][PASSED] - Browser is closed]]></system-out>
         <system-err><![CDATA[]]></system-err>
      </testcase>
      <testcase name="Test Cases/Main Test Cases/TC12_Verify the Facility Dropdown is Functional" time="11.465" classname="Test Cases/Main Test Cases/TC12_Verify the Facility Dropdown is Functional" status="PASSED">
         <system-out><![CDATA[2022-02-18 16:08:37 - [TEST_CASE][PASSED] - Test Cases/Main Test Cases/TC12_Verify the Facility Dropdown is Functional: Test Cases/Main Test Cases/TC12_Verify the Facility Dropdown is Functional

2022-02-18 16:08:37 - [TEST_STEP][PASSED] - comment("Checking facility dropdown is functional"): Checking facility dropdown is functional

2022-02-18 16:08:37 - [MESSAGE][INFO] - Checking facility dropdown is functional

2022-02-18 16:08:37 - [TEST_STEP][PASSED] - openBrowser(G_SiteURL): Browser is opened with url: 'http://demoaut.katalon.com'

2022-02-18 16:08:37 - [MESSAGE][INFO] - Starting 'Chrome' driver

2022-02-18 16:08:37 - [MESSAGE][INFO] - Action delay is set to 0 milliseconds

2022-02-18 16:08:42 - [MESSAGE][PASSED] - Browser is opened with url: 'http://demoaut.katalon.com'

2022-02-18 16:08:42 - [TEST_STEP][PASSED] - maximizeWindow(): Current window maximized

2022-02-18 16:08:42 - [MESSAGE][PASSED] - Current window maximized

2022-02-18 16:08:42 - [TEST_STEP][PASSED] - click(findTestObject("Page_CURA Healthcare Service/a_Make Appointment")): Object: 'Object Repository/Page_CURA Healthcare Service/a_Make Appointment' is clicked on

2022-02-18 16:08:43 - [MESSAGE][PASSED] - Object: 'Object Repository/Page_CURA Healthcare Service/a_Make Appointment' is clicked on

2022-02-18 16:08:43 - [TEST_STEP][PASSED] - setText(findTestObject("Page_Login/txt_UserName"), findTestData("TestData").getValue(2, 1)): Text 'John Doe' is set on object 'Object Repository/Page_Login/txt_UserName'

2022-02-18 16:08:44 - [MESSAGE][PASSED] - Text 'John Doe' is set on object 'Object Repository/Page_Login/txt_UserName'

2022-02-18 16:08:44 - [TEST_STEP][PASSED] - setText(findTestObject("Page_Login/txt_Password"), findTestData("TestData").getValue(3, 1)): Text 'ThisIsNotAPassword' is set on object 'Object Repository/Page_Login/txt_Password'

2022-02-18 16:08:45 - [MESSAGE][PASSED] - Text 'ThisIsNotAPassword' is set on object 'Object Repository/Page_Login/txt_Password'

2022-02-18 16:08:45 - [TEST_STEP][PASSED] - click(findTestObject("Page_Login/btn_Login")): Object: 'Object Repository/Page_Login/btn_Login' is clicked on

2022-02-18 16:08:46 - [MESSAGE][PASSED] - Object: 'Object Repository/Page_Login/btn_Login' is clicked on

2022-02-18 16:08:46 - [TEST_STEP][PASSED] - click(findTestObject("Page_CURA Healthcare Service/select_Tokyo CURA Healthcare Center                            Hongkong CURA Healthcare Center                            Seoul CURA Healthcare Center")): Object: 'Object Repository/Page_CURA Healthcare Service/select_Tokyo CURA Healthcare Center                            Hongkong CURA Healthcare Center                            Seoul CURA Healthcare Center' is clicked on

2022-02-18 16:08:47 - [MESSAGE][PASSED] - Object: 'Object Repository/Page_CURA Healthcare Service/select_Tokyo CURA Healthcare Center                            Hongkong CURA Healthcare Center                            Seoul CURA Healthcare Center' is clicked on

2022-02-18 16:08:47 - [TEST_STEP][PASSED] - verifyElementPresent(findTestObject("Page_CURA Healthcare Service/select_Tokyo CURA Healthcare Center                            Hongkong CURA Healthcare Center                            Seoul CURA Healthcare Center"), 0): Object 'Object Repository/Page_CURA Healthcare Service/select_Tokyo CURA Healthcare Center                            Hongkong CURA Healthcare Center                            Seoul CURA Healthcare Center' is present

2022-02-18 16:08:47 - [MESSAGE][WARNING] - Timeout '0' is invalid. Using default page load timeout: '30'

2022-02-18 16:08:47 - [MESSAGE][PASSED] - Object 'Object Repository/Page_CURA Healthcare Service/select_Tokyo CURA Healthcare Center                            Hongkong CURA Healthcare Center                            Seoul CURA Healthcare Center' is present

2022-02-18 16:08:47 - [TEST_STEP][PASSED] - closeBrowser(): Browser is closed

2022-02-18 16:08:48 - [MESSAGE][PASSED] - Browser is closed]]></system-out>
         <system-err><![CDATA[]]></system-err>
      </testcase>
      <testcase name="Test Cases/Main Test Cases/TC13_Verify the Book Appointment is Functional" time="14.723" classname="Test Cases/Main Test Cases/TC13_Verify the Book Appointment is Functional" status="PASSED">
         <system-out><![CDATA[2022-02-18 16:08:48 - [TEST_CASE][PASSED] - Test Cases/Main Test Cases/TC13_Verify the Book Appointment is Functional: Test Cases/Main Test Cases/TC13_Verify the Book Appointment is Functional

2022-02-18 16:08:49 - [TEST_STEP][PASSED] - comment("Checking functionality of Book Appointment."): Checking functionality of Book Appointment.

2022-02-18 16:08:49 - [MESSAGE][INFO] - Checking functionality of Book Appointment.

2022-02-18 16:08:49 - [TEST_STEP][PASSED] - openBrowser(G_SiteURL): Browser is opened with url: 'http://demoaut.katalon.com'

2022-02-18 16:08:49 - [MESSAGE][INFO] - Starting 'Chrome' driver

2022-02-18 16:08:49 - [MESSAGE][INFO] - Action delay is set to 0 milliseconds

2022-02-18 16:08:53 - [MESSAGE][PASSED] - Browser is opened with url: 'http://demoaut.katalon.com'

2022-02-18 16:08:53 - [TEST_STEP][PASSED] - click(findTestObject("Page_CURA Healthcare Service/a_Make Appointment")): Object: 'Object Repository/Page_CURA Healthcare Service/a_Make Appointment' is clicked on

2022-02-18 16:08:54 - [MESSAGE][PASSED] - Object: 'Object Repository/Page_CURA Healthcare Service/a_Make Appointment' is clicked on

2022-02-18 16:08:54 - [TEST_STEP][PASSED] - setText(findTestObject("Page_Login/txt_UserName"), findTestData("TestData").getValue(2, 1)): Text 'John Doe' is set on object 'Object Repository/Page_Login/txt_UserName'

2022-02-18 16:08:56 - [MESSAGE][PASSED] - Text 'John Doe' is set on object 'Object Repository/Page_Login/txt_UserName'

2022-02-18 16:08:56 - [TEST_STEP][PASSED] - setText(findTestObject("Page_Login/txt_Password"), findTestData("TestData").getValue(3, 1)): Text 'ThisIsNotAPassword' is set on object 'Object Repository/Page_Login/txt_Password'

2022-02-18 16:08:57 - [MESSAGE][PASSED] - Text 'ThisIsNotAPassword' is set on object 'Object Repository/Page_Login/txt_Password'

2022-02-18 16:08:57 - [TEST_STEP][PASSED] - click(findTestObject("Page_Login/btn_Login")): Object: 'Object Repository/Page_Login/btn_Login' is clicked on

2022-02-18 16:08:58 - [MESSAGE][PASSED] - Object: 'Object Repository/Page_Login/btn_Login' is clicked on

2022-02-18 16:08:58 - [TEST_STEP][PASSED] - click(findTestObject("Page_AppointmentConfirmation/input_Visit Date (Required)_visit_date")): Object: 'Object Repository/Page_AppointmentConfirmation/input_Visit Date (Required)_visit_date' is clicked on

2022-02-18 16:08:59 - [MESSAGE][PASSED] - Object: 'Object Repository/Page_AppointmentConfirmation/input_Visit Date (Required)_visit_date' is clicked on

2022-02-18 16:08:59 - [TEST_STEP][PASSED] - click(findTestObject("Page_AppointmentConfirmation/div_Visit Date (Required)_input-group-addon")): Object: 'Object Repository/Page_AppointmentConfirmation/div_Visit Date (Required)_input-group-addon' is clicked on

2022-02-18 16:08:59 - [MESSAGE][PASSED] - Object: 'Object Repository/Page_AppointmentConfirmation/div_Visit Date (Required)_input-group-addon' is clicked on

2022-02-18 16:08:59 - [TEST_STEP][PASSED] - click(findTestObject("Page_CURA Healthcare Service/td_28")): Object: 'Object Repository/Page_CURA Healthcare Service/td_28' is clicked on

2022-02-18 16:09:00 - [MESSAGE][PASSED] - Object: 'Object Repository/Page_CURA Healthcare Service/td_28' is clicked on

2022-02-18 16:09:00 - [TEST_STEP][PASSED] - setText(findTestObject("Page_AppointmentConfirmation/textarea_Comment_comment"), "This is comment while Booking an appointment"): Text 'This is comment while Booking an appointment' is set on object 'Object Repository/Page_AppointmentConfirmation/textarea_Comment_comment'

2022-02-18 16:09:01 - [MESSAGE][PASSED] - Text 'This is comment while Booking an appointment' is set on object 'Object Repository/Page_AppointmentConfirmation/textarea_Comment_comment'

2022-02-18 16:09:01 - [TEST_STEP][PASSED] - click(findTestObject("Page_CURA Healthcare Service/button_Book Appointment")): Object: 'Object Repository/Page_CURA Healthcare Service/button_Book Appointment' is clicked on

2022-02-18 16:09:02 - [MESSAGE][PASSED] - Object: 'Object Repository/Page_CURA Healthcare Service/button_Book Appointment' is clicked on

2022-02-18 16:09:02 - [TEST_STEP][PASSED] - verifyElementPresent(findTestObject("Page_AppointmentConfirmation/h2_Appointment Confirmation"), 0): Object 'Object Repository/Page_AppointmentConfirmation/h2_Appointment Confirmation' is present

2022-02-18 16:09:02 - [MESSAGE][WARNING] - Timeout '0' is invalid. Using default page load timeout: '30'

2022-02-18 16:09:02 - [MESSAGE][PASSED] - Object 'Object Repository/Page_AppointmentConfirmation/h2_Appointment Confirmation' is present

2022-02-18 16:09:02 - [TEST_STEP][PASSED] - closeBrowser(): Browser is closed

2022-02-18 16:09:03 - [MESSAGE][PASSED] - Browser is closed]]></system-out>
         <system-err><![CDATA[]]></system-err>
      </testcase>
      <testcase name="Test Cases/Main Test Cases/TC22_Verify the Go to HomePage Functionality on Appointment Confirmation Page" time="15.005" classname="Test Cases/Main Test Cases/TC22_Verify the Go to HomePage Functionality on Appointment Confirmation Page" status="PASSED">
         <system-out><![CDATA[2022-02-18 16:09:03 - [TEST_CASE][PASSED] - Test Cases/Main Test Cases/TC22_Verify the Go to HomePage Functionality on Appointment Confirmation Page: Test Cases/Main Test Cases/TC22_Verify the Go to HomePage Functionality on Appointment Confirmation Page

2022-02-18 16:09:04 - [TEST_STEP][PASSED] - comment("Verification of click on Go To Homepage Button on Appointment Page"): Verification of click on Go To Homepage Button on Appointment Page

2022-02-18 16:09:04 - [MESSAGE][INFO] - Verification of click on Go To Homepage Button on Appointment Page

2022-02-18 16:09:04 - [TEST_STEP][PASSED] - openBrowser(G_SiteURL): Browser is opened with url: 'http://demoaut.katalon.com'

2022-02-18 16:09:04 - [MESSAGE][INFO] - Starting 'Chrome' driver

2022-02-18 16:09:04 - [MESSAGE][INFO] - Action delay is set to 0 milliseconds

2022-02-18 16:09:08 - [MESSAGE][PASSED] - Browser is opened with url: 'http://demoaut.katalon.com'

2022-02-18 16:09:08 - [TEST_STEP][PASSED] - comment("You are now Home Page of Cura HealthCare System"): You are now Home Page of Cura HealthCare System

2022-02-18 16:09:08 - [MESSAGE][INFO] - You are now Home Page of Cura HealthCare System

2022-02-18 16:09:08 - [TEST_STEP][PASSED] - click(findTestObject("Page_CURA Healthcare Service/a_Make Appointment")): Object: 'Object Repository/Page_CURA Healthcare Service/a_Make Appointment' is clicked on

2022-02-18 16:09:09 - [MESSAGE][PASSED] - Object: 'Object Repository/Page_CURA Healthcare Service/a_Make Appointment' is clicked on

2022-02-18 16:09:09 - [TEST_STEP][PASSED] - comment("User is On Login Page Now"): User is On Login Page Now

2022-02-18 16:09:09 - [MESSAGE][INFO] - User is On Login Page Now

2022-02-18 16:09:09 - [TEST_STEP][PASSED] - setText(findTestObject("Page_Login/txt_UserName"), findTestData("TestData").getValue(2, 1)): Text 'John Doe' is set on object 'Object Repository/Page_Login/txt_UserName'

2022-02-18 16:09:10 - [MESSAGE][PASSED] - Text 'John Doe' is set on object 'Object Repository/Page_Login/txt_UserName'

2022-02-18 16:09:10 - [TEST_STEP][PASSED] - setText(findTestObject("Page_Login/txt_Password"), findTestData("TestData").getValue(3, 1)): Text 'ThisIsNotAPassword' is set on object 'Object Repository/Page_Login/txt_Password'

2022-02-18 16:09:12 - [MESSAGE][PASSED] - Text 'ThisIsNotAPassword' is set on object 'Object Repository/Page_Login/txt_Password'

2022-02-18 16:09:12 - [TEST_STEP][PASSED] - click(findTestObject("Page_Login/btn_Login")): Object: 'Object Repository/Page_Login/btn_Login' is clicked on

2022-02-18 16:09:13 - [MESSAGE][PASSED] - Object: 'Object Repository/Page_Login/btn_Login' is clicked on

2022-02-18 16:09:13 - [TEST_STEP][PASSED] - click(findTestObject("Page_AppointmentConfirmation/input_Visit Date (Required)_visit_date")): Object: 'Object Repository/Page_AppointmentConfirmation/input_Visit Date (Required)_visit_date' is clicked on

2022-02-18 16:09:13 - [MESSAGE][PASSED] - Object: 'Object Repository/Page_AppointmentConfirmation/input_Visit Date (Required)_visit_date' is clicked on

2022-02-18 16:09:13 - [TEST_STEP][PASSED] - click(findTestObject("Page_AppointmentConfirmation/div_Visit Date (Required)_input-group-addon")): Object: 'Object Repository/Page_AppointmentConfirmation/div_Visit Date (Required)_input-group-addon' is clicked on

2022-02-18 16:09:14 - [MESSAGE][PASSED] - Object: 'Object Repository/Page_AppointmentConfirmation/div_Visit Date (Required)_input-group-addon' is clicked on

2022-02-18 16:09:14 - [TEST_STEP][PASSED] - click(findTestObject("Page_AppointmentConfirmation/td_28")): Object: 'Object Repository/Page_AppointmentConfirmation/td_28' is clicked on

2022-02-18 16:09:14 - [MESSAGE][PASSED] - Object: 'Object Repository/Page_AppointmentConfirmation/td_28' is clicked on

2022-02-18 16:09:14 - [TEST_STEP][PASSED] - click(findTestObject("Page_CURA Healthcare Service/button_Book Appointment")): Object: 'Object Repository/Page_CURA Healthcare Service/button_Book Appointment' is clicked on

2022-02-18 16:09:15 - [MESSAGE][PASSED] - Object: 'Object Repository/Page_CURA Healthcare Service/button_Book Appointment' is clicked on

2022-02-18 16:09:15 - [TEST_STEP][PASSED] - verifyElementPresent(findTestObject("Page_AppointmentConfirmation/h2_Appointment Confirmation"), 0): Object 'Object Repository/Page_AppointmentConfirmation/h2_Appointment Confirmation' is present

2022-02-18 16:09:15 - [MESSAGE][WARNING] - Timeout '0' is invalid. Using default page load timeout: '30'

2022-02-18 16:09:16 - [MESSAGE][PASSED] - Object 'Object Repository/Page_AppointmentConfirmation/h2_Appointment Confirmation' is present

2022-02-18 16:09:16 - [TEST_STEP][PASSED] - verifyElementPresent(findTestObject("Page_AppointmentConfirmation/a_Go to Homepage"), 0): Object 'Object Repository/Page_AppointmentConfirmation/a_Go to Homepage' is present

2022-02-18 16:09:16 - [MESSAGE][WARNING] - Timeout '0' is invalid. Using default page load timeout: '30'

2022-02-18 16:09:16 - [MESSAGE][PASSED] - Object 'Object Repository/Page_AppointmentConfirmation/a_Go to Homepage' is present

2022-02-18 16:09:16 - [TEST_STEP][PASSED] - comment("Go To Hmepage option is displayed on page"): Go To Hmepage option is displayed on page

2022-02-18 16:09:16 - [MESSAGE][INFO] - Go To Hmepage option is displayed on page

2022-02-18 16:09:16 - [TEST_STEP][PASSED] - click(findTestObject("Page_AppointmentConfirmation/a_Go to Homepage")): Object: 'Object Repository/Page_AppointmentConfirmation/a_Go to Homepage' is clicked on

2022-02-18 16:09:17 - [MESSAGE][PASSED] - Object: 'Object Repository/Page_AppointmentConfirmation/a_Go to Homepage' is clicked on

2022-02-18 16:09:17 - [TEST_STEP][PASSED] - verifyElementPresent(findTestObject("Page_AppointmentConfirmation/a_Make Appointment"), 0): Object 'Object Repository/Page_AppointmentConfirmation/a_Make Appointment' is present

2022-02-18 16:09:17 - [MESSAGE][WARNING] - Timeout '0' is invalid. Using default page load timeout: '30'

2022-02-18 16:09:17 - [MESSAGE][PASSED] - Object 'Object Repository/Page_AppointmentConfirmation/a_Make Appointment' is present

2022-02-18 16:09:17 - [TEST_STEP][PASSED] - comment("User Navigated to the Home Page after click on Go to Homepage"): User Navigated to the Home Page after click on Go to Homepage

2022-02-18 16:09:17 - [MESSAGE][INFO] - User Navigated to the Home Page after click on Go to Homepage

2022-02-18 16:09:17 - [TEST_STEP][PASSED] - closeBrowser(): Browser is closed

2022-02-18 16:09:18 - [MESSAGE][PASSED] - Browser is closed]]></system-out>
         <system-err><![CDATA[]]></system-err>
      </testcase>
      <testcase name="Test Cases/Main Test Cases/TC15_Verify the History Functionality From Hamburger Menu" time="12.273" classname="Test Cases/Main Test Cases/TC15_Verify the History Functionality From Hamburger Menu" status="PASSED">
         <system-out><![CDATA[2022-02-18 16:09:18 - [TEST_CASE][PASSED] - Test Cases/Main Test Cases/TC15_Verify the History Functionality From Hamburger Menu: Test Cases/Main Test Cases/TC15_Verify the History Functionality From Hamburger Menu

2022-02-18 16:09:19 - [TEST_STEP][PASSED] - comment("Verification of Functionality of History from Hamburger Menu"): Verification of Functionality of History from Hamburger Menu

2022-02-18 16:09:19 - [MESSAGE][INFO] - Verification of Functionality of History from Hamburger Menu

2022-02-18 16:09:19 - [TEST_STEP][PASSED] - openBrowser(G_SiteURL): Browser is opened with url: 'http://demoaut.katalon.com'

2022-02-18 16:09:19 - [MESSAGE][INFO] - Starting 'Chrome' driver

2022-02-18 16:09:19 - [MESSAGE][INFO] - Action delay is set to 0 milliseconds

2022-02-18 16:09:23 - [MESSAGE][PASSED] - Browser is opened with url: 'http://demoaut.katalon.com'

2022-02-18 16:09:23 - [TEST_STEP][PASSED] - maximizeWindow(): Current window maximized

2022-02-18 16:09:23 - [MESSAGE][PASSED] - Current window maximized

2022-02-18 16:09:23 - [TEST_STEP][PASSED] - click(findTestObject("Page_CURA Healthcare Service/a_Make Appointment")): Object: 'Object Repository/Page_CURA Healthcare Service/a_Make Appointment' is clicked on

2022-02-18 16:09:24 - [MESSAGE][PASSED] - Object: 'Object Repository/Page_CURA Healthcare Service/a_Make Appointment' is clicked on

2022-02-18 16:09:24 - [TEST_STEP][PASSED] - setText(findTestObject("Page_Login/txt_UserName"), findTestData("TestData").getValue(2, 1)): Text 'John Doe' is set on object 'Object Repository/Page_Login/txt_UserName'

2022-02-18 16:09:25 - [MESSAGE][PASSED] - Text 'John Doe' is set on object 'Object Repository/Page_Login/txt_UserName'

2022-02-18 16:09:25 - [TEST_STEP][PASSED] - setText(findTestObject("Page_Login/txt_Password"), findTestData("TestData").getValue(3, 1)): Text 'ThisIsNotAPassword' is set on object 'Object Repository/Page_Login/txt_Password'

2022-02-18 16:09:26 - [MESSAGE][PASSED] - Text 'ThisIsNotAPassword' is set on object 'Object Repository/Page_Login/txt_Password'

2022-02-18 16:09:26 - [TEST_STEP][PASSED] - click(findTestObject("Page_Login/btn_Login")): Object: 'Object Repository/Page_Login/btn_Login' is clicked on

2022-02-18 16:09:27 - [MESSAGE][PASSED] - Object: 'Object Repository/Page_Login/btn_Login' is clicked on

2022-02-18 16:09:27 - [TEST_STEP][PASSED] - click(findTestObject("Page_AppointmentConfirmation/a_CURA Healthcare_menu-toggle")): Object: 'Object Repository/Page_AppointmentConfirmation/a_CURA Healthcare_menu-toggle' is clicked on

2022-02-18 16:09:28 - [MESSAGE][PASSED] - Object: 'Object Repository/Page_AppointmentConfirmation/a_CURA Healthcare_menu-toggle' is clicked on

2022-02-18 16:09:28 - [TEST_STEP][PASSED] - comment("Clicked on Hamburgur menu"): Clicked on Hamburgur menu

2022-02-18 16:09:28 - [MESSAGE][INFO] - Clicked on Hamburgur menu

2022-02-18 16:09:28 - [TEST_STEP][PASSED] - click(findTestObject("Page_CuraHomepage/a_History")): Object: 'Object Repository/Page_CuraHomepage/a_History' is clicked on

2022-02-18 16:09:29 - [MESSAGE][PASSED] - Object: 'Object Repository/Page_CuraHomepage/a_History' is clicked on

2022-02-18 16:09:29 - [TEST_STEP][PASSED] - verifyElementPresent(findTestObject("Page_CURA Healthcare Service/h2_History"), 0): Object 'Object Repository/Page_CURA Healthcare Service/h2_History' is present

2022-02-18 16:09:29 - [MESSAGE][WARNING] - Timeout '0' is invalid. Using default page load timeout: '30'

2022-02-18 16:09:29 - [MESSAGE][PASSED] - Object 'Object Repository/Page_CURA Healthcare Service/h2_History' is present

2022-02-18 16:09:29 - [TEST_STEP][PASSED] - closeBrowser(): Browser is closed

2022-02-18 16:09:30 - [MESSAGE][PASSED] - Browser is closed]]></system-out>
         <system-err><![CDATA[]]></system-err>
      </testcase>
      <testcase name="Test Cases/Main Test Cases/TC21_Verify the Profile Functionality From Hamburger Menu" time="12.979" classname="Test Cases/Main Test Cases/TC21_Verify the Profile Functionality From Hamburger Menu" status="PASSED">
         <system-out><![CDATA[2022-02-18 16:09:30 - [TEST_CASE][PASSED] - Test Cases/Main Test Cases/TC21_Verify the Profile Functionality From Hamburger Menu: Test Cases/Main Test Cases/TC21_Verify the Profile Functionality From Hamburger Menu

2022-02-18 16:09:31 - [TEST_STEP][PASSED] - openBrowser(G_SiteURL): Browser is opened with url: 'http://demoaut.katalon.com'

2022-02-18 16:09:31 - [MESSAGE][INFO] - Starting 'Chrome' driver

2022-02-18 16:09:31 - [MESSAGE][INFO] - Action delay is set to 0 milliseconds

2022-02-18 16:09:36 - [MESSAGE][PASSED] - Browser is opened with url: 'http://demoaut.katalon.com'

2022-02-18 16:09:36 - [TEST_STEP][PASSED] - click(findTestObject("Page_CURA Healthcare Service/a_Make Appointment")): Object: 'Object Repository/Page_CURA Healthcare Service/a_Make Appointment' is clicked on

2022-02-18 16:09:37 - [MESSAGE][PASSED] - Object: 'Object Repository/Page_CURA Healthcare Service/a_Make Appointment' is clicked on

2022-02-18 16:09:37 - [TEST_STEP][PASSED] - setText(findTestObject("Page_Login/txt_UserName"), findTestData("TestData").getValue(2, 1)): Text 'John Doe' is set on object 'Object Repository/Page_Login/txt_UserName'

2022-02-18 16:09:38 - [MESSAGE][PASSED] - Text 'John Doe' is set on object 'Object Repository/Page_Login/txt_UserName'

2022-02-18 16:09:38 - [TEST_STEP][PASSED] - setText(findTestObject("Page_Login/txt_Password"), findTestData("TestData").getValue(3, 1)): Text 'ThisIsNotAPassword' is set on object 'Object Repository/Page_Login/txt_Password'

2022-02-18 16:09:39 - [MESSAGE][PASSED] - Text 'ThisIsNotAPassword' is set on object 'Object Repository/Page_Login/txt_Password'

2022-02-18 16:09:39 - [TEST_STEP][PASSED] - click(findTestObject("Page_Login/btn_Login")): Object: 'Object Repository/Page_Login/btn_Login' is clicked on

2022-02-18 16:09:40 - [MESSAGE][PASSED] - Object: 'Object Repository/Page_Login/btn_Login' is clicked on

2022-02-18 16:09:40 - [TEST_STEP][PASSED] - verifyElementPresent(findTestObject("Page_AppointmentConfirmation/a_CURA Healthcare_menu-toggle"), 0): Object 'Object Repository/Page_AppointmentConfirmation/a_CURA Healthcare_menu-toggle' is present

2022-02-18 16:09:40 - [MESSAGE][WARNING] - Timeout '0' is invalid. Using default page load timeout: '30'

2022-02-18 16:09:40 - [MESSAGE][PASSED] - Object 'Object Repository/Page_AppointmentConfirmation/a_CURA Healthcare_menu-toggle' is present

2022-02-18 16:09:40 - [TEST_STEP][PASSED] - click(findTestObject("Page_AppointmentConfirmation/a_CURA Healthcare_menu-toggle")): Object: 'Object Repository/Page_AppointmentConfirmation/a_CURA Healthcare_menu-toggle' is clicked on

2022-02-18 16:09:41 - [MESSAGE][PASSED] - Object: 'Object Repository/Page_AppointmentConfirmation/a_CURA Healthcare_menu-toggle' is clicked on

2022-02-18 16:09:41 - [TEST_STEP][PASSED] - verifyElementPresent(findTestObject("Page_CURA Healthcare Service/a_Profile"), 0): Object 'Object Repository/Page_CURA Healthcare Service/a_Profile' is present

2022-02-18 16:09:41 - [MESSAGE][WARNING] - Timeout '0' is invalid. Using default page load timeout: '30'

2022-02-18 16:09:41 - [MESSAGE][PASSED] - Object 'Object Repository/Page_CURA Healthcare Service/a_Profile' is present

2022-02-18 16:09:41 - [TEST_STEP][PASSED] - click(findTestObject("Page_CURA Healthcare Service/a_Profile")): Object: 'Object Repository/Page_CURA Healthcare Service/a_Profile' is clicked on

2022-02-18 16:09:42 - [MESSAGE][PASSED] - Object: 'Object Repository/Page_CURA Healthcare Service/a_Profile' is clicked on

2022-02-18 16:09:42 - [TEST_STEP][PASSED] - verifyElementPresent(findTestObject("Page_CURA Healthcare Service/h2_Profile"), 0): Object 'Object Repository/Page_CURA Healthcare Service/h2_Profile' is present

2022-02-18 16:09:42 - [MESSAGE][WARNING] - Timeout '0' is invalid. Using default page load timeout: '30'

2022-02-18 16:09:42 - [MESSAGE][PASSED] - Object 'Object Repository/Page_CURA Healthcare Service/h2_Profile' is present

2022-02-18 16:09:42 - [TEST_STEP][PASSED] - comment("Profile Page get displayed after click on Profile option From Hamburger Menu"): Profile Page get displayed after click on Profile option From Hamburger Menu

2022-02-18 16:09:42 - [MESSAGE][INFO] - Profile Page get displayed after click on Profile option From Hamburger Menu

2022-02-18 16:09:42 - [TEST_STEP][PASSED] - closeBrowser(): Browser is closed

2022-02-18 16:09:43 - [MESSAGE][PASSED] - Browser is closed]]></system-out>
         <system-err><![CDATA[]]></system-err>
      </testcase>
      <testcase name="Test Cases/Main Test Cases/TC18_Select Value From Facility DropDown" time="13.351" classname="Test Cases/Main Test Cases/TC18_Select Value From Facility DropDown" status="PASSED">
         <system-out><![CDATA[2022-02-18 16:09:43 - [TEST_CASE][PASSED] - Test Cases/Main Test Cases/TC18_Select Value From Facility DropDown: Test Cases/Main Test Cases/TC18_Select Value From Facility DropDown

2022-02-18 16:09:44 - [TEST_STEP][PASSED] - comment("Launch URL"): Launch URL

2022-02-18 16:09:44 - [MESSAGE][INFO] - Launch URL

2022-02-18 16:09:44 - [TEST_STEP][PASSED] - openBrowser(G_SiteURL): Browser is opened with url: 'http://demoaut.katalon.com'

2022-02-18 16:09:44 - [MESSAGE][INFO] - Starting 'Chrome' driver

2022-02-18 16:09:44 - [MESSAGE][INFO] - Action delay is set to 0 milliseconds

2022-02-18 16:09:49 - [MESSAGE][PASSED] - Browser is opened with url: 'http://demoaut.katalon.com'

2022-02-18 16:09:49 - [TEST_STEP][PASSED] - maximizeWindow(): Current window maximized

2022-02-18 16:09:49 - [MESSAGE][PASSED] - Current window maximized

2022-02-18 16:09:49 - [TEST_STEP][PASSED] - comment("User Click on Make Appoinment button"): User Click on Make Appoinment button

2022-02-18 16:09:49 - [MESSAGE][INFO] - User Click on Make Appoinment button

2022-02-18 16:09:49 - [TEST_STEP][PASSED] - click(findTestObject("Page_CuraHomepage/btn_MakeAppointment")): Object: 'Object Repository/Page_CuraHomepage/btn_MakeAppointment' is clicked on

2022-02-18 16:09:50 - [MESSAGE][PASSED] - Object: 'Object Repository/Page_CuraHomepage/btn_MakeAppointment' is clicked on

2022-02-18 16:09:50 - [TEST_STEP][PASSED] - setText(findTestObject("Page_Login/txt_UserName"), "John Doe"): Text 'John Doe' is set on object 'Object Repository/Page_Login/txt_UserName'

2022-02-18 16:09:51 - [MESSAGE][PASSED] - Text 'John Doe' is set on object 'Object Repository/Page_Login/txt_UserName'

2022-02-18 16:09:51 - [TEST_STEP][PASSED] - setText(findTestObject("Page_Login/txt_Password"), "ThisIsNotAPassword"): Text 'ThisIsNotAPassword' is set on object 'Object Repository/Page_Login/txt_Password'

2022-02-18 16:09:52 - [MESSAGE][PASSED] - Text 'ThisIsNotAPassword' is set on object 'Object Repository/Page_Login/txt_Password'

2022-02-18 16:09:52 - [TEST_STEP][PASSED] - click(findTestObject("Page_Login/btn_Login")): Object: 'Object Repository/Page_Login/btn_Login' is clicked on

2022-02-18 16:09:53 - [MESSAGE][PASSED] - Object: 'Object Repository/Page_Login/btn_Login' is clicked on

2022-02-18 16:09:53 - [TEST_STEP][PASSED] - comment("User Login Sucessfully"): User Login Sucessfully

2022-02-18 16:09:53 - [MESSAGE][INFO] - User Login Sucessfully

2022-02-18 16:09:53 - [TEST_STEP][PASSED] - click(findTestObject("Page_AppointmentConfirmation/a_Make Appointment")): Object: 'Object Repository/Page_AppointmentConfirmation/a_Make Appointment' is clicked on

2022-02-18 16:09:53 - [MESSAGE][PASSED] - Object: 'Object Repository/Page_AppointmentConfirmation/a_Make Appointment' is clicked on

2022-02-18 16:09:53 - [TEST_STEP][PASSED] - comment("User navigate to appoinment Page"): User navigate to appoinment Page

2022-02-18 16:09:53 - [MESSAGE][INFO] - User navigate to appoinment Page

2022-02-18 16:09:53 - [TEST_STEP][PASSED] - click(findTestObject("Page_CuraAppointment/select_")): Object: 'Object Repository/Page_CuraAppointment/select_' is clicked on

2022-02-18 16:09:54 - [MESSAGE][PASSED] - Object: 'Object Repository/Page_CuraAppointment/select_' is clicked on

2022-02-18 16:09:54 - [TEST_STEP][PASSED] - selectOptionByLabel(findTestObject("Page_CuraAppointment/select_"), "Hongkong CURA Healthcare Center", true): All options with label 'Hongkong CURA Healthcare Center' are selected in object 'Object Repository/Page_CuraAppointment/select_'  using regular expression

2022-02-18 16:09:55 - [MESSAGE][PASSED] - All options with label 'Hongkong CURA Healthcare Center' are selected in object 'Object Repository/Page_CuraAppointment/select_'  using regular expression

2022-02-18 16:09:55 - [TEST_STEP][PASSED] - closeBrowser(): Browser is closed

2022-02-18 16:09:57 - [MESSAGE][PASSED] - Browser is closed]]></system-out>
         <system-err><![CDATA[]]></system-err>
      </testcase>
      <testcase name="Test Cases/Main Test Cases/TC17_Verify the Logout Functionality From Hamburger Menu" time="11.387" classname="Test Cases/Main Test Cases/TC17_Verify the Logout Functionality From Hamburger Menu" status="PASSED">
         <system-out><![CDATA[2022-02-18 16:09:57 - [TEST_CASE][PASSED] - Test Cases/Main Test Cases/TC17_Verify the Logout Functionality From Hamburger Menu: Test Cases/Main Test Cases/TC17_Verify the Logout Functionality From Hamburger Menu

2022-02-18 16:09:57 - [TEST_STEP][PASSED] - openBrowser(G_SiteURL): Browser is opened with url: 'http://demoaut.katalon.com'

2022-02-18 16:09:57 - [MESSAGE][INFO] - Starting 'Chrome' driver

2022-02-18 16:09:57 - [MESSAGE][INFO] - Action delay is set to 0 milliseconds

2022-02-18 16:10:02 - [MESSAGE][PASSED] - Browser is opened with url: 'http://demoaut.katalon.com'

2022-02-18 16:10:02 - [TEST_STEP][PASSED] - click(findTestObject("Page_CURA Healthcare Service/a_Make Appointment")): Object: 'Object Repository/Page_CURA Healthcare Service/a_Make Appointment' is clicked on

2022-02-18 16:10:03 - [MESSAGE][PASSED] - Object: 'Object Repository/Page_CURA Healthcare Service/a_Make Appointment' is clicked on

2022-02-18 16:10:03 - [TEST_STEP][PASSED] - setText(findTestObject("Page_Login/txt_UserName"), findTestData("TestData").getValue(2, 1)): Text 'John Doe' is set on object 'Object Repository/Page_Login/txt_UserName'

2022-02-18 16:10:04 - [MESSAGE][PASSED] - Text 'John Doe' is set on object 'Object Repository/Page_Login/txt_UserName'

2022-02-18 16:10:04 - [TEST_STEP][PASSED] - setText(findTestObject("Page_Login/txt_Password"), findTestData("TestData").getValue(3, 1)): Text 'ThisIsNotAPassword' is set on object 'Object Repository/Page_Login/txt_Password'

2022-02-18 16:10:05 - [MESSAGE][PASSED] - Text 'ThisIsNotAPassword' is set on object 'Object Repository/Page_Login/txt_Password'

2022-02-18 16:10:05 - [TEST_STEP][PASSED] - click(findTestObject("Page_Login/btn_Login")): Object: 'Object Repository/Page_Login/btn_Login' is clicked on

2022-02-18 16:10:06 - [MESSAGE][PASSED] - Object: 'Object Repository/Page_Login/btn_Login' is clicked on

2022-02-18 16:10:06 - [TEST_STEP][PASSED] - click(findTestObject("Page_AppointmentConfirmation/a_CURA Healthcare_menu-toggle")): Object: 'Object Repository/Page_AppointmentConfirmation/a_CURA Healthcare_menu-toggle' is clicked on

2022-02-18 16:10:07 - [MESSAGE][PASSED] - Object: 'Object Repository/Page_AppointmentConfirmation/a_CURA Healthcare_menu-toggle' is clicked on

2022-02-18 16:10:07 - [TEST_STEP][PASSED] - click(findTestObject("Page_AppointmentConfirmation/a_Logout")): Object: 'Object Repository/Page_AppointmentConfirmation/a_Logout' is clicked on

2022-02-18 16:10:08 - [MESSAGE][PASSED] - Object: 'Object Repository/Page_AppointmentConfirmation/a_Logout' is clicked on

2022-02-18 16:10:08 - [TEST_STEP][PASSED] - verifyElementPresent(findTestObject("Page_CURA Healthcare Service/a_Make Appointment"), 0): Object 'Object Repository/Page_CURA Healthcare Service/a_Make Appointment' is present

2022-02-18 16:10:08 - [MESSAGE][WARNING] - Timeout '0' is invalid. Using default page load timeout: '30'

2022-02-18 16:10:08 - [MESSAGE][PASSED] - Object 'Object Repository/Page_CURA Healthcare Service/a_Make Appointment' is present]]></system-out>
         <system-err><![CDATA[]]></system-err>
      </testcase>
      <testcase name="Test Cases/Main Test Cases/TC19_Verify the Home Functinality From Hamburger Menu" time="11.964" classname="Test Cases/Main Test Cases/TC19_Verify the Home Functinality From Hamburger Menu" status="PASSED">
         <system-out><![CDATA[2022-02-18 16:10:08 - [TEST_CASE][PASSED] - Test Cases/Main Test Cases/TC19_Verify the Home Functinality From Hamburger Menu: Test Cases/Main Test Cases/TC19_Verify the Home Functinality From Hamburger Menu

2022-02-18 16:10:08 - [TEST_STEP][PASSED] - comment(""): 

2022-02-18 16:10:08 - [MESSAGE][INFO] - 

2022-02-18 16:10:08 - [TEST_STEP][PASSED] - openBrowser(G_SiteURL): Browser is opened with url: 'http://demoaut.katalon.com'

2022-02-18 16:10:08 - [MESSAGE][WARNING] - A browser is already opened. Closing browser and opening a new one

2022-02-18 16:10:09 - [MESSAGE][INFO] - Starting 'Chrome' driver

2022-02-18 16:10:09 - [MESSAGE][INFO] - Action delay is set to 0 milliseconds

2022-02-18 16:10:14 - [MESSAGE][PASSED] - Browser is opened with url: 'http://demoaut.katalon.com'

2022-02-18 16:10:14 - [TEST_STEP][PASSED] - click(findTestObject("Page_CURA Healthcare Service/a_Make Appointment")): Object: 'Object Repository/Page_CURA Healthcare Service/a_Make Appointment' is clicked on

2022-02-18 16:10:15 - [MESSAGE][PASSED] - Object: 'Object Repository/Page_CURA Healthcare Service/a_Make Appointment' is clicked on

2022-02-18 16:10:15 - [TEST_STEP][PASSED] - setText(findTestObject("Page_Login/txt_UserName"), findTestData("TestData").getValue(2, 1)): Text 'John Doe' is set on object 'Object Repository/Page_Login/txt_UserName'

2022-02-18 16:10:16 - [MESSAGE][PASSED] - Text 'John Doe' is set on object 'Object Repository/Page_Login/txt_UserName'

2022-02-18 16:10:16 - [TEST_STEP][PASSED] - setText(findTestObject("Page_Login/txt_Password"), findTestData("TestData").getValue(3, 1)): Text 'ThisIsNotAPassword' is set on object 'Object Repository/Page_Login/txt_Password'

2022-02-18 16:10:17 - [MESSAGE][PASSED] - Text 'ThisIsNotAPassword' is set on object 'Object Repository/Page_Login/txt_Password'

2022-02-18 16:10:17 - [TEST_STEP][PASSED] - click(findTestObject("Page_Login/btn_Login")): Object: 'Object Repository/Page_Login/btn_Login' is clicked on

2022-02-18 16:10:18 - [MESSAGE][PASSED] - Object: 'Object Repository/Page_Login/btn_Login' is clicked on

2022-02-18 16:10:18 - [TEST_STEP][PASSED] - click(findTestObject("Page_AppointmentConfirmation/a_CURA Healthcare_menu-toggle")): Object: 'Object Repository/Page_AppointmentConfirmation/a_CURA Healthcare_menu-toggle' is clicked on

2022-02-18 16:10:19 - [MESSAGE][PASSED] - Object: 'Object Repository/Page_AppointmentConfirmation/a_CURA Healthcare_menu-toggle' is clicked on

2022-02-18 16:10:19 - [TEST_STEP][PASSED] - click(findTestObject("Page_AppointmentConfirmation/a_Home")): Object: 'Object Repository/Page_AppointmentConfirmation/a_Home' is clicked on

2022-02-18 16:10:20 - [MESSAGE][PASSED] - Object: 'Object Repository/Page_AppointmentConfirmation/a_Home' is clicked on

2022-02-18 16:10:20 - [TEST_STEP][PASSED] - verifyElementPresent(findTestObject("Page_CURA Healthcare Service/h1_CURA Healthcare Service"), 0): Object 'Object Repository/Page_CURA Healthcare Service/h1_CURA Healthcare Service' is present

2022-02-18 16:10:20 - [MESSAGE][WARNING] - Timeout '0' is invalid. Using default page load timeout: '30'

2022-02-18 16:10:20 - [MESSAGE][PASSED] - Object 'Object Repository/Page_CURA Healthcare Service/h1_CURA Healthcare Service' is present]]></system-out>
         <system-err><![CDATA[]]></system-err>
      </testcase>
      <testcase name="Test Cases/Main Test Cases/TC20_Verify User Should Not Able To Select Past Date" time="0.667" classname="Test Cases/Main Test Cases/TC20_Verify User Should Not Able To Select Past Date" status="ERROR">
         <error type="ERROR" message="Test Cases/Main Test Cases/TC20_Verify User Should Not Able To Select Past Date FAILED.
Reason:
org.codehaus.groovy.control.MultipleCompilationErrorsException: startup failed:
file:/C:/Users/LENOVO/git/CrossCountryKatalon/Scripts/Main%20Test%20Cases/TC20_Verify%20User%20Should%20Not%20Able%20To%20Select%20Past%20Date/Script1645178484754.groovy: 36: unable to resolve class SimpleDateFormat 
 @ line 36, column 18.
   SimpleDateFormat format = new SimpleDateFormat('yyyy-MM-dd')
                    ^

file:/C:/Users/LENOVO/git/CrossCountryKatalon/Scripts/Main%20Test%20Cases/TC20_Verify%20User%20Should%20Not%20Able%20To%20Select%20Past%20Date/Script1645178484754.groovy: 36: unable to resolve class SimpleDateFormat 
 @ line 36, column 27.
   SimpleDateFormat format = new SimpleDateFormat('yyyy-MM-dd')
                             ^

2 errors

	at com.kms.katalon.core.main.ScriptEngine.getScript(ScriptEngine.java:199)
	at com.kms.katalon.core.main.ScriptEngine.run(ScriptEngine.java:194)
	at com.kms.katalon.core.main.ScriptEngine.runScriptAsRawText(ScriptEngine.java:119)
	at com.kms.katalon.core.main.TestCaseExecutor.runScript(TestCaseExecutor.java:442)
	at com.kms.katalon.core.main.TestCaseExecutor.doExecute(TestCaseExecutor.java:433)
	at com.kms.katalon.core.main.TestCaseExecutor.processExecutionPhase(TestCaseExecutor.java:412)
	at com.kms.katalon.core.main.TestCaseExecutor.accessMainPhase(TestCaseExecutor.java:404)
	at com.kms.katalon.core.main.TestCaseExecutor.execute(TestCaseExecutor.java:281)
	at com.kms.katalon.core.main.TestSuiteExecutor.accessTestCaseMainPhase(TestSuiteExecutor.java:202)
	at com.kms.katalon.core.main.TestSuiteExecutor.accessTestSuiteMainPhase(TestSuiteExecutor.java:164)
	at com.kms.katalon.core.main.TestSuiteExecutor.execute(TestSuiteExecutor.java:105)
	at com.kms.katalon.core.main.TestCaseMain.startTestSuite(TestCaseMain.java:185)
	at com.kms.katalon.core.main.TestCaseMain$startTestSuite$0.call(Unknown Source)
	at TempTestSuite1645180643056.run(TempTestSuite1645180643056.groovy:36)
"/>
         <system-out><![CDATA[2022-02-18 16:10:20 - [TEST_CASE][ERROR] - Test Cases/Main Test Cases/TC20_Verify User Should Not Able To Select Past Date: Test Cases/Main Test Cases/TC20_Verify User Should Not Able To Select Past Date FAILED.
Reason:
org.codehaus.groovy.control.MultipleCompilationErrorsException: startup failed:
file:/C:/Users/LENOVO/git/CrossCountryKatalon/Scripts/Main%20Test%20Cases/TC20_Verify%20User%20Should%20Not%20Able%20To%20Select%20Past%20Date/Script1645178484754.groovy: 36: unable to resolve class SimpleDateFormat 
 @ line 36, column 18.
   SimpleDateFormat format = new SimpleDateFormat('yyyy-MM-dd')
                    ^

file:/C:/Users/LENOVO/git/CrossCountryKatalon/Scripts/Main%20Test%20Cases/TC20_Verify%20User%20Should%20Not%20Able%20To%20Select%20Past%20Date/Script1645178484754.groovy: 36: unable to resolve class SimpleDateFormat 
 @ line 36, column 27.
   SimpleDateFormat format = new SimpleDateFormat('yyyy-MM-dd')
                             ^

2 errors

	at com.kms.katalon.core.main.ScriptEngine.getScript(ScriptEngine.java:199)
	at com.kms.katalon.core.main.ScriptEngine.run(ScriptEngine.java:194)
	at com.kms.katalon.core.main.ScriptEngine.runScriptAsRawText(ScriptEngine.java:119)
	at com.kms.katalon.core.main.TestCaseExecutor.runScript(TestCaseExecutor.java:442)
	at com.kms.katalon.core.main.TestCaseExecutor.doExecute(TestCaseExecutor.java:433)
	at com.kms.katalon.core.main.TestCaseExecutor.processExecutionPhase(TestCaseExecutor.java:412)
	at com.kms.katalon.core.main.TestCaseExecutor.accessMainPhase(TestCaseExecutor.java:404)
	at com.kms.katalon.core.main.TestCaseExecutor.execute(TestCaseExecutor.java:281)
	at com.kms.katalon.core.main.TestSuiteExecutor.accessTestCaseMainPhase(TestSuiteExecutor.java:202)
	at com.kms.katalon.core.main.TestSuiteExecutor.accessTestSuiteMainPhase(TestSuiteExecutor.java:164)
	at com.kms.katalon.core.main.TestSuiteExecutor.execute(TestSuiteExecutor.java:105)
	at com.kms.katalon.core.main.TestCaseMain.startTestSuite(TestCaseMain.java:185)
	at com.kms.katalon.core.main.TestCaseMain$startTestSuite$0.call(Unknown Source)
	at TempTestSuite1645180643056.run(TempTestSuite1645180643056.groovy:36)]]></system-out>
         <system-err><![CDATA[2022-02-18 16:10:20 - [TEST_CASE][ERROR] - Test Cases/Main Test Cases/TC20_Verify User Should Not Able To Select Past Date: Test Cases/Main Test Cases/TC20_Verify User Should Not Able To Select Past Date FAILED.
Reason:
org.codehaus.groovy.control.MultipleCompilationErrorsException: startup failed:
file:/C:/Users/LENOVO/git/CrossCountryKatalon/Scripts/Main%20Test%20Cases/TC20_Verify%20User%20Should%20Not%20Able%20To%20Select%20Past%20Date/Script1645178484754.groovy: 36: unable to resolve class SimpleDateFormat 
 @ line 36, column 18.
   SimpleDateFormat format = new SimpleDateFormat('yyyy-MM-dd')
                    ^

file:/C:/Users/LENOVO/git/CrossCountryKatalon/Scripts/Main%20Test%20Cases/TC20_Verify%20User%20Should%20Not%20Able%20To%20Select%20Past%20Date/Script1645178484754.groovy: 36: unable to resolve class SimpleDateFormat 
 @ line 36, column 27.
   SimpleDateFormat format = new SimpleDateFormat('yyyy-MM-dd')
                             ^

2 errors

	at com.kms.katalon.core.main.ScriptEngine.getScript(ScriptEngine.java:199)
	at com.kms.katalon.core.main.ScriptEngine.run(ScriptEngine.java:194)
	at com.kms.katalon.core.main.ScriptEngine.runScriptAsRawText(ScriptEngine.java:119)
	at com.kms.katalon.core.main.TestCaseExecutor.runScript(TestCaseExecutor.java:442)
	at com.kms.katalon.core.main.TestCaseExecutor.doExecute(TestCaseExecutor.java:433)
	at com.kms.katalon.core.main.TestCaseExecutor.processExecutionPhase(TestCaseExecutor.java:412)
	at com.kms.katalon.core.main.TestCaseExecutor.accessMainPhase(TestCaseExecutor.java:404)
	at com.kms.katalon.core.main.TestCaseExecutor.execute(TestCaseExecutor.java:281)
	at com.kms.katalon.core.main.TestSuiteExecutor.accessTestCaseMainPhase(TestSuiteExecutor.java:202)
	at com.kms.katalon.core.main.TestSuiteExecutor.accessTestSuiteMainPhase(TestSuiteExecutor.java:164)
	at com.kms.katalon.core.main.TestSuiteExecutor.execute(TestSuiteExecutor.java:105)
	at com.kms.katalon.core.main.TestCaseMain.startTestSuite(TestCaseMain.java:185)
	at com.kms.katalon.core.main.TestCaseMain$startTestSuite$0.call(Unknown Source)
	at TempTestSuite1645180643056.run(TempTestSuite1645180643056.groovy:36)]]></system-err>
      </testcase>
      <testcase name="Test Cases/Main Test Cases/TC23__Verify Functionality Of Checkbox Apply For Redmission" time="46.847" classname="Test Cases/Main Test Cases/TC23__Verify Functionality Of Checkbox Apply For Redmission" status="PASSED">
         <system-out><![CDATA[2022-02-18 16:10:21 - [TEST_CASE][PASSED] - Test Cases/Main Test Cases/TC23__Verify Functionality Of Checkbox Apply For Redmission: Test Cases/Main Test Cases/TC23__Verify Functionality Of Checkbox Apply For Redmission

2022-02-18 16:10:21 - [TEST_STEP][PASSED] - comment("Launch URL"): Launch URL

2022-02-18 16:10:21 - [MESSAGE][INFO] - Launch URL

2022-02-18 16:10:21 - [TEST_STEP][PASSED] - openBrowser(G_SiteURL): Browser is opened with url: 'http://demoaut.katalon.com'

2022-02-18 16:10:21 - [MESSAGE][WARNING] - A browser is already opened. Closing browser and opening a new one

2022-02-18 16:10:22 - [MESSAGE][INFO] - Starting 'Chrome' driver

2022-02-18 16:10:22 - [MESSAGE][INFO] - Action delay is set to 0 milliseconds

2022-02-18 16:10:27 - [MESSAGE][PASSED] - Browser is opened with url: 'http://demoaut.katalon.com'

2022-02-18 16:10:27 - [TEST_STEP][PASSED] - maximizeWindow(): Current window maximized

2022-02-18 16:10:27 - [MESSAGE][PASSED] - Current window maximized

2022-02-18 16:10:27 - [TEST_STEP][PASSED] - click(findTestObject("Page_CuraHomepage/btn_MakeAppointment")): Object: 'Object Repository/Page_CuraHomepage/btn_MakeAppointment' is clicked on

2022-02-18 16:10:28 - [MESSAGE][PASSED] - Object: 'Object Repository/Page_CuraHomepage/btn_MakeAppointment' is clicked on

2022-02-18 16:10:28 - [TEST_STEP][PASSED] - comment("User click on Make Appoinment"): User click on Make Appoinment

2022-02-18 16:10:28 - [MESSAGE][INFO] - User click on Make Appoinment

2022-02-18 16:10:28 - [TEST_STEP][PASSED] - setText(findTestObject("Page_Login/txt_UserName"), "John Doe"): Text 'John Doe' is set on object 'Object Repository/Page_Login/txt_UserName'

2022-02-18 16:10:29 - [MESSAGE][PASSED] - Text 'John Doe' is set on object 'Object Repository/Page_Login/txt_UserName'

2022-02-18 16:10:29 - [TEST_STEP][PASSED] - setText(findTestObject("Page_Login/txt_Password"), "ThisIsNotAPassword"): Text 'ThisIsNotAPassword' is set on object 'Object Repository/Page_Login/txt_Password'

2022-02-18 16:10:30 - [MESSAGE][PASSED] - Text 'ThisIsNotAPassword' is set on object 'Object Repository/Page_Login/txt_Password'

2022-02-18 16:10:30 - [TEST_STEP][PASSED] - click(findTestObject("Page_Login/btn_Login")): Object: 'Object Repository/Page_Login/btn_Login' is clicked on

2022-02-18 16:10:31 - [MESSAGE][PASSED] - Object: 'Object Repository/Page_Login/btn_Login' is clicked on

2022-02-18 16:10:31 - [TEST_STEP][PASSED] - comment("User Login Sucessfully"): User Login Sucessfully

2022-02-18 16:10:31 - [MESSAGE][INFO] - User Login Sucessfully

2022-02-18 16:10:31 - [TEST_STEP][PASSED] - click(findTestObject("Page_AppointmentConfirmation/a_Make Appointment")): Object: 'Object Repository/Page_AppointmentConfirmation/a_Make Appointment' is clicked on

2022-02-18 16:10:32 - [MESSAGE][PASSED] - Object: 'Object Repository/Page_AppointmentConfirmation/a_Make Appointment' is clicked on

2022-02-18 16:10:32 - [TEST_STEP][PASSED] - comment("User navigate to appoinment page"): User navigate to appoinment page

2022-02-18 16:10:32 - [MESSAGE][INFO] - User navigate to appoinment page

2022-02-18 16:10:32 - [TEST_STEP][PASSED] - click(findTestObject("Page_CuraAppointment/select_")): Object: 'Object Repository/Page_CuraAppointment/select_' is clicked on

2022-02-18 16:10:32 - [MESSAGE][PASSED] - Object: 'Object Repository/Page_CuraAppointment/select_' is clicked on

2022-02-18 16:10:32 - [TEST_STEP][PASSED] - selectOptionByLabel(findTestObject("Page_CuraAppointment/select_"), "Hongkong CURA Healthcare Center", true): All options with label 'Hongkong CURA Healthcare Center' are selected in object 'Object Repository/Page_CuraAppointment/select_'  using regular expression

2022-02-18 16:10:34 - [MESSAGE][PASSED] - All options with label 'Hongkong CURA Healthcare Center' are selected in object 'Object Repository/Page_CuraAppointment/select_'  using regular expression

2022-02-18 16:10:34 - [TEST_STEP][PASSED] - click(findTestObject("Page_CuraAppointment/select_")): Object: 'Object Repository/Page_CuraAppointment/select_' is clicked on

2022-02-18 16:10:34 - [MESSAGE][PASSED] - Object: 'Object Repository/Page_CuraAppointment/select_' is clicked on

2022-02-18 16:10:34 - [TEST_STEP][PASSED] - getText(findTestObject("Page_AppointmentConfirmation/label_Apply for hospital readmission")): Text of object 'Object Repository/Page_AppointmentConfirmation/label_Apply for hospital readmission' is: 'Apply for hospital readmission'

2022-02-18 16:10:35 - [MESSAGE][PASSED] - Text of object 'Object Repository/Page_AppointmentConfirmation/label_Apply for hospital readmission' is: 'Apply for hospital readmission'

2022-02-18 16:10:35 - [TEST_STEP][PASSED] - verifyElementPresent(findTestObject("Page_CuraAppointment/chk_Readmission"), 0): Object 'Object Repository/Page_CuraAppointment/chk_Readmission' is present

2022-02-18 16:10:35 - [MESSAGE][WARNING] - Timeout '0' is invalid. Using default page load timeout: '30'

2022-02-18 16:10:35 - [MESSAGE][PASSED] - Object 'Object Repository/Page_CuraAppointment/chk_Readmission' is present

2022-02-18 16:10:35 - [TEST_STEP][PASSED] - verifyElementClickable(findTestObject("Page_AppointmentConfirmation/input_")): Object 'Object Repository/Page_AppointmentConfirmation/input_' is clickable

2022-02-18 16:11:06 - [MESSAGE][INFO] - Unable to find the element located by 'By.xpath: '. Please recheck the objects properties to make sure the desired element is located. 

2022-02-18 16:11:06 - [MESSAGE][WARNING] - [SELF-HEALING] Failed to find element with id 'Object Repository/Page_AppointmentConfirmation/input_'. Try using Self-healing.

2022-02-18 16:11:07 - [MESSAGE][WARNING] - [SELF-HEALING] The current locator of test object 'Object Repository/Page_AppointmentConfirmation/input_' was broken. Propose an alternative one: '//input[@id='chk_hospotal_readmission']'.

2022-02-18 16:11:07 - [MESSAGE][PASSED] - Object 'Object Repository/Page_AppointmentConfirmation/input_' is clickable

2022-02-18 16:11:07 - [TEST_STEP][PASSED] - closeBrowser(): Browser is closed

2022-02-18 16:11:08 - [MESSAGE][PASSED] - Browser is closed]]></system-out>
         <system-err><![CDATA[]]></system-err>
      </testcase>
      <testcase name="Test Cases/Main Test Cases/TC14_To Verify Radio Buttons is Display" time="49.124" classname="Test Cases/Main Test Cases/TC14_To Verify Radio Buttons is Display" status="PASSED">
         <system-out><![CDATA[2022-02-18 16:11:08 - [TEST_CASE][PASSED] - Test Cases/Main Test Cases/TC14_To Verify Radio Buttons is Display: Test Cases/Main Test Cases/TC14_To Verify Radio Buttons is Display

2022-02-18 16:11:08 - [TEST_STEP][PASSED] - comment("Launch URL"): Launch URL

2022-02-18 16:11:08 - [MESSAGE][INFO] - Launch URL

2022-02-18 16:11:08 - [TEST_STEP][PASSED] - openBrowser(G_SiteURL): Browser is opened with url: 'http://demoaut.katalon.com'

2022-02-18 16:11:08 - [MESSAGE][INFO] - Starting 'Chrome' driver

2022-02-18 16:11:08 - [MESSAGE][INFO] - Action delay is set to 0 milliseconds

2022-02-18 16:11:13 - [MESSAGE][PASSED] - Browser is opened with url: 'http://demoaut.katalon.com'

2022-02-18 16:11:13 - [TEST_STEP][PASSED] - maximizeWindow(): Current window maximized

2022-02-18 16:11:13 - [MESSAGE][PASSED] - Current window maximized

2022-02-18 16:11:13 - [TEST_STEP][PASSED] - click(findTestObject("Page_CuraHomepage/btn_MakeAppointment")): Object: 'Object Repository/Page_CuraHomepage/btn_MakeAppointment' is clicked on

2022-02-18 16:11:15 - [MESSAGE][PASSED] - Object: 'Object Repository/Page_CuraHomepage/btn_MakeAppointment' is clicked on

2022-02-18 16:11:15 - [TEST_STEP][PASSED] - comment("User Click on Make appoinment button"): User Click on Make appoinment button

2022-02-18 16:11:15 - [MESSAGE][INFO] - User Click on Make appoinment button

2022-02-18 16:11:15 - [TEST_STEP][PASSED] - setText(findTestObject("Page_Login/txt_UserName"), "John Doe"): Text 'John Doe' is set on object 'Object Repository/Page_Login/txt_UserName'

2022-02-18 16:11:16 - [MESSAGE][PASSED] - Text 'John Doe' is set on object 'Object Repository/Page_Login/txt_UserName'

2022-02-18 16:11:16 - [TEST_STEP][PASSED] - setText(findTestObject("Page_Login/txt_Password"), "ThisIsNotAPassword"): Text 'ThisIsNotAPassword' is set on object 'Object Repository/Page_Login/txt_Password'

2022-02-18 16:11:17 - [MESSAGE][PASSED] - Text 'ThisIsNotAPassword' is set on object 'Object Repository/Page_Login/txt_Password'

2022-02-18 16:11:17 - [TEST_STEP][PASSED] - click(findTestObject("Page_Login/btn_Login")): Object: 'Object Repository/Page_Login/btn_Login' is clicked on

2022-02-18 16:11:18 - [MESSAGE][PASSED] - Object: 'Object Repository/Page_Login/btn_Login' is clicked on

2022-02-18 16:11:18 - [TEST_STEP][PASSED] - comment("User Login Sucessfully"): User Login Sucessfully

2022-02-18 16:11:18 - [MESSAGE][INFO] - User Login Sucessfully

2022-02-18 16:11:18 - [TEST_STEP][PASSED] - click(findTestObject("Page_AppointmentConfirmation/a_Make Appointment")): Object: 'Object Repository/Page_AppointmentConfirmation/a_Make Appointment' is clicked on

2022-02-18 16:11:18 - [MESSAGE][PASSED] - Object: 'Object Repository/Page_AppointmentConfirmation/a_Make Appointment' is clicked on

2022-02-18 16:11:18 - [TEST_STEP][PASSED] - comment("User Navigate to Make appoinment page"): User Navigate to Make appoinment page

2022-02-18 16:11:18 - [MESSAGE][INFO] - User Navigate to Make appoinment page

2022-02-18 16:11:18 - [TEST_STEP][PASSED] - click(findTestObject("Page_CuraAppointment/select_")): Object: 'Object Repository/Page_CuraAppointment/select_' is clicked on

2022-02-18 16:11:19 - [MESSAGE][PASSED] - Object: 'Object Repository/Page_CuraAppointment/select_' is clicked on

2022-02-18 16:11:19 - [TEST_STEP][PASSED] - selectOptionByLabel(findTestObject("Page_CuraAppointment/select_"), "Hongkong CURA Healthcare Center", true): All options with label 'Hongkong CURA Healthcare Center' are selected in object 'Object Repository/Page_CuraAppointment/select_'  using regular expression

2022-02-18 16:11:20 - [MESSAGE][PASSED] - All options with label 'Hongkong CURA Healthcare Center' are selected in object 'Object Repository/Page_CuraAppointment/select_'  using regular expression

2022-02-18 16:11:20 - [TEST_STEP][PASSED] - click(findTestObject("Page_CuraAppointment/select_")): Object: 'Object Repository/Page_CuraAppointment/select_' is clicked on

2022-02-18 16:11:21 - [MESSAGE][PASSED] - Object: 'Object Repository/Page_CuraAppointment/select_' is clicked on

2022-02-18 16:11:21 - [TEST_STEP][PASSED] - click(findTestObject("Page_AppointmentConfirmation/input_")): Object: 'Object Repository/Page_AppointmentConfirmation/input_' is clicked on

2022-02-18 16:11:52 - [MESSAGE][INFO] - Unable to find the element located by 'By.xpath: '. Please recheck the objects properties to make sure the desired element is located. 

2022-02-18 16:11:52 - [MESSAGE][WARNING] - [SELF-HEALING] Failed to find element with id 'Object Repository/Page_AppointmentConfirmation/input_'. Try using Self-healing.

2022-02-18 16:11:53 - [MESSAGE][WARNING] - [SELF-HEALING] The current locator of test object 'Object Repository/Page_AppointmentConfirmation/input_' was broken. Propose an alternative one: '//input[@id='chk_hospotal_readmission']'.

2022-02-18 16:11:53 - [MESSAGE][PASSED] - Object: 'Object Repository/Page_AppointmentConfirmation/input_' is clicked on

2022-02-18 16:11:53 - [TEST_STEP][PASSED] - getText(findTestObject("Page_AppointmentConfirmation/label_Healthcare Program")): Text of object 'Object Repository/Page_AppointmentConfirmation/label_Healthcare Program' is: 'Healthcare Program'

2022-02-18 16:11:53 - [MESSAGE][PASSED] - Text of object 'Object Repository/Page_AppointmentConfirmation/label_Healthcare Program' is: 'Healthcare Program'

2022-02-18 16:11:53 - [TEST_STEP][PASSED] - verifyElementText(findTestObject("Page_AppointmentConfirmation/label_Healthcare Program"), "Healthcare Program"): Actual text and expected text of test object 'Object Repository/Page_AppointmentConfirmation/label_Healthcare Program' are matched.

2022-02-18 16:11:54 - [MESSAGE][PASSED] - Actual text and expected text of test object 'Object Repository/Page_AppointmentConfirmation/label_Healthcare Program' are matched.

2022-02-18 16:11:54 - [TEST_STEP][PASSED] - verifyElementClickable(findTestObject("Page_AppointmentConfirmation/input_Medicare_programs")): Object 'Object Repository/Page_AppointmentConfirmation/input_Medicare_programs' is clickable

2022-02-18 16:11:54 - [MESSAGE][PASSED] - Object 'Object Repository/Page_AppointmentConfirmation/input_Medicare_programs' is clickable

2022-02-18 16:11:54 - [TEST_STEP][PASSED] - verifyElementClickable(findTestObject("Page_AppointmentConfirmation/input_Medicare_programs")): Object 'Object Repository/Page_AppointmentConfirmation/input_Medicare_programs' is clickable

2022-02-18 16:11:55 - [MESSAGE][PASSED] - Object 'Object Repository/Page_AppointmentConfirmation/input_Medicare_programs' is clickable

2022-02-18 16:11:55 - [TEST_STEP][PASSED] - verifyElementClickable(findTestObject("Page_AppointmentConfirmation/input_None_programs")): Object 'Object Repository/Page_AppointmentConfirmation/input_None_programs' is clickable

2022-02-18 16:11:55 - [MESSAGE][PASSED] - Object 'Object Repository/Page_AppointmentConfirmation/input_None_programs' is clickable

2022-02-18 16:11:55 - [TEST_STEP][PASSED] - click(findTestObject("Page_AppointmentConfirmation/input_Medicare_programs")): Object: 'Object Repository/Page_AppointmentConfirmation/input_Medicare_programs' is clicked on

2022-02-18 16:11:56 - [MESSAGE][PASSED] - Object: 'Object Repository/Page_AppointmentConfirmation/input_Medicare_programs' is clicked on

2022-02-18 16:11:56 - [TEST_STEP][PASSED] - closeBrowser(): Browser is closed

2022-02-18 16:11:57 - [MESSAGE][PASSED] - Browser is closed]]></system-out>
         <system-err><![CDATA[]]></system-err>
      </testcase>
      <testcase name="Test Cases/Main Test Cases/TC16_To Verify Date is Required" time="10.363" classname="Test Cases/Main Test Cases/TC16_To Verify Date is Required" status="FAILED">
         <failure type="FAILED" message="Test Cases/Main Test Cases/TC16_To Verify Date is Required FAILED.
Reason:
com.kms.katalon.core.exception.StepFailedException: Unable to click on object
	at com.kms.katalon.core.webui.keyword.internal.WebUIKeywordMain.stepFailed(WebUIKeywordMain.groovy:64)
	at com.kms.katalon.core.webui.keyword.internal.WebUIKeywordMain.runKeyword(WebUIKeywordMain.groovy:26)
	at com.kms.katalon.core.webui.keyword.builtin.ClickKeyword.click(ClickKeyword.groovy:74)
	at com.kms.katalon.core.webui.keyword.builtin.ClickKeyword.execute(ClickKeyword.groovy:40)
	at com.kms.katalon.core.keyword.internal.KeywordExecutor.executeKeywordForPlatform(KeywordExecutor.groovy:74)
	at com.kms.katalon.core.webui.keyword.WebUiBuiltInKeywords.click(WebUiBuiltInKeywords.groovy:620)
	at com.kms.katalon.core.webui.keyword.WebUiBuiltInKeywords$click$0.call(Unknown Source)
	at TC16_To Verify Date is Required.run(TC16_To Verify Date is Required:38)
	at com.kms.katalon.core.main.ScriptEngine.run(ScriptEngine.java:194)
	at com.kms.katalon.core.main.ScriptEngine.runScriptAsRawText(ScriptEngine.java:119)
	at com.kms.katalon.core.main.TestCaseExecutor.runScript(TestCaseExecutor.java:442)
	at com.kms.katalon.core.main.TestCaseExecutor.doExecute(TestCaseExecutor.java:433)
	at com.kms.katalon.core.main.TestCaseExecutor.processExecutionPhase(TestCaseExecutor.java:412)
	at com.kms.katalon.core.main.TestCaseExecutor.accessMainPhase(TestCaseExecutor.java:404)
	at com.kms.katalon.core.main.TestCaseExecutor.execute(TestCaseExecutor.java:281)
	at com.kms.katalon.core.main.TestSuiteExecutor.accessTestCaseMainPhase(TestSuiteExecutor.java:202)
	at com.kms.katalon.core.main.TestSuiteExecutor.accessTestSuiteMainPhase(TestSuiteExecutor.java:164)
	at com.kms.katalon.core.main.TestSuiteExecutor.execute(TestSuiteExecutor.java:105)
	at com.kms.katalon.core.main.TestCaseMain.startTestSuite(TestCaseMain.java:185)
	at com.kms.katalon.core.main.TestCaseMain$startTestSuite$0.call(Unknown Source)
	at TempTestSuite1645180643056.run(TempTestSuite1645180643056.groovy:36)
Caused by: java.lang.IllegalArgumentException: Object is null
	at com.kms.katalon.core.helper.KeywordHelper.checkTestObjectParameter(KeywordHelper.java:33)
	at com.kms.katalon.core.webui.keyword.builtin.ClickKeyword$_click_closure1.doCall(ClickKeyword.groovy:62)
	at com.kms.katalon.core.webui.keyword.builtin.ClickKeyword$_click_closure1.call(ClickKeyword.groovy)
	at com.kms.katalon.core.webui.keyword.internal.WebUIKeywordMain.runKeyword(WebUIKeywordMain.groovy:20)
	... 19 more
"/>
         <system-out><![CDATA[2022-02-18 16:11:57 - [TEST_CASE][FAILED] - Test Cases/Main Test Cases/TC16_To Verify Date is Required: Test Cases/Main Test Cases/TC16_To Verify Date is Required FAILED.
Reason:
com.kms.katalon.core.exception.StepFailedException: Unable to click on object
	at com.kms.katalon.core.webui.keyword.internal.WebUIKeywordMain.stepFailed(WebUIKeywordMain.groovy:64)
	at com.kms.katalon.core.webui.keyword.internal.WebUIKeywordMain.runKeyword(WebUIKeywordMain.groovy:26)
	at com.kms.katalon.core.webui.keyword.builtin.ClickKeyword.click(ClickKeyword.groovy:74)
	at com.kms.katalon.core.webui.keyword.builtin.ClickKeyword.execute(ClickKeyword.groovy:40)
	at com.kms.katalon.core.keyword.internal.KeywordExecutor.executeKeywordForPlatform(KeywordExecutor.groovy:74)
	at com.kms.katalon.core.webui.keyword.WebUiBuiltInKeywords.click(WebUiBuiltInKeywords.groovy:620)
	at com.kms.katalon.core.webui.keyword.WebUiBuiltInKeywords$click$0.call(Unknown Source)
	at TC16_To Verify Date is Required.run(TC16_To Verify Date is Required:38)
	at com.kms.katalon.core.main.ScriptEngine.run(ScriptEngine.java:194)
	at com.kms.katalon.core.main.ScriptEngine.runScriptAsRawText(ScriptEngine.java:119)
	at com.kms.katalon.core.main.TestCaseExecutor.runScript(TestCaseExecutor.java:442)
	at com.kms.katalon.core.main.TestCaseExecutor.doExecute(TestCaseExecutor.java:433)
	at com.kms.katalon.core.main.TestCaseExecutor.processExecutionPhase(TestCaseExecutor.java:412)
	at com.kms.katalon.core.main.TestCaseExecutor.accessMainPhase(TestCaseExecutor.java:404)
	at com.kms.katalon.core.main.TestCaseExecutor.execute(TestCaseExecutor.java:281)
	at com.kms.katalon.core.main.TestSuiteExecutor.accessTestCaseMainPhase(TestSuiteExecutor.java:202)
	at com.kms.katalon.core.main.TestSuiteExecutor.accessTestSuiteMainPhase(TestSuiteExecutor.java:164)
	at com.kms.katalon.core.main.TestSuiteExecutor.execute(TestSuiteExecutor.java:105)
	at com.kms.katalon.core.main.TestCaseMain.startTestSuite(TestCaseMain.java:185)
	at com.kms.katalon.core.main.TestCaseMain$startTestSuite$0.call(Unknown Source)
	at TempTestSuite1645180643056.run(TempTestSuite1645180643056.groovy:36)
Caused by: java.lang.IllegalArgumentException: Object is null
	at com.kms.katalon.core.helper.KeywordHelper.checkTestObjectParameter(KeywordHelper.java:33)
	at com.kms.katalon.core.webui.keyword.builtin.ClickKeyword$_click_closure1.doCall(ClickKeyword.groovy:62)
	at com.kms.katalon.core.webui.keyword.builtin.ClickKeyword$_click_closure1.call(ClickKeyword.groovy)
	at com.kms.katalon.core.webui.keyword.internal.WebUIKeywordMain.runKeyword(WebUIKeywordMain.groovy:20)
	... 19 more


2022-02-18 16:11:58 - [TEST_STEP][PASSED] - comment("Launch URL"): Launch URL

2022-02-18 16:11:58 - [MESSAGE][INFO] - Launch URL

2022-02-18 16:11:58 - [TEST_STEP][PASSED] - openBrowser(G_SiteURL): Browser is opened with url: 'http://demoaut.katalon.com'

2022-02-18 16:11:58 - [MESSAGE][INFO] - Starting 'Chrome' driver

2022-02-18 16:11:58 - [MESSAGE][INFO] - Action delay is set to 0 milliseconds

2022-02-18 16:12:02 - [MESSAGE][PASSED] - Browser is opened with url: 'http://demoaut.katalon.com'

2022-02-18 16:12:02 - [TEST_STEP][PASSED] - maximizeWindow(): Current window maximized

2022-02-18 16:12:02 - [MESSAGE][PASSED] - Current window maximized

2022-02-18 16:12:02 - [TEST_STEP][PASSED] - click(findTestObject("Page_CuraHomepage/btn_MakeAppointment")): Object: 'Object Repository/Page_CuraHomepage/btn_MakeAppointment' is clicked on

2022-02-18 16:12:03 - [MESSAGE][PASSED] - Object: 'Object Repository/Page_CuraHomepage/btn_MakeAppointment' is clicked on

2022-02-18 16:12:03 - [TEST_STEP][PASSED] - comment("User Click on Make Appointment Button"): User Click on Make Appointment Button

2022-02-18 16:12:03 - [MESSAGE][INFO] - User Click on Make Appointment Button

2022-02-18 16:12:03 - [TEST_STEP][PASSED] - setText(findTestObject("Page_Login/txt_UserName"), username): Text 'John Doe' is set on object 'Object Repository/Page_Login/txt_UserName'

2022-02-18 16:12:04 - [MESSAGE][PASSED] - Text 'John Doe' is set on object 'Object Repository/Page_Login/txt_UserName'

2022-02-18 16:12:04 - [TEST_STEP][PASSED] - setText(findTestObject("Page_Login/txt_Password"), password): Text 'ThisIsNotAPassword' is set on object 'Object Repository/Page_Login/txt_Password'

2022-02-18 16:12:06 - [MESSAGE][PASSED] - Text 'ThisIsNotAPassword' is set on object 'Object Repository/Page_Login/txt_Password'

2022-02-18 16:12:06 - [TEST_STEP][PASSED] - click(findTestObject("Page_Login/btn_Login")): Object: 'Object Repository/Page_Login/btn_Login' is clicked on

2022-02-18 16:12:07 - [MESSAGE][PASSED] - Object: 'Object Repository/Page_Login/btn_Login' is clicked on

2022-02-18 16:12:07 - [TEST_STEP][PASSED] - comment("User Login Sucessfully"): User Login Sucessfully

2022-02-18 16:12:07 - [MESSAGE][INFO] - User Login Sucessfully

2022-02-18 16:12:07 - [TEST_STEP][FAILED] - click(findTestObject("Page_AppointmentConfirmation/Page_CURA Healthcare Service/a_Make Appointment")): Unable to click on object (Root cause: com.kms.katalon.core.exception.StepFailedException: Unable to click on object
	at com.kms.katalon.core.webui.keyword.internal.WebUIKeywordMain.stepFailed(WebUIKeywordMain.groovy:64)
	at com.kms.katalon.core.webui.keyword.internal.WebUIKeywordMain.runKeyword(WebUIKeywordMain.groovy:26)
	at com.kms.katalon.core.webui.keyword.builtin.ClickKeyword.click(ClickKeyword.groovy:74)
	at com.kms.katalon.core.webui.keyword.builtin.ClickKeyword.execute(ClickKeyword.groovy:40)
	at com.kms.katalon.core.keyword.internal.KeywordExecutor.executeKeywordForPlatform(KeywordExecutor.groovy:74)
	at com.kms.katalon.core.webui.keyword.WebUiBuiltInKeywords.click(WebUiBuiltInKeywords.groovy:620)
	at com.kms.katalon.core.webui.keyword.WebUiBuiltInKeywords$click$0.call(Unknown Source)
	at TC16_To Verify Date is Required.run(TC16_To Verify Date is Required:38)
	at com.kms.katalon.core.main.ScriptEngine.run(ScriptEngine.java:194)
	at com.kms.katalon.core.main.ScriptEngine.runScriptAsRawText(ScriptEngine.java:119)
	at com.kms.katalon.core.main.TestCaseExecutor.runScript(TestCaseExecutor.java:442)
	at com.kms.katalon.core.main.TestCaseExecutor.doExecute(TestCaseExecutor.java:433)
	at com.kms.katalon.core.main.TestCaseExecutor.processExecutionPhase(TestCaseExecutor.java:412)
	at com.kms.katalon.core.main.TestCaseExecutor.accessMainPhase(TestCaseExecutor.java:404)
	at com.kms.katalon.core.main.TestCaseExecutor.execute(TestCaseExecutor.java:281)
	at com.kms.katalon.core.main.TestSuiteExecutor.accessTestCaseMainPhase(TestSuiteExecutor.java:202)
	at com.kms.katalon.core.main.TestSuiteExecutor.accessTestSuiteMainPhase(TestSuiteExecutor.java:164)
	at com.kms.katalon.core.main.TestSuiteExecutor.execute(TestSuiteExecutor.java:105)
	at com.kms.katalon.core.main.TestCaseMain.startTestSuite(TestCaseMain.java:185)
	at com.kms.katalon.core.main.TestCaseMain$startTestSuite$0.call(Unknown Source)
	at TempTestSuite1645180643056.run(TempTestSuite1645180643056.groovy:36)
Caused by: java.lang.IllegalArgumentException: Object is null
	at com.kms.katalon.core.helper.KeywordHelper.checkTestObjectParameter(KeywordHelper.java:33)
	at com.kms.katalon.core.webui.keyword.builtin.ClickKeyword$_click_closure1.doCall(ClickKeyword.groovy:62)
	at com.kms.katalon.core.webui.keyword.builtin.ClickKeyword$_click_closure1.call(ClickKeyword.groovy)
	at com.kms.katalon.core.webui.keyword.internal.WebUIKeywordMain.runKeyword(WebUIKeywordMain.groovy:20)
	at com.kms.katalon.core.webui.keyword.builtin.ClickKeyword.click(ClickKeyword.groovy:74)
	at com.kms.katalon.core.webui.keyword.builtin.ClickKeyword.execute(ClickKeyword.groovy:40)
	at com.kms.katalon.core.keyword.internal.KeywordExecutor.executeKeywordForPlatform(KeywordExecutor.groovy:74)
	at com.kms.katalon.core.webui.keyword.WebUiBuiltInKeywords.click(WebUiBuiltInKeywords.groovy:620)
	at com.kms.katalon.core.webui.keyword.WebUiBuiltInKeywords$click$0.call(Unknown Source)
	at Script1645164671455.run(Script1645164671455.groovy:38)
	... 13 more
)

2022-02-18 16:12:07 - [MESSAGE][WARNING] - Test object with id 'Object Repository/Page_AppointmentConfirmation/Page_CURA Healthcare Service/a_Make Appointment' does not exist

2022-02-18 16:12:07 - [MESSAGE][WARNING] - Test object with id 'Object Repository/' does not exist

2022-02-18 16:12:07 - [MESSAGE][FAILED] - Unable to click on object (Root cause: com.kms.katalon.core.exception.StepFailedException: Unable to click on object
	at com.kms.katalon.core.webui.keyword.internal.WebUIKeywordMain.stepFailed(WebUIKeywordMain.groovy:64)
	at com.kms.katalon.core.webui.keyword.internal.WebUIKeywordMain.runKeyword(WebUIKeywordMain.groovy:26)
	at com.kms.katalon.core.webui.keyword.builtin.ClickKeyword.click(ClickKeyword.groovy:74)
	at com.kms.katalon.core.webui.keyword.builtin.ClickKeyword.execute(ClickKeyword.groovy:40)
	at com.kms.katalon.core.keyword.internal.KeywordExecutor.executeKeywordForPlatform(KeywordExecutor.groovy:74)
	at com.kms.katalon.core.webui.keyword.WebUiBuiltInKeywords.click(WebUiBuiltInKeywords.groovy:620)
	at com.kms.katalon.core.webui.keyword.WebUiBuiltInKeywords$click$0.call(Unknown Source)
	at TC16_To Verify Date is Required.run(TC16_To Verify Date is Required:38)
	at com.kms.katalon.core.main.ScriptEngine.run(ScriptEngine.java:194)
	at com.kms.katalon.core.main.ScriptEngine.runScriptAsRawText(ScriptEngine.java:119)
	at com.kms.katalon.core.main.TestCaseExecutor.runScript(TestCaseExecutor.java:442)
	at com.kms.katalon.core.main.TestCaseExecutor.doExecute(TestCaseExecutor.java:433)
	at com.kms.katalon.core.main.TestCaseExecutor.processExecutionPhase(TestCaseExecutor.java:412)
	at com.kms.katalon.core.main.TestCaseExecutor.accessMainPhase(TestCaseExecutor.java:404)
	at com.kms.katalon.core.main.TestCaseExecutor.execute(TestCaseExecutor.java:281)
	at com.kms.katalon.core.main.TestSuiteExecutor.accessTestCaseMainPhase(TestSuiteExecutor.java:202)
	at com.kms.katalon.core.main.TestSuiteExecutor.accessTestSuiteMainPhase(TestSuiteExecutor.java:164)
	at com.kms.katalon.core.main.TestSuiteExecutor.execute(TestSuiteExecutor.java:105)
	at com.kms.katalon.core.main.TestCaseMain.startTestSuite(TestCaseMain.java:185)
	at com.kms.katalon.core.main.TestCaseMain$startTestSuite$0.call(Unknown Source)
	at TempTestSuite1645180643056.run(TempTestSuite1645180643056.groovy:36)
Caused by: java.lang.IllegalArgumentException: Object is null
	at com.kms.katalon.core.helper.KeywordHelper.checkTestObjectParameter(KeywordHelper.java:33)
	at com.kms.katalon.core.webui.keyword.builtin.ClickKeyword$_click_closure1.doCall(ClickKeyword.groovy:62)
	at com.kms.katalon.core.webui.keyword.builtin.ClickKeyword$_click_closure1.call(ClickKeyword.groovy)
	at com.kms.katalon.core.webui.keyword.internal.WebUIKeywordMain.runKeyword(WebUIKeywordMain.groovy:20)
	at com.kms.katalon.core.webui.keyword.builtin.ClickKeyword.click(ClickKeyword.groovy:74)
	at com.kms.katalon.core.webui.keyword.builtin.ClickKeyword.execute(ClickKeyword.groovy:40)
	at com.kms.katalon.core.keyword.internal.KeywordExecutor.executeKeywordForPlatform(KeywordExecutor.groovy:74)
	at com.kms.katalon.core.webui.keyword.WebUiBuiltInKeywords.click(WebUiBuiltInKeywords.groovy:620)
	at com.kms.katalon.core.webui.keyword.WebUiBuiltInKeywords$click$0.call(Unknown Source)
	at Script1645164671455.run(Script1645164671455.groovy:38)
	... 13 more
)
[[ATTACHMENT|C:\\Users\\LENOVO\\git\\CrossCountryKatalon\\Reports\\20220218_160723\\healthcare-tests - TS_RegressionTest\\20220218_160723\\1645180927086.png]]]]></system-out>
         <system-err><![CDATA[2022-02-18 16:11:57 - [TEST_CASE][FAILED] - Test Cases/Main Test Cases/TC16_To Verify Date is Required: Test Cases/Main Test Cases/TC16_To Verify Date is Required FAILED.
Reason:
com.kms.katalon.core.exception.StepFailedException: Unable to click on object
	at com.kms.katalon.core.webui.keyword.internal.WebUIKeywordMain.stepFailed(WebUIKeywordMain.groovy:64)
	at com.kms.katalon.core.webui.keyword.internal.WebUIKeywordMain.runKeyword(WebUIKeywordMain.groovy:26)
	at com.kms.katalon.core.webui.keyword.builtin.ClickKeyword.click(ClickKeyword.groovy:74)
	at com.kms.katalon.core.webui.keyword.builtin.ClickKeyword.execute(ClickKeyword.groovy:40)
	at com.kms.katalon.core.keyword.internal.KeywordExecutor.executeKeywordForPlatform(KeywordExecutor.groovy:74)
	at com.kms.katalon.core.webui.keyword.WebUiBuiltInKeywords.click(WebUiBuiltInKeywords.groovy:620)
	at com.kms.katalon.core.webui.keyword.WebUiBuiltInKeywords$click$0.call(Unknown Source)
	at TC16_To Verify Date is Required.run(TC16_To Verify Date is Required:38)
	at com.kms.katalon.core.main.ScriptEngine.run(ScriptEngine.java:194)
	at com.kms.katalon.core.main.ScriptEngine.runScriptAsRawText(ScriptEngine.java:119)
	at com.kms.katalon.core.main.TestCaseExecutor.runScript(TestCaseExecutor.java:442)
	at com.kms.katalon.core.main.TestCaseExecutor.doExecute(TestCaseExecutor.java:433)
	at com.kms.katalon.core.main.TestCaseExecutor.processExecutionPhase(TestCaseExecutor.java:412)
	at com.kms.katalon.core.main.TestCaseExecutor.accessMainPhase(TestCaseExecutor.java:404)
	at com.kms.katalon.core.main.TestCaseExecutor.execute(TestCaseExecutor.java:281)
	at com.kms.katalon.core.main.TestSuiteExecutor.accessTestCaseMainPhase(TestSuiteExecutor.java:202)
	at com.kms.katalon.core.main.TestSuiteExecutor.accessTestSuiteMainPhase(TestSuiteExecutor.java:164)
	at com.kms.katalon.core.main.TestSuiteExecutor.execute(TestSuiteExecutor.java:105)
	at com.kms.katalon.core.main.TestCaseMain.startTestSuite(TestCaseMain.java:185)
	at com.kms.katalon.core.main.TestCaseMain$startTestSuite$0.call(Unknown Source)
	at TempTestSuite1645180643056.run(TempTestSuite1645180643056.groovy:36)
Caused by: java.lang.IllegalArgumentException: Object is null
	at com.kms.katalon.core.helper.KeywordHelper.checkTestObjectParameter(KeywordHelper.java:33)
	at com.kms.katalon.core.webui.keyword.builtin.ClickKeyword$_click_closure1.doCall(ClickKeyword.groovy:62)
	at com.kms.katalon.core.webui.keyword.builtin.ClickKeyword$_click_closure1.call(ClickKeyword.groovy)
	at com.kms.katalon.core.webui.keyword.internal.WebUIKeywordMain.runKeyword(WebUIKeywordMain.groovy:20)
	... 19 more]]></system-err>
      </testcase>
      <testcase name="Test Cases/Main Test Cases/TC07_Reuse Login TestCase" time="16.65" classname="Test Cases/Main Test Cases/TC07_Reuse Login TestCase" status="PASSED">
         <system-out><![CDATA[2022-02-18 16:12:07 - [TEST_CASE][PASSED] - Test Cases/Main Test Cases/TC07_Reuse Login TestCase: Test Cases/Main Test Cases/TC07_Reuse Login TestCase

2022-02-18 16:12:08 - [TEST_STEP][PASSED] - comment("Launch URL"): Launch URL

2022-02-18 16:12:08 - [MESSAGE][INFO] - Launch URL

2022-02-18 16:12:08 - [TEST_STEP][PASSED] - openBrowser(G_SiteURL): Browser is opened with url: 'http://demoaut.katalon.com'

2022-02-18 16:12:08 - [MESSAGE][WARNING] - A browser is already opened. Closing browser and opening a new one

2022-02-18 16:12:09 - [MESSAGE][INFO] - Starting 'Chrome' driver

2022-02-18 16:12:09 - [MESSAGE][INFO] - Action delay is set to 0 milliseconds

2022-02-18 16:12:14 - [MESSAGE][PASSED] - Browser is opened with url: 'http://demoaut.katalon.com'

2022-02-18 16:12:14 - [TEST_STEP][PASSED] - maximizeWindow(): Current window maximized

2022-02-18 16:12:14 - [MESSAGE][PASSED] - Current window maximized

2022-02-18 16:12:14 - [TEST_STEP][PASSED] - callTestCase(findTestCase("Common Test Cases/Login"), ["Username":"John Doe", "Password":"ThisIsNotAPassword"], STOP_ON_FAILURE): Call Test Case 'Test Cases/Common Test Cases/Login' successfully

2022-02-18 16:12:14 - [TEST_CASE][PASSED] - Test Cases/Common Test Cases/Login: Test Cases/Common Test Cases/Login

2022-02-18 16:12:14 - [TEST_STEP][PASSED] - click(findTestObject("Page_CuraHomepage/btn_MakeAppointment")): Object: 'Object Repository/Page_CuraHomepage/btn_MakeAppointment' is clicked on

2022-02-18 16:12:15 - [MESSAGE][PASSED] - Object: 'Object Repository/Page_CuraHomepage/btn_MakeAppointment' is clicked on

2022-02-18 16:12:15 - [TEST_STEP][PASSED] - setText(findTestObject("Page_Login/txt_UserName"), Username): Text 'John Doe' is set on object 'Object Repository/Page_Login/txt_UserName'

2022-02-18 16:12:16 - [MESSAGE][PASSED] - Text 'John Doe' is set on object 'Object Repository/Page_Login/txt_UserName'

2022-02-18 16:12:16 - [TEST_STEP][PASSED] - setText(findTestObject("Page_Login/txt_Password"), Password): Text 'ThisIsNotAPassword' is set on object 'Object Repository/Page_Login/txt_Password'

2022-02-18 16:12:17 - [MESSAGE][PASSED] - Text 'ThisIsNotAPassword' is set on object 'Object Repository/Page_Login/txt_Password'

2022-02-18 16:12:17 - [TEST_STEP][PASSED] - click(findTestObject("Page_Login/btn_Login")): Object: 'Object Repository/Page_Login/btn_Login' is clicked on

2022-02-18 16:12:18 - [MESSAGE][PASSED] - Object: 'Object Repository/Page_Login/btn_Login' is clicked on

2022-02-18 16:12:18 - [TEST_STEP][PASSED] - landingPage = verifyElementPresent(findTestObject("Page_CuraAppointment/div_Appointment"), G_Timeout): Object 'Object Repository/Page_CuraAppointment/div_Appointment' is present

2022-02-18 16:12:18 - [MESSAGE][PASSED] - Object 'Object Repository/Page_CuraAppointment/div_Appointment' is present

2022-02-18 16:12:18 - [MESSAGE][PASSED] - Call Test Case 'Test Cases/Common Test Cases/Login' successfully

2022-02-18 16:12:18 - [TEST_STEP][PASSED] - click(findTestObject("Page_AppointmentConfirmation/a_Make Appointment")): Object: 'Object Repository/Page_AppointmentConfirmation/a_Make Appointment' is clicked on

2022-02-18 16:12:19 - [MESSAGE][PASSED] - Object: 'Object Repository/Page_AppointmentConfirmation/a_Make Appointment' is clicked on

2022-02-18 16:12:19 - [TEST_STEP][PASSED] - click(findTestObject("Page_AppointmentConfirmation/input_Apply for hospital readmission_hospital_readmission")): Object: 'Object Repository/Page_AppointmentConfirmation/input_Apply for hospital readmission_hospital_readmission' is clicked on

2022-02-18 16:12:19 - [MESSAGE][PASSED] - Object: 'Object Repository/Page_AppointmentConfirmation/input_Apply for hospital readmission_hospital_readmission' is clicked on

2022-02-18 16:12:19 - [TEST_STEP][PASSED] - click(findTestObject("Page_AppointmentConfirmation/input_Medicare_programs")): Object: 'Object Repository/Page_AppointmentConfirmation/input_Medicare_programs' is clicked on

2022-02-18 16:12:20 - [MESSAGE][PASSED] - Object: 'Object Repository/Page_AppointmentConfirmation/input_Medicare_programs' is clicked on

2022-02-18 16:12:20 - [TEST_STEP][PASSED] - click(findTestObject("Page_CuraAppointment/span_Visit Date (Required)_glyphicon glyphicon-calendar")): Object: 'Object Repository/Page_CuraAppointment/span_Visit Date (Required)_glyphicon glyphicon-calendar' is clicked on

2022-02-18 16:12:20 - [MESSAGE][PASSED] - Object: 'Object Repository/Page_CuraAppointment/span_Visit Date (Required)_glyphicon glyphicon-calendar' is clicked on

2022-02-18 16:12:20 - [TEST_STEP][PASSED] - click(findTestObject("Page_CuraAppointment/td_24")): Object: 'Object Repository/Page_CuraAppointment/td_24' is clicked on

2022-02-18 16:12:21 - [MESSAGE][PASSED] - Object: 'Object Repository/Page_CuraAppointment/td_24' is clicked on

2022-02-18 16:12:21 - [TEST_STEP][PASSED] - setText(findTestObject("Page_AppointmentConfirmation/textarea_Comment_comment"), "Make my appointment ASAP"): Text 'Make my appointment ASAP' is set on object 'Object Repository/Page_AppointmentConfirmation/textarea_Comment_comment'

2022-02-18 16:12:21 - [MESSAGE][PASSED] - Text 'Make my appointment ASAP' is set on object 'Object Repository/Page_AppointmentConfirmation/textarea_Comment_comment'

2022-02-18 16:12:21 - [TEST_STEP][PASSED] - click(findTestObject("Page_AppointmentConfirmation/button_Book Appointment")): Object: 'Object Repository/Page_AppointmentConfirmation/button_Book Appointment' is clicked on

2022-02-18 16:12:22 - [MESSAGE][PASSED] - Object: 'Object Repository/Page_AppointmentConfirmation/button_Book Appointment' is clicked on

2022-02-18 16:12:22 - [TEST_STEP][PASSED] - verifyTextPresent("Appointment Confirmation", true): Text 'Appointment Confirmation' is present on page  using regular expression

2022-02-18 16:12:23 - [MESSAGE][PASSED] - Text 'Appointment Confirmation' is present on page  using regular expression

2022-02-18 16:12:23 - [TEST_STEP][PASSED] - closeBrowser(): Browser is closed

2022-02-18 16:12:24 - [MESSAGE][PASSED] - Browser is closed]]></system-out>
         <system-err><![CDATA[]]></system-err>
      </testcase>
      <testcase name="Test Cases/Main Test Cases/TC04_Verify Title Of Application" time="6.349" classname="Test Cases/Main Test Cases/TC04_Verify Title Of Application" status="PASSED">
         <system-out><![CDATA[2022-02-18 16:12:24 - [TEST_CASE][PASSED] - Test Cases/Main Test Cases/TC04_Verify Title Of Application: Test Cases/Main Test Cases/TC04_Verify Title Of Application

2022-02-18 16:12:24 - [TEST_STEP][PASSED] - openBrowser(""): Browser is opened with url: ''

2022-02-18 16:12:24 - [MESSAGE][INFO] - Starting 'Chrome' driver

2022-02-18 16:12:24 - [MESSAGE][INFO] - Action delay is set to 0 milliseconds

2022-02-18 16:12:26 - [MESSAGE][PASSED] - Browser is opened with url: ''

2022-02-18 16:12:26 - [TEST_STEP][PASSED] - navigateToUrl("https://katalon-demo-cura.herokuapp.com/"): Navigate to 'https://katalon-demo-cura.herokuapp.com/' successfully

2022-02-18 16:12:28 - [MESSAGE][PASSED] - Navigate to 'https://katalon-demo-cura.herokuapp.com/' successfully

2022-02-18 16:12:28 - [TEST_STEP][PASSED] - click(findTestObject("Object Repository/Page_CURA Healthcare Service/h1_CURA Healthcare Service")): Object: 'Object Repository/Page_CURA Healthcare Service/h1_CURA Healthcare Service' is clicked on

2022-02-18 16:12:29 - [MESSAGE][PASSED] - Object: 'Object Repository/Page_CURA Healthcare Service/h1_CURA Healthcare Service' is clicked on

2022-02-18 16:12:29 - [TEST_STEP][PASSED] - getText(findTestObject("Object Repository/Page_CURA Healthcare Service/h1_CURA Healthcare Service")): Text of object 'Object Repository/Page_CURA Healthcare Service/h1_CURA Healthcare Service' is: 'CURA Healthcare Service'

2022-02-18 16:12:29 - [MESSAGE][PASSED] - Text of object 'Object Repository/Page_CURA Healthcare Service/h1_CURA Healthcare Service' is: 'CURA Healthcare Service'

2022-02-18 16:12:29 - [TEST_STEP][PASSED] - closeBrowser(): Browser is closed

2022-02-18 16:12:30 - [MESSAGE][PASSED] - Browser is closed]]></system-out>
         <system-err><![CDATA[]]></system-err>
      </testcase>
      <testcase name="Test Cases/Main Test Cases/TC06_Verify Make Appoinment Button" time="11.133" classname="Test Cases/Main Test Cases/TC06_Verify Make Appoinment Button" status="PASSED">
         <system-out><![CDATA[2022-02-18 16:12:30 - [TEST_CASE][PASSED] - Test Cases/Main Test Cases/TC06_Verify Make Appoinment Button: Test Cases/Main Test Cases/TC06_Verify Make Appoinment Button

2022-02-18 16:12:31 - [TEST_STEP][PASSED] - comment("Launch URL"): Launch URL

2022-02-18 16:12:31 - [MESSAGE][INFO] - Launch URL

2022-02-18 16:12:31 - [TEST_STEP][PASSED] - comment("User Login With Valid Credentials"): User Login With Valid Credentials

2022-02-18 16:12:31 - [MESSAGE][INFO] - User Login With Valid Credentials

2022-02-18 16:12:31 - [TEST_STEP][PASSED] - openBrowser(G_SiteURL): Browser is opened with url: 'http://demoaut.katalon.com'

2022-02-18 16:12:31 - [MESSAGE][INFO] - Starting 'Chrome' driver

2022-02-18 16:12:31 - [MESSAGE][INFO] - Action delay is set to 0 milliseconds

2022-02-18 16:12:35 - [MESSAGE][PASSED] - Browser is opened with url: 'http://demoaut.katalon.com'

2022-02-18 16:12:35 - [TEST_STEP][PASSED] - maximizeWindow(): Current window maximized

2022-02-18 16:12:36 - [MESSAGE][PASSED] - Current window maximized

2022-02-18 16:12:36 - [TEST_STEP][PASSED] - click(findTestObject("Page_CuraHomepage/btn_MakeAppointment")): Object: 'Object Repository/Page_CuraHomepage/btn_MakeAppointment' is clicked on

2022-02-18 16:12:37 - [MESSAGE][PASSED] - Object: 'Object Repository/Page_CuraHomepage/btn_MakeAppointment' is clicked on

2022-02-18 16:12:37 - [TEST_STEP][PASSED] - setText(findTestObject("Page_Login/txt_UserName"), "John Doe"): Text 'John Doe' is set on object 'Object Repository/Page_Login/txt_UserName'

2022-02-18 16:12:38 - [MESSAGE][PASSED] - Text 'John Doe' is set on object 'Object Repository/Page_Login/txt_UserName'

2022-02-18 16:12:38 - [TEST_STEP][PASSED] - setText(findTestObject("Page_Login/txt_Password"), "ThisIsNotAPassword"): Text 'ThisIsNotAPassword' is set on object 'Object Repository/Page_Login/txt_Password'

2022-02-18 16:12:39 - [MESSAGE][PASSED] - Text 'ThisIsNotAPassword' is set on object 'Object Repository/Page_Login/txt_Password'

2022-02-18 16:12:39 - [TEST_STEP][PASSED] - click(findTestObject("Page_Login/btn_Login")): Object: 'Object Repository/Page_Login/btn_Login' is clicked on

2022-02-18 16:12:40 - [MESSAGE][PASSED] - Object: 'Object Repository/Page_Login/btn_Login' is clicked on

2022-02-18 16:12:40 - [TEST_STEP][PASSED] - comment("User Login to Application"): User Login to Application

2022-02-18 16:12:40 - [MESSAGE][INFO] - User Login to Application

2022-02-18 16:12:40 - [TEST_STEP][PASSED] - verifyElementClickable(findTestObject("Page_AppointmentConfirmation/a_Make Appointment"), STOP_ON_FAILURE): Object 'Object Repository/Page_AppointmentConfirmation/a_Make Appointment' is clickable

2022-02-18 16:12:40 - [MESSAGE][PASSED] - Object 'Object Repository/Page_AppointmentConfirmation/a_Make Appointment' is clickable

2022-02-18 16:12:40 - [TEST_STEP][PASSED] - getUrl(): Current window's url is: 'https://katalon-demo-cura.herokuapp.com/#appointment'

2022-02-18 16:12:40 - [MESSAGE][PASSED] - Current window's url is: 'https://katalon-demo-cura.herokuapp.com/#appointment'

2022-02-18 16:12:40 - [TEST_STEP][PASSED] - closeBrowser(): Browser is closed

2022-02-18 16:12:41 - [MESSAGE][PASSED] - Browser is closed]]></system-out>
         <system-err><![CDATA[]]></system-err>
      </testcase>
      <testcase name="Test Cases/Main Test Cases/TC05_Verify Functionality Of Facility DropDown" time="13.818" classname="Test Cases/Main Test Cases/TC05_Verify Functionality Of Facility DropDown" status="PASSED">
         <system-out><![CDATA[2022-02-18 16:12:41 - [TEST_CASE][PASSED] - Test Cases/Main Test Cases/TC05_Verify Functionality Of Facility DropDown: Test Cases/Main Test Cases/TC05_Verify Functionality Of Facility DropDown

2022-02-18 16:12:42 - [TEST_STEP][PASSED] - comment("Launch URL"): Launch URL

2022-02-18 16:12:42 - [MESSAGE][INFO] - Launch URL

2022-02-18 16:12:42 - [TEST_STEP][PASSED] - openBrowser(G_SiteURL): Browser is opened with url: 'http://demoaut.katalon.com'

2022-02-18 16:12:42 - [MESSAGE][INFO] - Starting 'Chrome' driver

2022-02-18 16:12:42 - [MESSAGE][INFO] - Action delay is set to 0 milliseconds

2022-02-18 16:12:47 - [MESSAGE][PASSED] - Browser is opened with url: 'http://demoaut.katalon.com'

2022-02-18 16:12:47 - [TEST_STEP][PASSED] - comment("User enters valid Credentials"): User enters valid Credentials

2022-02-18 16:12:47 - [MESSAGE][INFO] - User enters valid Credentials

2022-02-18 16:12:47 - [TEST_STEP][PASSED] - maximizeWindow(): Current window maximized

2022-02-18 16:12:47 - [MESSAGE][PASSED] - Current window maximized

2022-02-18 16:12:47 - [TEST_STEP][PASSED] - click(findTestObject("Page_CuraHomepage/btn_MakeAppointment")): Object: 'Object Repository/Page_CuraHomepage/btn_MakeAppointment' is clicked on

2022-02-18 16:12:48 - [MESSAGE][PASSED] - Object: 'Object Repository/Page_CuraHomepage/btn_MakeAppointment' is clicked on

2022-02-18 16:12:48 - [TEST_STEP][PASSED] - setText(findTestObject("Page_Login/txt_UserName"), "John Doe"): Text 'John Doe' is set on object 'Object Repository/Page_Login/txt_UserName'

2022-02-18 16:12:49 - [MESSAGE][PASSED] - Text 'John Doe' is set on object 'Object Repository/Page_Login/txt_UserName'

2022-02-18 16:12:49 - [TEST_STEP][PASSED] - setText(findTestObject("Page_Login/txt_Password"), "ThisIsNotAPassword"): Text 'ThisIsNotAPassword' is set on object 'Object Repository/Page_Login/txt_Password'

2022-02-18 16:12:50 - [MESSAGE][PASSED] - Text 'ThisIsNotAPassword' is set on object 'Object Repository/Page_Login/txt_Password'

2022-02-18 16:12:50 - [TEST_STEP][PASSED] - click(findTestObject("Page_Login/btn_Login")): Object: 'Object Repository/Page_Login/btn_Login' is clicked on

2022-02-18 16:12:51 - [MESSAGE][PASSED] - Object: 'Object Repository/Page_Login/btn_Login' is clicked on

2022-02-18 16:12:51 - [TEST_STEP][PASSED] - comment("Login sucessfully"): Login sucessfully

2022-02-18 16:12:51 - [MESSAGE][INFO] - Login sucessfully

2022-02-18 16:12:51 - [TEST_STEP][PASSED] - click(findTestObject("Page_AppointmentConfirmation/a_Make Appointment")): Object: 'Object Repository/Page_AppointmentConfirmation/a_Make Appointment' is clicked on

2022-02-18 16:12:52 - [MESSAGE][PASSED] - Object: 'Object Repository/Page_AppointmentConfirmation/a_Make Appointment' is clicked on

2022-02-18 16:12:52 - [TEST_STEP][PASSED] - comment("User Navigate to appoinmnet page"): User Navigate to appoinmnet page

2022-02-18 16:12:52 - [MESSAGE][INFO] - User Navigate to appoinmnet page

2022-02-18 16:12:52 - [TEST_STEP][PASSED] - verifyElementVisible(findTestObject("Page_CuraAppointment/lst_Facility")): Object 'Object Repository/Page_CuraAppointment/lst_Facility' is visible

2022-02-18 16:12:53 - [MESSAGE][PASSED] - Object 'Object Repository/Page_CuraAppointment/lst_Facility' is visible

2022-02-18 16:12:53 - [TEST_STEP][PASSED] - verifyElementClickable(findTestObject("Page_CuraAppointment/lst_Facility")): Object 'Object Repository/Page_CuraAppointment/lst_Facility' is clickable

2022-02-18 16:12:53 - [MESSAGE][PASSED] - Object 'Object Repository/Page_CuraAppointment/lst_Facility' is clickable

2022-02-18 16:12:53 - [TEST_STEP][PASSED] - click(findTestObject("Page_CuraAppointment/select_")): Object: 'Object Repository/Page_CuraAppointment/select_' is clicked on

2022-02-18 16:12:53 - [MESSAGE][PASSED] - Object: 'Object Repository/Page_CuraAppointment/select_' is clicked on

2022-02-18 16:12:53 - [TEST_STEP][PASSED] - verifyOptionsPresent(findTestObject("Page_CuraAppointment/select_"), ["Tokyo CURA Healthcare Center", "Hongkong CURA Healthcare Center", "Seoul CURA Healthcare Center"]): Options [Tokyo CURA Healthcare Center, Hongkong CURA Healthcare Center, Seoul CURA Healthcare Center] present.

2022-02-18 16:12:54 - [MESSAGE][PASSED] - Options [Tokyo CURA Healthcare Center, Hongkong CURA Healthcare Center, Seoul CURA Healthcare Center] present.

2022-02-18 16:12:54 - [TEST_STEP][PASSED] - closeBrowser(): Browser is closed

2022-02-18 16:12:55 - [MESSAGE][PASSED] - Browser is closed]]></system-out>
         <system-err><![CDATA[]]></system-err>
      </testcase>
      <testcase name="Test Cases/Main Test Cases/TC10_Verify Cura HelthCare Service Title is displayed on Home page" time="10.687" classname="Test Cases/Main Test Cases/TC10_Verify Cura HelthCare Service Title is displayed on Home page" status="PASSED">
         <system-out><![CDATA[2022-02-18 16:12:55 - [TEST_CASE][PASSED] - Test Cases/Main Test Cases/TC10_Verify Cura HelthCare Service Title is displayed on Home page: Test Cases/Main Test Cases/TC10_Verify Cura HelthCare Service Title is displayed on Home page

2022-02-18 16:12:56 - [TEST_STEP][PASSED] - openBrowser(findTestData("TestData").getValue(1, 1)): Browser is opened with url: 'https://katalon-demo-cura.herokuapp.com/'

2022-02-18 16:12:56 - [MESSAGE][INFO] - Starting 'Chrome' driver

2022-02-18 16:12:56 - [MESSAGE][INFO] - Action delay is set to 0 milliseconds

2022-02-18 16:13:00 - [MESSAGE][PASSED] - Browser is opened with url: 'https://katalon-demo-cura.herokuapp.com/'

2022-02-18 16:13:00 - [TEST_STEP][PASSED] - maximizeWindow(): Current window maximized

2022-02-18 16:13:00 - [MESSAGE][PASSED] - Current window maximized

2022-02-18 16:13:00 - [TEST_STEP][PASSED] - click(findTestObject("Page_CURA Healthcare Service/a_Make Appointment")): Object: 'Object Repository/Page_CURA Healthcare Service/a_Make Appointment' is clicked on

2022-02-18 16:13:01 - [MESSAGE][PASSED] - Object: 'Object Repository/Page_CURA Healthcare Service/a_Make Appointment' is clicked on

2022-02-18 16:13:01 - [TEST_STEP][PASSED] - setText(findTestObject("Page_Login/txt_UserName"), findTestData("TestData").getValue(2, 1)): Text 'John Doe' is set on object 'Object Repository/Page_Login/txt_UserName'

2022-02-18 16:13:03 - [MESSAGE][PASSED] - Text 'John Doe' is set on object 'Object Repository/Page_Login/txt_UserName'

2022-02-18 16:13:03 - [TEST_STEP][PASSED] - setText(findTestObject("Page_Login/txt_Password"), findTestData("TestData").getValue(3, 1)): Text 'ThisIsNotAPassword' is set on object 'Object Repository/Page_Login/txt_Password'

2022-02-18 16:13:04 - [MESSAGE][PASSED] - Text 'ThisIsNotAPassword' is set on object 'Object Repository/Page_Login/txt_Password'

2022-02-18 16:13:04 - [TEST_STEP][PASSED] - click(findTestObject("Page_Login/btn_Login")): Object: 'Object Repository/Page_Login/btn_Login' is clicked on

2022-02-18 16:13:05 - [MESSAGE][PASSED] - Object: 'Object Repository/Page_Login/btn_Login' is clicked on

2022-02-18 16:13:05 - [TEST_STEP][PASSED] - verifyElementPresent(findTestObject("Page_CURA Healthcare Service/h1_CURA Healthcare Service"), 0): Object 'Object Repository/Page_CURA Healthcare Service/h1_CURA Healthcare Service' is present

2022-02-18 16:13:05 - [MESSAGE][WARNING] - Timeout '0' is invalid. Using default page load timeout: '30'

2022-02-18 16:13:05 - [MESSAGE][PASSED] - Object 'Object Repository/Page_CURA Healthcare Service/h1_CURA Healthcare Service' is present

2022-02-18 16:13:05 - [TEST_STEP][PASSED] - closeBrowser(): Browser is closed

2022-02-18 16:13:06 - [MESSAGE][PASSED] - Browser is closed]]></system-out>
         <system-err><![CDATA[]]></system-err>
      </testcase>
      <testcase name="Test Cases/Main Test Cases/TC09_ Verify Login With Invalid Password" time="10.751" classname="Test Cases/Main Test Cases/TC09_ Verify Login With Invalid Password" status="PASSED">
         <system-out><![CDATA[2022-02-18 16:13:06 - [TEST_CASE][PASSED] - Test Cases/Main Test Cases/TC09_ Verify Login With Invalid Password: Test Cases/Main Test Cases/TC09_ Verify Login With Invalid Password

2022-02-18 16:13:07 - [TEST_STEP][PASSED] - comment("Story:Login To cura System using Valid UserName and Invalid Password"): Story:Login To cura System using Valid UserName and Invalid Password

2022-02-18 16:13:07 - [MESSAGE][INFO] - Story:Login To cura System using Valid UserName and Invalid Password

2022-02-18 16:13:07 - [TEST_STEP][PASSED] - openBrowser(G_SiteURL): Browser is opened with url: 'http://demoaut.katalon.com'

2022-02-18 16:13:07 - [MESSAGE][INFO] - Starting 'Chrome' driver

2022-02-18 16:13:07 - [MESSAGE][INFO] - Action delay is set to 0 milliseconds

2022-02-18 16:13:11 - [MESSAGE][PASSED] - Browser is opened with url: 'http://demoaut.katalon.com'

2022-02-18 16:13:11 - [TEST_STEP][PASSED] - maximizeWindow(): Current window maximized

2022-02-18 16:13:11 - [MESSAGE][PASSED] - Current window maximized

2022-02-18 16:13:11 - [TEST_STEP][PASSED] - click(findTestObject("Page_CURA Healthcare Service/a_Make Appointment")): Object: 'Object Repository/Page_CURA Healthcare Service/a_Make Appointment' is clicked on

2022-02-18 16:13:12 - [MESSAGE][PASSED] - Object: 'Object Repository/Page_CURA Healthcare Service/a_Make Appointment' is clicked on

2022-02-18 16:13:12 - [TEST_STEP][PASSED] - setText(findTestObject("Page_Login/txt_UserName"), findTestData("TestData").getValue(2, 1)): Text 'John Doe' is set on object 'Object Repository/Page_Login/txt_UserName'

2022-02-18 16:13:13 - [MESSAGE][PASSED] - Text 'John Doe' is set on object 'Object Repository/Page_Login/txt_UserName'

2022-02-18 16:13:13 - [TEST_STEP][PASSED] - setText(findTestObject("Page_Login/txt_Password"), findTestData("TestData").getValue(5, 1)): Text 'ThisIsNotPass' is set on object 'Object Repository/Page_Login/txt_Password'

2022-02-18 16:13:14 - [MESSAGE][PASSED] - Text 'ThisIsNotPass' is set on object 'Object Repository/Page_Login/txt_Password'

2022-02-18 16:13:14 - [TEST_STEP][PASSED] - click(findTestObject("Page_Login/btn_Login")): Object: 'Object Repository/Page_Login/btn_Login' is clicked on

2022-02-18 16:13:15 - [MESSAGE][PASSED] - Object: 'Object Repository/Page_Login/btn_Login' is clicked on

2022-02-18 16:13:15 - [TEST_STEP][PASSED] - verifyElementPresent(findTestObject("Page_CURA Healthcare Service/p_Login failed Please ensure the username and password are valid"), 0): Object 'Object Repository/Page_CURA Healthcare Service/p_Login failed Please ensure the username and password are valid' is present

2022-02-18 16:13:16 - [MESSAGE][WARNING] - Timeout '0' is invalid. Using default page load timeout: '30'

2022-02-18 16:13:16 - [MESSAGE][PASSED] - Object 'Object Repository/Page_CURA Healthcare Service/p_Login failed Please ensure the username and password are valid' is present

2022-02-18 16:13:16 - [TEST_STEP][PASSED] - closeBrowser(): Browser is closed

2022-02-18 16:13:17 - [MESSAGE][PASSED] - Browser is closed]]></system-out>
         <system-err><![CDATA[]]></system-err>
      </testcase>
      <testcase name="Test Cases/Main Test Cases/TC08_Verify Login with invalid Username" time="11.734" classname="Test Cases/Main Test Cases/TC08_Verify Login with invalid Username" status="PASSED">
         <system-out><![CDATA[2022-02-18 16:13:17 - [TEST_CASE][PASSED] - Test Cases/Main Test Cases/TC08_Verify Login with invalid Username: Test Cases/Main Test Cases/TC08_Verify Login with invalid Username

2022-02-18 16:13:18 - [TEST_STEP][PASSED] - comment("Story:Login To cura System using Invalid UserName"): Story:Login To cura System using Invalid UserName

2022-02-18 16:13:18 - [MESSAGE][INFO] - Story:Login To cura System using Invalid UserName

2022-02-18 16:13:18 - [TEST_STEP][PASSED] - comment("Given that the user has the invalid login information"): Given that the user has the invalid login information

2022-02-18 16:13:18 - [MESSAGE][INFO] - Given that the user has the invalid login information

2022-02-18 16:13:18 - [TEST_STEP][PASSED] - openBrowser(G_SiteURL): Browser is opened with url: 'http://demoaut.katalon.com'

2022-02-18 16:13:18 - [MESSAGE][INFO] - Starting 'Chrome' driver

2022-02-18 16:13:18 - [MESSAGE][INFO] - Action delay is set to 0 milliseconds

2022-02-18 16:13:22 - [MESSAGE][PASSED] - Browser is opened with url: 'http://demoaut.katalon.com'

2022-02-18 16:13:22 - [TEST_STEP][PASSED] - maximizeWindow(): Current window maximized

2022-02-18 16:13:22 - [MESSAGE][PASSED] - Current window maximized

2022-02-18 16:13:22 - [TEST_STEP][PASSED] - click(findTestObject("Page_CURA Healthcare Service/a_Make Appointment")): Object: 'Object Repository/Page_CURA Healthcare Service/a_Make Appointment' is clicked on

2022-02-18 16:13:24 - [MESSAGE][PASSED] - Object: 'Object Repository/Page_CURA Healthcare Service/a_Make Appointment' is clicked on

2022-02-18 16:13:24 - [TEST_STEP][PASSED] - setText(findTestObject("Page_Login/txt_UserName"), findTestData("TestData").getValue(4, 1)): Text 'John DO' is set on object 'Object Repository/Page_Login/txt_UserName'

2022-02-18 16:13:25 - [MESSAGE][PASSED] - Text 'John DO' is set on object 'Object Repository/Page_Login/txt_UserName'

2022-02-18 16:13:25 - [TEST_STEP][PASSED] - setText(findTestObject("Page_Login/txt_Password"), "ThisIsNotAPassword"): Text 'ThisIsNotAPassword' is set on object 'Object Repository/Page_Login/txt_Password'

2022-02-18 16:13:26 - [MESSAGE][PASSED] - Text 'ThisIsNotAPassword' is set on object 'Object Repository/Page_Login/txt_Password'

2022-02-18 16:13:26 - [TEST_STEP][PASSED] - click(findTestObject("Page_Login/btn_Login")): Object: 'Object Repository/Page_Login/btn_Login' is clicked on

2022-02-18 16:13:27 - [MESSAGE][PASSED] - Object: 'Object Repository/Page_Login/btn_Login' is clicked on

2022-02-18 16:13:27 - [TEST_STEP][PASSED] - verifyElementPresent(findTestObject("Page_CURA Healthcare Service/p_Login failed Please ensure the username and password are valid"), G_ShortTimeOut): Object 'Object Repository/Page_CURA Healthcare Service/p_Login failed Please ensure the username and password are valid' is present

2022-02-18 16:13:27 - [MESSAGE][PASSED] - Object 'Object Repository/Page_CURA Healthcare Service/p_Login failed Please ensure the username and password are valid' is present

2022-02-18 16:13:27 - [TEST_STEP][PASSED] - comment("Error Message displayed with Invalid User name"): Error Message displayed with Invalid User name

2022-02-18 16:13:27 - [MESSAGE][INFO] - Error Message displayed with Invalid User name

2022-02-18 16:13:27 - [TEST_STEP][PASSED] - closeBrowser(): Browser is closed

2022-02-18 16:13:28 - [MESSAGE][PASSED] - Browser is closed]]></system-out>
         <system-err><![CDATA[]]></system-err>
      </testcase>
      <system-out><![CDATA[2022-02-18 16:07:27 - [TEST_SUITE][ERROR] - healthcare-tests - TS_RegressionTest: Test Cases/Main Test Cases/TC20_Verify User Should Not Able To Select Past Date FAILED.
Reason:
org.codehaus.groovy.control.MultipleCompilationErrorsException: startup failed:
file:/C:/Users/LENOVO/git/CrossCountryKatalon/Scripts/Main%20Test%20Cases/TC20_Verify%20User%20Should%20Not%20Able%20To%20Select%20Past%20Date/Script1645178484754.groovy: 36: unable to resolve class SimpleDateFormat 
 @ line 36, column 18.
   SimpleDateFormat format = new SimpleDateFormat('yyyy-MM-dd')
                    ^

file:/C:/Users/LENOVO/git/CrossCountryKatalon/Scripts/Main%20Test%20Cases/TC20_Verify%20User%20Should%20Not%20Able%20To%20Select%20Past%20Date/Script1645178484754.groovy: 36: unable to resolve class SimpleDateFormat 
 @ line 36, column 27.
   SimpleDateFormat format = new SimpleDateFormat('yyyy-MM-dd')
                             ^

2 errors

	at com.kms.katalon.core.main.ScriptEngine.getScript(ScriptEngine.java:199)
	at com.kms.katalon.core.main.ScriptEngine.run(ScriptEngine.java:194)
	at com.kms.katalon.core.main.ScriptEngine.runScriptAsRawText(ScriptEngine.java:119)
	at com.kms.katalon.core.main.TestCaseExecutor.runScript(TestCaseExecutor.java:442)
	at com.kms.katalon.core.main.TestCaseExecutor.doExecute(TestCaseExecutor.java:433)
	at com.kms.katalon.core.main.TestCaseExecutor.processExecutionPhase(TestCaseExecutor.java:412)
	at com.kms.katalon.core.main.TestCaseExecutor.accessMainPhase(TestCaseExecutor.java:404)
	at com.kms.katalon.core.main.TestCaseExecutor.execute(TestCaseExecutor.java:281)
	at com.kms.katalon.core.main.TestSuiteExecutor.accessTestCaseMainPhase(TestSuiteExecutor.java:202)
	at com.kms.katalon.core.main.TestSuiteExecutor.accessTestSuiteMainPhase(TestSuiteExecutor.java:164)
	at com.kms.katalon.core.main.TestSuiteExecutor.execute(TestSuiteExecutor.java:105)
	at com.kms.katalon.core.main.TestCaseMain.startTestSuite(TestCaseMain.java:185)
	at com.kms.katalon.core.main.TestCaseMain$startTestSuite$0.call(Unknown Source)
	at TempTestSuite1645180643056.run(TempTestSuite1645180643056.groovy:36)]]></system-out>
      <system-err><![CDATA[2022-02-18 16:07:27 - [TEST_SUITE][ERROR] - healthcare-tests - TS_RegressionTest: Test Cases/Main Test Cases/TC20_Verify User Should Not Able To Select Past Date FAILED.
Reason:
org.codehaus.groovy.control.MultipleCompilationErrorsException: startup failed:
file:/C:/Users/LENOVO/git/CrossCountryKatalon/Scripts/Main%20Test%20Cases/TC20_Verify%20User%20Should%20Not%20Able%20To%20Select%20Past%20Date/Script1645178484754.groovy: 36: unable to resolve class SimpleDateFormat 
 @ line 36, column 18.
   SimpleDateFormat format = new SimpleDateFormat('yyyy-MM-dd')
                    ^

file:/C:/Users/LENOVO/git/CrossCountryKatalon/Scripts/Main%20Test%20Cases/TC20_Verify%20User%20Should%20Not%20Able%20To%20Select%20Past%20Date/Script1645178484754.groovy: 36: unable to resolve class SimpleDateFormat 
 @ line 36, column 27.
   SimpleDateFormat format = new SimpleDateFormat('yyyy-MM-dd')
                             ^

2 errors

	at com.kms.katalon.core.main.ScriptEngine.getScript(ScriptEngine.java:199)
	at com.kms.katalon.core.main.ScriptEngine.run(ScriptEngine.java:194)
	at com.kms.katalon.core.main.ScriptEngine.runScriptAsRawText(ScriptEngine.java:119)
	at com.kms.katalon.core.main.TestCaseExecutor.runScript(TestCaseExecutor.java:442)
	at com.kms.katalon.core.main.TestCaseExecutor.doExecute(TestCaseExecutor.java:433)
	at com.kms.katalon.core.main.TestCaseExecutor.processExecutionPhase(TestCaseExecutor.java:412)
	at com.kms.katalon.core.main.TestCaseExecutor.accessMainPhase(TestCaseExecutor.java:404)
	at com.kms.katalon.core.main.TestCaseExecutor.execute(TestCaseExecutor.java:281)
	at com.kms.katalon.core.main.TestSuiteExecutor.accessTestCaseMainPhase(TestSuiteExecutor.java:202)
	at com.kms.katalon.core.main.TestSuiteExecutor.accessTestSuiteMainPhase(TestSuiteExecutor.java:164)
	at com.kms.katalon.core.main.TestSuiteExecutor.execute(TestSuiteExecutor.java:105)
	at com.kms.katalon.core.main.TestCaseMain.startTestSuite(TestCaseMain.java:185)
	at com.kms.katalon.core.main.TestCaseMain$startTestSuite$0.call(Unknown Source)
	at TempTestSuite1645180643056.run(TempTestSuite1645180643056.groovy:36)]]></system-err>
   </testsuite>
</testsuites>
